# JRE version: OpenJDK Runtime Environment (11.0.13) (build 11.0.13+0-b1751.21-8125866)
# Java VM: OpenJDK 64-Bit Server VM (11.0.13+0-b1751.21-8125866, mixed mode, tiered, compressed oops, g1 gc, windows-amd64)
Heap:
 garbage-first heap   total 227328K, used 178285K [0x0000000080000000, 0x0000000100000000)
  region size 1024K, 80 young (81920K), 1 survivors (1024K)
 Metaspace       used 120294K, capacity 124011K, committed 124380K, reserved 1157120K
  class space    used 14705K, capacity 16116K, committed 16288K, reserved 1048576K
GC Heap History (20 events):
Event: 2789.620 GC heap before
{Heap before GC invocations=68 (full 0):
 garbage-first heap   total 227328K, used 109784K [0x0000000080000000, 0x0000000100000000)
  region size 1024K, 11 young (11264K), 1 survivors (1024K)
 Metaspace       used 120133K, capacity 123768K, committed 124124K, reserved 1157120K
  class space    used 14695K, capacity 16099K, committed 16288K, reserved 1048576K
}
Event: 2789.631 GC heap after
{Heap after GC invocations=69 (full 0):
 garbage-first heap   total 227328K, used 98593K [0x0000000080000000, 0x0000000100000000)
  region size 1024K, 1 young (1024K), 1 survivors (1024K)
 Metaspace       used 120133K, capacity 123768K, committed 124124K, reserved 1157120K
  class space    used 14695K, capacity 16099K, committed 16288K, reserved 1048576K
}
Event: 2790.356 GC heap before
{Heap before GC invocations=69 (full 0):
 garbage-first heap   total 227328K, used 183585K [0x0000000080000000, 0x0000000100000000)
  region size 1024K, 84 young (86016K), 1 survivors (1024K)
 Metaspace       used 120159K, capacity 123793K, committed 124124K, reserved 1157120K
  class space    used 14700K, capacity 16108K, committed 16288K, reserved 1048576K
}
Event: 2790.362 GC heap after
{Heap after GC invocations=70 (full 0):
 garbage-first heap   total 227328K, used 98234K [0x0000000080000000, 0x0000000100000000)
  region size 1024K, 1 young (1024K), 1 survivors (1024K)
 Metaspace       used 120159K, capacity 123793K, committed 124124K, reserved 1157120K
  class space    used 14700K, capacity 16108K, committed 16288K, reserved 1048576K
}
Event: 2791.525 GC heap before
{Heap before GC invocations=71 (full 0):
 garbage-first heap   total 227328K, used 185274K [0x0000000080000000, 0x0000000100000000)
  region size 1024K, 86 young (88064K), 1 survivors (1024K)
 Metaspace       used 120182K, capacity 123797K, committed 124124K, reserved 1157120K
  class space    used 14700K, capacity 16109K, committed 16288K, reserved 1048576K
}
Event: 2791.531 GC heap after
{Heap after GC invocations=72 (full 0):
 garbage-first heap   total 227328K, used 98248K [0x0000000080000000, 0x0000000100000000)
  region size 1024K, 1 young (1024K), 1 survivors (1024K)
 Metaspace       used 120182K, capacity 123797K, committed 124124K, reserved 1157120K
  class space    used 14700K, capacity 16109K, committed 16288K, reserved 1048576K
}
Event: 2791.590 GC heap before
{Heap before GC invocations=72 (full 0):
 garbage-first heap   total 227328K, used 108488K [0x0000000080000000, 0x0000000100000000)
  region size 1024K, 11 young (11264K), 1 survivors (1024K)
 Metaspace       used 120188K, capacity 123802K, committed 124124K, reserved 1157120K
  class space    used 14702K, capacity 16111K, committed 16288K, reserved 1048576K
}
Event: 2791.596 GC heap after
{Heap after GC invocations=73 (full 0):
 garbage-first heap   total 227328K, used 97594K [0x0000000080000000, 0x0000000100000000)
  region size 1024K, 1 young (1024K), 1 survivors (1024K)
 Metaspace       used 120188K, capacity 123802K, committed 124124K, reserved 1157120K
  class space    used 14702K, capacity 16111K, committed 16288K, reserved 1048576K
}
Event: 2792.523 GC heap before
{Heap before GC invocations=73 (full 0):
 garbage-first heap   total 227328K, used 186682K [0x0000000080000000, 0x0000000100000000)
  region size 1024K, 88 young (90112K), 1 survivors (1024K)
 Metaspace       used 120196K, capacity 123803K, committed 124124K, reserved 1157120K
  class space    used 14702K, capacity 16111K, committed 16288K, reserved 1048576K
}
Event: 2792.529 GC heap after
{Heap after GC invocations=74 (full 0):
 garbage-first heap   total 227328K, used 98197K [0x0000000080000000, 0x0000000100000000)
  region size 1024K, 2 young (2048K), 2 survivors (2048K)
 Metaspace       used 120196K, capacity 123803K, committed 124124K, reserved 1157120K
  class space    used 14702K, capacity 16111K, committed 16288K, reserved 1048576K
}
Event: 2793.822 GC heap before
{Heap before GC invocations=75 (full 0):
 garbage-first heap   total 227328K, used 188309K [0x0000000080000000, 0x0000000100000000)
  region size 1024K, 90 young (92160K), 2 survivors (2048K)
 Metaspace       used 120216K, capacity 123931K, committed 124380K, reserved 1157120K
  class space    used 14703K, capacity 16111K, committed 16288K, reserved 1048576K
}
Event: 2793.828 GC heap after
{Heap after GC invocations=76 (full 0):
 garbage-first heap   total 227328K, used 99296K [0x0000000080000000, 0x0000000100000000)
  region size 1024K, 3 young (3072K), 3 survivors (3072K)
 Metaspace       used 120216K, capacity 123931K, committed 124380K, reserved 1157120K
  class space    used 14703K, capacity 16111K, committed 16288K, reserved 1048576K
}
Event: 2793.899 GC heap before
{Heap before GC invocations=76 (full 0):
 garbage-first heap   total 227328K, used 107488K [0x0000000080000000, 0x0000000100000000)
  region size 1024K, 11 young (11264K), 3 survivors (3072K)
 Metaspace       used 120229K, capacity 123932K, committed 124380K, reserved 1157120K
  class space    used 14703K, capacity 16111K, committed 16288K, reserved 1048576K
}
Event: 2793.909 GC heap after
{Heap after GC invocations=77 (full 0):
 garbage-first heap   total 227328K, used 98958K [0x0000000080000000, 0x0000000100000000)
  region size 1024K, 2 young (2048K), 2 survivors (2048K)
 Metaspace       used 120229K, capacity 123932K, committed 124380K, reserved 1157120K
  class space    used 14703K, capacity 16111K, committed 16288K, reserved 1048576K
}
Event: 2794.634 GC heap before
{Heap before GC invocations=77 (full 0):
 garbage-first heap   total 227328K, used 189070K [0x0000000080000000, 0x0000000100000000)
  region size 1024K, 90 young (92160K), 2 survivors (2048K)
 Metaspace       used 120238K, capacity 123936K, committed 124380K, reserved 1157120K
  class space    used 14703K, capacity 16112K, committed 16288K, reserved 1048576K
}
Event: 2794.639 GC heap after
{Heap after GC invocations=78 (full 0):
 garbage-first heap   total 227328K, used 99380K [0x0000000080000000, 0x0000000100000000)
  region size 1024K, 2 young (2048K), 2 survivors (2048K)
 Metaspace       used 120238K, capacity 123936K, committed 124380K, reserved 1157120K
  class space    used 14703K, capacity 16112K, committed 16288K, reserved 1048576K
}
Event: 2795.771 GC heap before
{Heap before GC invocations=79 (full 0):
 garbage-first heap   total 227328K, used 190516K [0x0000000080000000, 0x0000000100000000)
  region size 1024K, 91 young (93184K), 2 survivors (2048K)
 Metaspace       used 120250K, capacity 123936K, committed 124380K, reserved 1157120K
  class space    used 14703K, capacity 16112K, committed 16288K, reserved 1048576K
}
Event: 2795.775 GC heap after
{Heap after GC invocations=80 (full 0):
 garbage-first heap   total 227328K, used 99214K [0x0000000080000000, 0x0000000100000000)
  region size 1024K, 2 young (2048K), 2 survivors (2048K)
 Metaspace       used 120250K, capacity 123936K, committed 124380K, reserved 1157120K
  class space    used 14703K, capacity 16112K, committed 16288K, reserved 1048576K
}
Event: 2795.912 GC heap before
{Heap before GC invocations=80 (full 0):
 garbage-first heap   total 227328K, used 108430K [0x0000000080000000, 0x0000000100000000)
  region size 1024K, 11 young (11264K), 2 survivors (2048K)
 Metaspace       used 120275K, capacity 123936K, committed 124380K, reserved 1157120K
  class space    used 14703K, capacity 16112K, committed 16288K, reserved 1048576K
}
Event: 2795.922 GC heap after
{Heap after GC invocations=81 (full 0):
 garbage-first heap   total 227328K, used 98413K [0x0000000080000000, 0x0000000100000000)
  region size 1024K, 1 young (1024K), 1 survivors (1024K)
 Metaspace       used 120275K, capacity 123936K, committed 124380K, reserved 1157120K
  class space    used 14703K, capacity 16112K, committed 16288K, reserved 1048576K
}

