# JRE version: OpenJDK Runtime Environment (11.0.13) (build 11.0.13+0-b1751.21-8125866)
# Java VM: OpenJDK 64-Bit Server VM (11.0.13+0-b1751.21-8125866, mixed mode, tiered, compressed oops, g1 gc, windows-amd64)
Heap:
 garbage-first heap   total 328704K, used 155172K [0x0000000080000000, 0x0000000100000000)
  region size 1024K, 32 young (32768K), 21 survivors (21504K)
 Metaspace       used 120236K, capacity 123711K, committed 123988K, reserved 1157120K
  class space    used 14796K, capacity 16096K, committed 16160K, reserved 1048576K
GC Heap History (20 events):
Event: 32.288 GC heap after
{Heap after GC invocations=40 (full 0):
 garbage-first heap   total 328704K, used 120475K [0x0000000080000000, 0x0000000100000000)
  region size 1024K, 8 young (8192K), 8 survivors (8192K)
 Metaspace       used 112261K, capacity 115257K, committed 115412K, reserved 1148928K
  class space    used 14107K, capacity 15255K, committed 15264K, reserved 1048576K
}
Event: 33.413 GC heap before
{Heap before GC invocations=40 (full 0):
 garbage-first heap   total 328704K, used 280219K [0x0000000080000000, 0x0000000100000000)
  region size 1024K, 165 young (168960K), 8 survivors (8192K)
 Metaspace       used 112451K, capacity 115433K, committed 115668K, reserved 1150976K
  class space    used 14113K, capacity 15262K, committed 15264K, reserved 1048576K
}
Event: 33.426 GC heap after
{Heap after GC invocations=41 (full 0):
 garbage-first heap   total 328704K, used 121365K [0x0000000080000000, 0x0000000100000000)
  region size 1024K, 9 young (9216K), 9 survivors (9216K)
 Metaspace       used 112451K, capacity 115433K, committed 115668K, reserved 1150976K
  class space    used 14113K, capacity 15262K, committed 15264K, reserved 1048576K
}
Event: 33.837 GC heap before
{Heap before GC invocations=41 (full 0):
 garbage-first heap   total 328704K, used 282133K [0x0000000080000000, 0x0000000100000000)
  region size 1024K, 166 young (169984K), 9 survivors (9216K)
 Metaspace       used 112460K, capacity 115498K, committed 115668K, reserved 1150976K
  class space    used 14113K, capacity 15262K, committed 15264K, reserved 1048576K
}
Event: 33.849 GC heap after
{Heap after GC invocations=42 (full 0):
 garbage-first heap   total 328704K, used 120720K [0x0000000080000000, 0x0000000100000000)
  region size 1024K, 8 young (8192K), 8 survivors (8192K)
 Metaspace       used 112460K, capacity 115498K, committed 115668K, reserved 1150976K
  class space    used 14113K, capacity 15262K, committed 15264K, reserved 1048576K
}
Event: 34.313 GC heap before
{Heap before GC invocations=42 (full 0):
 garbage-first heap   total 328704K, used 284560K [0x0000000080000000, 0x0000000100000000)
  region size 1024K, 168 young (172032K), 8 survivors (8192K)
 Metaspace       used 112481K, capacity 115511K, committed 115796K, reserved 1150976K
  class space    used 14116K, capacity 15267K, committed 15392K, reserved 1048576K
}
Event: 34.330 GC heap after
{Heap after GC invocations=43 (full 0):
 garbage-first heap   total 328704K, used 120672K [0x0000000080000000, 0x0000000100000000)
  region size 1024K, 8 young (8192K), 8 survivors (8192K)
 Metaspace       used 112481K, capacity 115511K, committed 115796K, reserved 1150976K
  class space    used 14116K, capacity 15267K, committed 15392K, reserved 1048576K
}
Event: 34.790 GC heap before
{Heap before GC invocations=43 (full 0):
 garbage-first heap   total 328704K, used 285536K [0x0000000080000000, 0x0000000100000000)
  region size 1024K, 169 young (173056K), 8 survivors (8192K)
 Metaspace       used 112494K, capacity 115516K, committed 115796K, reserved 1150976K
  class space    used 14117K, capacity 15268K, committed 15392K, reserved 1048576K
}
Event: 34.806 GC heap after
{Heap after GC invocations=44 (full 0):
 garbage-first heap   total 328704K, used 120987K [0x0000000080000000, 0x0000000100000000)
  region size 1024K, 8 young (8192K), 8 survivors (8192K)
 Metaspace       used 112494K, capacity 115516K, committed 115796K, reserved 1150976K
  class space    used 14117K, capacity 15268K, committed 15392K, reserved 1048576K
}
Event: 35.300 GC heap before
{Heap before GC invocations=44 (full 0):
 garbage-first heap   total 328704K, used 285851K [0x0000000080000000, 0x0000000100000000)
  region size 1024K, 169 young (173056K), 8 survivors (8192K)
 Metaspace       used 112499K, capacity 115516K, committed 115796K, reserved 1150976K
  class space    used 14117K, capacity 15268K, committed 15392K, reserved 1048576K
}
Event: 35.318 GC heap after
{Heap after GC invocations=45 (full 0):
 garbage-first heap   total 328704K, used 121376K [0x0000000080000000, 0x0000000100000000)
  region size 1024K, 9 young (9216K), 9 survivors (9216K)
 Metaspace       used 112499K, capacity 115516K, committed 115796K, reserved 1150976K
  class space    used 14117K, capacity 15268K, committed 15392K, reserved 1048576K
}
Event: 35.860 GC heap before
{Heap before GC invocations=45 (full 0):
 garbage-first heap   total 328704K, used 284192K [0x0000000080000000, 0x0000000100000000)
  region size 1024K, 168 young (172032K), 9 survivors (9216K)
 Metaspace       used 112501K, capacity 115516K, committed 115796K, reserved 1150976K
  class space    used 14117K, capacity 15268K, committed 15392K, reserved 1048576K
}
Event: 35.875 GC heap after
{Heap after GC invocations=46 (full 0):
 garbage-first heap   total 328704K, used 121381K [0x0000000080000000, 0x0000000100000000)
  region size 1024K, 9 young (9216K), 9 survivors (9216K)
 Metaspace       used 112501K, capacity 115516K, committed 115796K, reserved 1150976K
  class space    used 14117K, capacity 15268K, committed 15392K, reserved 1048576K
}
Event: 36.441 GC heap before
{Heap before GC invocations=46 (full 0):
 garbage-first heap   total 328704K, used 284197K [0x0000000080000000, 0x0000000100000000)
  region size 1024K, 168 young (172032K), 9 survivors (9216K)
 Metaspace       used 112508K, capacity 115520K, committed 115796K, reserved 1150976K
  class space    used 14117K, capacity 15269K, committed 15392K, reserved 1048576K
}
Event: 36.457 GC heap after
{Heap after GC invocations=47 (full 0):
 garbage-first heap   total 328704K, used 122011K [0x0000000080000000, 0x0000000100000000)
  region size 1024K, 9 young (9216K), 9 survivors (9216K)
 Metaspace       used 112508K, capacity 115520K, committed 115796K, reserved 1150976K
  class space    used 14117K, capacity 15269K, committed 15392K, reserved 1048576K
}
Event: 2042.549 GC heap before
{Heap before GC invocations=47 (full 0):
 garbage-first heap   total 328704K, used 308379K [0x0000000080000000, 0x0000000100000000)
  region size 1024K, 168 young (172032K), 9 survivors (9216K)
 Metaspace       used 115561K, capacity 118736K, committed 118996K, reserved 1153024K
  class space    used 14445K, capacity 15671K, committed 15776K, reserved 1048576K
}
Event: 2042.566 GC heap after
{Heap after GC invocations=48 (full 0):
 garbage-first heap   total 328704K, used 121413K [0x0000000080000000, 0x0000000100000000)
  region size 1024K, 9 young (9216K), 9 survivors (9216K)
 Metaspace       used 115561K, capacity 118736K, committed 118996K, reserved 1153024K
  class space    used 14445K, capacity 15671K, committed 15776K, reserved 1048576K
}
Event: 2095.683 GC heap before
{Heap before GC invocations=48 (full 0):
 garbage-first heap   total 328704K, used 292421K [0x0000000080000000, 0x0000000100000000)
  region size 1024K, 168 young (172032K), 9 survivors (9216K)
 Metaspace       used 120103K, capacity 123536K, committed 123732K, reserved 1157120K
  class space    used 14790K, capacity 16086K, committed 16160K, reserved 1048576K
}
Event: 2095.706 GC heap after
{Heap after GC invocations=49 (full 0):
 garbage-first heap   total 328704K, used 124949K [0x0000000080000000, 0x0000000100000000)
  region size 1024K, 12 young (12288K), 12 survivors (12288K)
 Metaspace       used 120103K, capacity 123536K, committed 123732K, reserved 1157120K
  class space    used 14790K, capacity 16086K, committed 16160K, reserved 1048576K
}
Event: 2097.217 GC heap before
{Heap before GC invocations=49 (full 0):
 garbage-first heap   total 328704K, used 281621K [0x0000000080000000, 0x0000000100000000)
  region size 1024K, 165 young (168960K), 12 survivors (12288K)
 Metaspace       used 120236K, capacity 123711K, committed 123988K, reserved 1157120K
  class space    used 14796K, capacity 16096K, committed 16160K, reserved 1048576K
}

