# JRE version: OpenJDK Runtime Environment (11.0.10) (build 11.0.10+0-b96-7249189)
# Java VM: OpenJDK 64-Bit Server VM (11.0.10+0-b96-7249189, mixed mode, tiered, compressed oops, g1 gc, windows-amd64)
Heap:
 garbage-first heap   total 369664K, used 292483K [0x0000000080000000, 0x0000000100000000)
  region size 1024K, 84 young (86016K), 5 survivors (5120K)
 Metaspace       used 150495K, capacity 154889K, committed 155052K, reserved 1183744K
  class space    used 18580K, capacity 20170K, committed 20224K, reserved 1048576K
GC Heap History (20 events):
Event: 1808.594 GC heap before
{Heap before GC invocations=56 (full 0):
 garbage-first heap   total 284672K, used 208367K [0x0000000080000000, 0x0000000100000000)
  region size 1024K, 37 young (37888K), 3 survivors (3072K)
 Metaspace       used 136249K, capacity 140104K, committed 140332K, reserved 1171456K
  class space    used 17027K, capacity 18441K, committed 18560K, reserved 1048576K
}
Event: 1808.618 GC heap after
{Heap after GC invocations=57 (full 0):
 garbage-first heap   total 284672K, used 178432K [0x0000000080000000, 0x0000000100000000)
  region size 1024K, 5 young (5120K), 5 survivors (5120K)
 Metaspace       used 136249K, capacity 140104K, committed 140332K, reserved 1171456K
  class space    used 17027K, capacity 18441K, committed 18560K, reserved 1048576K
}
Event: 1808.774 GC heap before
{Heap before GC invocations=57 (full 0):
 garbage-first heap   total 284672K, used 187648K [0x0000000080000000, 0x0000000100000000)
  region size 1024K, 13 young (13312K), 5 survivors (5120K)
 Metaspace       used 136396K, capacity 140297K, committed 140588K, reserved 1171456K
  class space    used 17037K, capacity 18451K, committed 18560K, reserved 1048576K
}
Event: 1808.810 GC heap after
{Heap after GC invocations=58 (full 0):
 garbage-first heap   total 284672K, used 167342K [0x0000000080000000, 0x0000000100000000)
  region size 1024K, 1 young (1024K), 1 survivors (1024K)
 Metaspace       used 136396K, capacity 140297K, committed 140588K, reserved 1171456K
  class space    used 17037K, capacity 18451K, committed 18560K, reserved 1048576K
}
Event: 1809.551 GC heap before
{Heap before GC invocations=58 (full 0):
 garbage-first heap   total 284672K, used 213422K [0x0000000080000000, 0x0000000100000000)
  region size 1024K, 43 young (44032K), 1 survivors (1024K)
 Metaspace       used 136644K, capacity 140535K, committed 140844K, reserved 1171456K
  class space    used 17062K, capacity 18486K, committed 18560K, reserved 1048576K
}
Event: 1809.568 GC heap after
{Heap after GC invocations=59 (full 0):
 garbage-first heap   total 284672K, used 179200K [0x0000000080000000, 0x0000000100000000)
  region size 1024K, 6 young (6144K), 6 survivors (6144K)
 Metaspace       used 136644K, capacity 140535K, committed 140844K, reserved 1171456K
  class space    used 17062K, capacity 18486K, committed 18560K, reserved 1048576K
}
Event: 1810.009 GC heap before
{Heap before GC invocations=59 (full 0):
 garbage-first heap   total 284672K, used 223232K [0x0000000080000000, 0x0000000100000000)
  region size 1024K, 46 young (47104K), 6 survivors (6144K)
 Metaspace       used 136759K, capacity 140691K, committed 140844K, reserved 1171456K
  class space    used 17062K, capacity 18486K, committed 18560K, reserved 1048576K
}
Event: 1810.020 GC heap after
{Heap after GC invocations=60 (full 0):
 garbage-first heap   total 369664K, used 182134K [0x0000000080000000, 0x0000000100000000)
  region size 1024K, 1 young (1024K), 1 survivors (1024K)
 Metaspace       used 136759K, capacity 140691K, committed 140844K, reserved 1171456K
  class space    used 17062K, capacity 18486K, committed 18560K, reserved 1048576K
}
Event: 1849.660 GC heap before
{Heap before GC invocations=60 (full 0):
 garbage-first heap   total 369664K, used 254838K [0x0000000080000000, 0x0000000100000000)
  region size 1024K, 73 young (74752K), 1 survivors (1024K)
 Metaspace       used 138039K, capacity 142043K, committed 142252K, reserved 1173504K
  class space    used 17197K, capacity 18675K, committed 18688K, reserved 1048576K
}
Event: 1849.675 GC heap after
{Heap after GC invocations=61 (full 0):
 garbage-first heap   total 369664K, used 185986K [0x0000000080000000, 0x0000000100000000)
  region size 1024K, 9 young (9216K), 9 survivors (9216K)
 Metaspace       used 138039K, capacity 142043K, committed 142252K, reserved 1173504K
  class space    used 17197K, capacity 18675K, committed 18688K, reserved 1048576K
}
Event: 1850.595 GC heap before
{Heap before GC invocations=61 (full 0):
 garbage-first heap   total 369664K, used 261762K [0x0000000080000000, 0x0000000100000000)
  region size 1024K, 84 young (86016K), 9 survivors (9216K)
 Metaspace       used 139260K, capacity 143282K, committed 143404K, reserved 1173504K
  class space    used 17324K, capacity 18767K, committed 18816K, reserved 1048576K
}
Event: 1850.611 GC heap after
{Heap after GC invocations=62 (full 0):
 garbage-first heap   total 369664K, used 188372K [0x0000000080000000, 0x0000000100000000)
  region size 1024K, 4 young (4096K), 4 survivors (4096K)
 Metaspace       used 139260K, capacity 143282K, committed 143404K, reserved 1173504K
  class space    used 17324K, capacity 18767K, committed 18816K, reserved 1048576K
}
Event: 1852.550 GC heap before
{Heap before GC invocations=62 (full 0):
 garbage-first heap   total 369664K, used 271316K [0x0000000080000000, 0x0000000100000000)
  region size 1024K, 84 young (86016K), 4 survivors (4096K)
 Metaspace       used 147664K, capacity 151986K, committed 152236K, reserved 1181696K
  class space    used 18333K, capacity 19870K, committed 19968K, reserved 1048576K
}
Event: 1852.568 GC heap after
{Heap after GC invocations=63 (full 0):
 garbage-first heap   total 369664K, used 199628K [0x0000000080000000, 0x0000000100000000)
  region size 1024K, 11 young (11264K), 11 survivors (11264K)
 Metaspace       used 147664K, capacity 151986K, committed 152236K, reserved 1181696K
  class space    used 18333K, capacity 19870K, committed 19968K, reserved 1048576K
}
Event: 1853.486 GC heap before
{Heap before GC invocations=63 (full 0):
 garbage-first heap   total 369664K, used 283596K [0x0000000080000000, 0x0000000100000000)
  region size 1024K, 90 young (92160K), 11 survivors (11264K)
 Metaspace       used 148151K, capacity 152505K, committed 152748K, reserved 1181696K
  class space    used 18381K, capacity 19920K, committed 19968K, reserved 1048576K
}
Event: 1853.514 GC heap after
{Heap after GC invocations=64 (full 0):
 garbage-first heap   total 369664K, used 211837K [0x0000000080000000, 0x0000000100000000)
  region size 1024K, 12 young (12288K), 12 survivors (12288K)
 Metaspace       used 148151K, capacity 152505K, committed 152748K, reserved 1181696K
  class space    used 18381K, capacity 19920K, committed 19968K, reserved 1048576K
}
Event: 1918.076 GC heap before
{Heap before GC invocations=64 (full 0):
 garbage-first heap   total 369664K, used 312189K [0x0000000080000000, 0x0000000100000000)
  region size 1024K, 86 young (88064K), 12 survivors (12288K)
 Metaspace       used 149512K, capacity 153875K, committed 154028K, reserved 1183744K
  class space    used 18544K, capacity 20110K, committed 20224K, reserved 1048576K
}
Event: 1918.089 GC heap after
{Heap after GC invocations=65 (full 0):
 garbage-first heap   total 369664K, used 206848K [0x0000000080000000, 0x0000000100000000)
  region size 1024K, 2 young (2048K), 2 survivors (2048K)
 Metaspace       used 149512K, capacity 153875K, committed 154028K, reserved 1183744K
  class space    used 18544K, capacity 20110K, committed 20224K, reserved 1048576K
}
Event: 2138.471 GC heap before
{Heap before GC invocations=65 (full 0):
 garbage-first heap   total 369664K, used 286720K [0x0000000080000000, 0x0000000100000000)
  region size 1024K, 81 young (82944K), 2 survivors (2048K)
 Metaspace       used 150065K, capacity 154590K, committed 154796K, reserved 1183744K
  class space    used 18570K, capacity 20157K, committed 20224K, reserved 1048576K
}
Event: 2138.489 GC heap after
{Heap after GC invocations=66 (full 0):
 garbage-first heap   total 369664K, used 209539K [0x0000000080000000, 0x0000000100000000)
  region size 1024K, 5 young (5120K), 5 survivors (5120K)
 Metaspace       used 150065K, capacity 154590K, committed 154796K, reserved 1183744K
  class space    used 18570K, capacity 20157K, committed 20224K, reserved 1048576K
}

