# JRE version: OpenJDK Runtime Environment (11.0.13) (build 11.0.13+0-b1751.21-8125866)
# Java VM: OpenJDK 64-Bit Server VM (11.0.13+0-b1751.21-8125866, mixed mode, tiered, compressed oops, g1 gc, windows-amd64)
Heap:
 garbage-first heap   total 549888K, used 254464K [0x0000000080000000, 0x0000000100000000)
  region size 1024K, 3 young (3072K), 3 survivors (3072K)
 Metaspace       used 137336K, capacity 141325K, committed 141616K, reserved 1173504K
  class space    used 17005K, capacity 18465K, committed 18560K, reserved 1048576K
GC Heap History (20 events):
Event: 1423.774 GC heap after
{Heap after GC invocations=110 (full 0):
 garbage-first heap   total 273408K, used 187798K [0x0000000080000000, 0x0000000100000000)
  region size 1024K, 3 young (3072K), 3 survivors (3072K)
 Metaspace       used 133049K, capacity 136692K, committed 136752K, reserved 1169408K
  class space    used 16489K, capacity 17788K, committed 17792K, reserved 1048576K
}
Event: 1424.181 GC heap before
{Heap before GC invocations=110 (full 0):
 garbage-first heap   total 273408K, used 236950K [0x0000000080000000, 0x0000000100000000)
  region size 1024K, 51 young (52224K), 3 survivors (3072K)
 Metaspace       used 133079K, capacity 136704K, committed 136752K, reserved 1169408K
  class space    used 16492K, capacity 17792K, committed 17792K, reserved 1048576K
}
Event: 1424.188 GC heap after
{Heap after GC invocations=111 (full 0):
 garbage-first heap   total 273408K, used 188094K [0x0000000080000000, 0x0000000100000000)
  region size 1024K, 3 young (3072K), 3 survivors (3072K)
 Metaspace       used 133079K, capacity 136704K, committed 136752K, reserved 1169408K
  class space    used 16492K, capacity 17792K, committed 17792K, reserved 1048576K
}
Event: 1424.461 GC heap before
{Heap before GC invocations=111 (full 0):
 garbage-first heap   total 273408K, used 237246K [0x0000000080000000, 0x0000000100000000)
  region size 1024K, 51 young (52224K), 3 survivors (3072K)
 Metaspace       used 133091K, capacity 136769K, committed 137008K, reserved 1169408K
  class space    used 16492K, capacity 17792K, committed 17792K, reserved 1048576K
}
Event: 1424.470 GC heap after
{Heap after GC invocations=112 (full 0):
 garbage-first heap   total 273408K, used 188243K [0x0000000080000000, 0x0000000100000000)
  region size 1024K, 3 young (3072K), 3 survivors (3072K)
 Metaspace       used 133091K, capacity 136769K, committed 137008K, reserved 1169408K
  class space    used 16492K, capacity 17792K, committed 17792K, reserved 1048576K
}
Event: 1424.793 GC heap before
{Heap before GC invocations=112 (full 0):
 garbage-first heap   total 273408K, used 238419K [0x0000000080000000, 0x0000000100000000)
  region size 1024K, 52 young (53248K), 3 survivors (3072K)
 Metaspace       used 133443K, capacity 137105K, committed 137392K, reserved 1169408K
  class space    used 16542K, capacity 17860K, committed 17920K, reserved 1048576K
}
Event: 1424.800 GC heap after
{Heap after GC invocations=113 (full 0):
 garbage-first heap   total 273408K, used 188523K [0x0000000080000000, 0x0000000100000000)
  region size 1024K, 3 young (3072K), 3 survivors (3072K)
 Metaspace       used 133443K, capacity 137105K, committed 137392K, reserved 1169408K
  class space    used 16542K, capacity 17860K, committed 17920K, reserved 1048576K
}
Event: 1425.763 GC heap before
{Heap before GC invocations=113 (full 0):
 garbage-first heap   total 273408K, used 249963K [0x0000000080000000, 0x0000000100000000)
  region size 1024K, 52 young (53248K), 3 survivors (3072K)
 Metaspace       used 135460K, capacity 139310K, committed 139568K, reserved 1171456K
  class space    used 16787K, capacity 18180K, committed 18304K, reserved 1048576K
}
Event: 1425.773 GC heap after
{Heap after GC invocations=114 (full 0):
 garbage-first heap   total 273408K, used 198468K [0x0000000080000000, 0x0000000100000000)
  region size 1024K, 6 young (6144K), 6 survivors (6144K)
 Metaspace       used 135460K, capacity 139310K, committed 139568K, reserved 1171456K
  class space    used 16787K, capacity 18180K, committed 18304K, reserved 1048576K
}
Event: 1426.015 GC heap before
{Heap before GC invocations=114 (full 0):
 garbage-first heap   total 273408K, used 243524K [0x0000000080000000, 0x0000000100000000)
  region size 1024K, 45 young (46080K), 6 survivors (6144K)
 Metaspace       used 135660K, capacity 139449K, committed 139824K, reserved 1171456K
  class space    used 16798K, capacity 18183K, committed 18304K, reserved 1048576K
}
Event: 1426.042 GC heap after
{Heap after GC invocations=115 (full 0):
 garbage-first heap   total 273408K, used 209677K [0x0000000080000000, 0x0000000100000000)
  region size 1024K, 6 young (6144K), 6 survivors (6144K)
 Metaspace       used 135660K, capacity 139449K, committed 139824K, reserved 1171456K
  class space    used 16798K, capacity 18183K, committed 18304K, reserved 1048576K
}
Event: 1426.301 GC heap before
{Heap before GC invocations=115 (full 0):
 garbage-first heap   total 273408K, used 235277K [0x0000000080000000, 0x0000000100000000)
  region size 1024K, 31 young (31744K), 6 survivors (6144K)
 Metaspace       used 136139K, capacity 139977K, committed 140080K, reserved 1171456K
  class space    used 16862K, capacity 18275K, committed 18304K, reserved 1048576K
}
Event: 1426.327 GC heap after
{Heap after GC invocations=116 (full 0):
 garbage-first heap   total 328704K, used 218508K [0x0000000080000000, 0x0000000100000000)
  region size 1024K, 4 young (4096K), 4 survivors (4096K)
 Metaspace       used 136139K, capacity 139977K, committed 140080K, reserved 1171456K
  class space    used 16862K, capacity 18275K, committed 18304K, reserved 1048576K
}
Event: 1426.631 GC heap before
{Heap before GC invocations=116 (full 0):
 garbage-first heap   total 328704K, used 260492K [0x0000000080000000, 0x0000000100000000)
  region size 1024K, 45 young (46080K), 4 survivors (4096K)
 Metaspace       used 136426K, capacity 140285K, committed 140464K, reserved 1171456K
  class space    used 16891K, capacity 18311K, committed 18432K, reserved 1048576K
}
Event: 1426.683 GC heap after
{Heap after GC invocations=117 (full 0):
 garbage-first heap   total 328704K, used 239389K [0x0000000080000000, 0x0000000100000000)
  region size 1024K, 6 young (6144K), 6 survivors (6144K)
 Metaspace       used 136426K, capacity 140285K, committed 140464K, reserved 1171456K
  class space    used 16891K, capacity 18311K, committed 18432K, reserved 1048576K
}
Event: 1426.953 GC heap before
{Heap before GC invocations=117 (full 0):
 garbage-first heap   total 328704K, used 269085K [0x0000000080000000, 0x0000000100000000)
  region size 1024K, 35 young (35840K), 6 survivors (6144K)
 Metaspace       used 137025K, capacity 140846K, committed 140976K, reserved 1171456K
  class space    used 16975K, capacity 18393K, committed 18432K, reserved 1048576K
}
Event: 1426.975 GC heap after
{Heap after GC invocations=118 (full 0):
 garbage-first heap   total 328704K, used 246784K [0x0000000080000000, 0x0000000100000000)
  region size 1024K, 5 young (5120K), 5 survivors (5120K)
 Metaspace       used 137025K, capacity 140846K, committed 140976K, reserved 1171456K
  class space    used 16975K, capacity 18393K, committed 18432K, reserved 1048576K
}
Event: 1427.189 GC heap before
{Heap before GC invocations=118 (full 0):
 garbage-first heap   total 328704K, used 272384K [0x0000000080000000, 0x0000000100000000)
  region size 1024K, 31 young (31744K), 5 survivors (5120K)
 Metaspace       used 137318K, capacity 141325K, committed 141616K, reserved 1173504K
  class space    used 17005K, capacity 18465K, committed 18560K, reserved 1048576K
}
Event: 1427.203 GC heap after
{Heap after GC invocations=119 (full 0):
 garbage-first heap   total 328704K, used 250873K [0x0000000080000000, 0x0000000100000000)
  region size 1024K, 4 young (4096K), 4 survivors (4096K)
 Metaspace       used 137318K, capacity 141325K, committed 141616K, reserved 1173504K
  class space    used 17005K, capacity 18465K, committed 18560K, reserved 1048576K
}
Event: 1427.399 GC heap before
{Heap before GC invocations=119 (full 0):
 garbage-first heap   total 328704K, used 278521K [0x0000000080000000, 0x0000000100000000)
  region size 1024K, 29 young (29696K), 4 survivors (4096K)
 Metaspace       used 137336K, capacity 141325K, committed 141616K, reserved 1173504K
  class space    used 17005K, capacity 18465K, committed 18560K, reserved 1048576K
}

