# JRE version: OpenJDK Runtime Environment (11.0.10) (build 11.0.10+0-b96-7249189)
# Java VM: OpenJDK 64-Bit Server VM (11.0.10+0-b96-7249189, mixed mode, tiered, compressed oops, g1 gc, windows-amd64)
Heap:
 garbage-first heap   total 273408K, used 210605K [0x0000000080000000, 0x0000000100000000)
  region size 1024K, 110 young (112640K), 5 survivors (5120K)
 Metaspace       used 106265K, capacity 108956K, committed 109184K, reserved 1144832K
  class space    used 13410K, capacity 14416K, committed 14464K, reserved 1048576K
GC Heap History (20 events):
Event: 46.926 GC heap before
{Heap before GC invocations=44 (full 0):
 garbage-first heap   total 227328K, used 180992K [0x0000000080000000, 0x0000000100000000)
  region size 1024K, 81 young (82944K), 1 survivors (1024K)
 Metaspace       used 105738K, capacity 108401K, committed 108672K, reserved 1142784K
  class space    used 13384K, capacity 14387K, committed 14464K, reserved 1048576K
}
Event: 46.930 GC heap after
{Heap after GC invocations=45 (full 0):
 garbage-first heap   total 227328K, used 99493K [0x0000000080000000, 0x0000000100000000)
  region size 1024K, 2 young (2048K), 2 survivors (2048K)
 Metaspace       used 105738K, capacity 108401K, committed 108672K, reserved 1142784K
  class space    used 13384K, capacity 14387K, committed 14464K, reserved 1048576K
}
Event: 47.403 GC heap before
{Heap before GC invocations=45 (full 0):
 garbage-first heap   total 227328K, used 182437K [0x0000000080000000, 0x0000000100000000)
  region size 1024K, 83 young (84992K), 2 survivors (2048K)
 Metaspace       used 105766K, capacity 108465K, committed 108672K, reserved 1142784K
  class space    used 13384K, capacity 14387K, committed 14464K, reserved 1048576K
}
Event: 47.409 GC heap after
{Heap after GC invocations=46 (full 0):
 garbage-first heap   total 227328K, used 100417K [0x0000000080000000, 0x0000000100000000)
  region size 1024K, 3 young (3072K), 3 survivors (3072K)
 Metaspace       used 105766K, capacity 108465K, committed 108672K, reserved 1142784K
  class space    used 13384K, capacity 14387K, committed 14464K, reserved 1048576K
}
Event: 47.883 GC heap before
{Heap before GC invocations=46 (full 0):
 garbage-first heap   total 227328K, used 186433K [0x0000000080000000, 0x0000000100000000)
  region size 1024K, 88 young (90112K), 3 survivors (3072K)
 Metaspace       used 105811K, capacity 108472K, committed 108672K, reserved 1142784K
  class space    used 13385K, capacity 14388K, committed 14464K, reserved 1048576K
}
Event: 47.892 GC heap after
{Heap after GC invocations=47 (full 0):
 garbage-first heap   total 227328K, used 101055K [0x0000000080000000, 0x0000000100000000)
  region size 1024K, 3 young (3072K), 3 survivors (3072K)
 Metaspace       used 105811K, capacity 108472K, committed 108672K, reserved 1142784K
  class space    used 13385K, capacity 14388K, committed 14464K, reserved 1048576K
}
Event: 48.523 GC heap before
{Heap before GC invocations=47 (full 0):
 garbage-first heap   total 227328K, used 190143K [0x0000000080000000, 0x0000000100000000)
  region size 1024K, 90 young (92160K), 3 survivors (3072K)
 Metaspace       used 105862K, capacity 108544K, committed 108672K, reserved 1142784K
  class space    used 13391K, capacity 14388K, committed 14464K, reserved 1048576K
}
Event: 48.528 GC heap after
{Heap after GC invocations=48 (full 0):
 garbage-first heap   total 227328K, used 100216K [0x0000000080000000, 0x0000000100000000)
  region size 1024K, 2 young (2048K), 2 survivors (2048K)
 Metaspace       used 105862K, capacity 108544K, committed 108672K, reserved 1142784K
  class space    used 13391K, capacity 14388K, committed 14464K, reserved 1048576K
}
Event: 48.968 GC heap before
{Heap before GC invocations=48 (full 0):
 garbage-first heap   total 227328K, used 191352K [0x0000000080000000, 0x0000000100000000)
  region size 1024K, 91 young (93184K), 2 survivors (2048K)
 Metaspace       used 105895K, capacity 108545K, committed 108672K, reserved 1142784K
  class space    used 13391K, capacity 14388K, committed 14464K, reserved 1048576K
}
Event: 48.978 GC heap after
{Heap after GC invocations=49 (full 0):
 garbage-first heap   total 227328K, used 103901K [0x0000000080000000, 0x0000000100000000)
  region size 1024K, 6 young (6144K), 6 survivors (6144K)
 Metaspace       used 105895K, capacity 108545K, committed 108672K, reserved 1142784K
  class space    used 13391K, capacity 14388K, committed 14464K, reserved 1048576K
}
Event: 49.439 GC heap before
{Heap before GC invocations=49 (full 0):
 garbage-first heap   total 227328K, used 191965K [0x0000000080000000, 0x0000000100000000)
  region size 1024K, 92 young (94208K), 6 survivors (6144K)
 Metaspace       used 105923K, capacity 108553K, committed 108672K, reserved 1142784K
  class space    used 13393K, capacity 14391K, committed 14464K, reserved 1048576K
}
Event: 49.451 GC heap after
{Heap after GC invocations=50 (full 0):
 garbage-first heap   total 227328K, used 102755K [0x0000000080000000, 0x0000000100000000)
  region size 1024K, 5 young (5120K), 5 survivors (5120K)
 Metaspace       used 105923K, capacity 108553K, committed 108672K, reserved 1142784K
  class space    used 13393K, capacity 14391K, committed 14464K, reserved 1048576K
}
Event: 50.240 GC heap before
{Heap before GC invocations=50 (full 0):
 garbage-first heap   total 227328K, used 192867K [0x0000000080000000, 0x0000000100000000)
  region size 1024K, 93 young (95232K), 5 survivors (5120K)
 Metaspace       used 105953K, capacity 108642K, committed 108928K, reserved 1144832K
  class space    used 13397K, capacity 14398K, committed 14464K, reserved 1048576K
}
Event: 50.252 GC heap after
{Heap after GC invocations=51 (full 0):
 garbage-first heap   total 273408K, used 102946K [0x0000000080000000, 0x0000000100000000)
  region size 1024K, 5 young (5120K), 5 survivors (5120K)
 Metaspace       used 105953K, capacity 108642K, committed 108928K, reserved 1144832K
  class space    used 13397K, capacity 14398K, committed 14464K, reserved 1048576K
}
Event: 52.410 GC heap before
{Heap before GC invocations=51 (full 0):
 garbage-first heap   total 273408K, used 212514K [0x0000000080000000, 0x0000000100000000)
  region size 1024K, 112 young (114688K), 5 survivors (5120K)
 Metaspace       used 105992K, capacity 108651K, committed 108928K, reserved 1144832K
  class space    used 13401K, capacity 14400K, committed 14464K, reserved 1048576K
}
Event: 52.418 GC heap after
{Heap after GC invocations=52 (full 0):
 garbage-first heap   total 273408K, used 102122K [0x0000000080000000, 0x0000000100000000)
  region size 1024K, 4 young (4096K), 4 survivors (4096K)
 Metaspace       used 105992K, capacity 108651K, committed 108928K, reserved 1144832K
  class space    used 13401K, capacity 14400K, committed 14464K, reserved 1048576K
}
Event: 54.688 GC heap before
{Heap before GC invocations=52 (full 0):
 garbage-first heap   total 273408K, used 231146K [0x0000000080000000, 0x0000000100000000)
  region size 1024K, 130 young (133120K), 4 survivors (4096K)
 Metaspace       used 106042K, capacity 108668K, committed 108928K, reserved 1144832K
  class space    used 13403K, capacity 14404K, committed 14464K, reserved 1048576K
}
Event: 54.698 GC heap after
{Heap after GC invocations=53 (full 0):
 garbage-first heap   total 273408K, used 101455K [0x0000000080000000, 0x0000000100000000)
  region size 1024K, 4 young (4096K), 4 survivors (4096K)
 Metaspace       used 106042K, capacity 108668K, committed 108928K, reserved 1144832K
  class space    used 13403K, capacity 14404K, committed 14464K, reserved 1048576K
}
Event: 55.996 GC heap before
{Heap before GC invocations=53 (full 0):
 garbage-first heap   total 273408K, used 232527K [0x0000000080000000, 0x0000000100000000)
  region size 1024K, 132 young (135168K), 4 survivors (4096K)
 Metaspace       used 106060K, capacity 108733K, committed 108928K, reserved 1144832K
  class space    used 13403K, capacity 14404K, committed 14464K, reserved 1048576K
}
Event: 56.009 GC heap after
{Heap after GC invocations=54 (full 0):
 garbage-first heap   total 273408K, used 103085K [0x0000000080000000, 0x0000000100000000)
  region size 1024K, 5 young (5120K), 5 survivors (5120K)
 Metaspace       used 106060K, capacity 108733K, committed 108928K, reserved 1144832K
  class space    used 13403K, capacity 14404K, committed 14464K, reserved 1048576K
}

