# JRE version: OpenJDK Runtime Environment (11.0.10) (build 11.0.10+0-b96-7249189)
# Java VM: OpenJDK 64-Bit Server VM (11.0.10+0-b96-7249189, mixed mode, tiered, compressed oops, g1 gc, windows-amd64)
Heap:
 garbage-first heap   total 131072K, used 75494K [0x0000000080000000, 0x0000000100000000)
  region size 1024K, 20 young (20480K), 6 survivors (6144K)
 Metaspace       used 80156K, capacity 82158K, committed 82432K, reserved 1120256K
  class space    used 10447K, capacity 11177K, committed 11264K, reserved 1048576K
GC Heap History (20 events):
Event: 29.214 GC heap before
{Heap before GC invocations=8 (full 0):
 garbage-first heap   total 131072K, used 86574K [0x0000000080000000, 0x0000000100000000)
  region size 1024K, 67 young (68608K), 7 survivors (7168K)
 Metaspace       used 39663K, capacity 40567K, committed 40832K, reserved 1085440K
  class space    used 5066K, capacity 5390K, committed 5504K, reserved 1048576K
}
Event: 29.229 GC heap after
{Heap after GC invocations=9 (full 0):
 garbage-first heap   total 131072K, used 27668K [0x0000000080000000, 0x0000000100000000)
  region size 1024K, 9 young (9216K), 9 survivors (9216K)
 Metaspace       used 39663K, capacity 40567K, committed 40832K, reserved 1085440K
  class space    used 5066K, capacity 5390K, committed 5504K, reserved 1048576K
}
Event: 31.133 GC heap before
{Heap before GC invocations=9 (full 0):
 garbage-first heap   total 131072K, used 90132K [0x0000000080000000, 0x0000000100000000)
  region size 1024K, 69 young (70656K), 9 survivors (9216K)
 Metaspace       used 45113K, capacity 46271K, committed 46464K, reserved 1089536K
  class space    used 5796K, capacity 6221K, committed 6272K, reserved 1048576K
}
Event: 31.152 GC heap after
{Heap after GC invocations=10 (full 0):
 garbage-first heap   total 131072K, used 29696K [0x0000000080000000, 0x0000000100000000)
  region size 1024K, 3 young (3072K), 3 survivors (3072K)
 Metaspace       used 45113K, capacity 46271K, committed 46464K, reserved 1089536K
  class space    used 5796K, capacity 6221K, committed 6272K, reserved 1048576K
}
Event: 59.043 GC heap before
{Heap before GC invocations=10 (full 0):
 garbage-first heap   total 131072K, used 96256K [0x0000000080000000, 0x0000000100000000)
  region size 1024K, 65 young (66560K), 3 survivors (3072K)
 Metaspace       used 48779K, capacity 50054K, committed 50176K, reserved 1093632K
  class space    used 6213K, capacity 6650K, committed 6656K, reserved 1048576K
}
Event: 59.056 GC heap after
{Heap after GC invocations=11 (full 0):
 garbage-first heap   total 131072K, used 41984K [0x0000000080000000, 0x0000000100000000)
  region size 1024K, 9 young (9216K), 9 survivors (9216K)
 Metaspace       used 48779K, capacity 50054K, committed 50176K, reserved 1093632K
  class space    used 6213K, capacity 6650K, committed 6656K, reserved 1048576K
}
Event: 61.816 GC heap before
{Heap before GC invocations=11 (full 0):
 garbage-first heap   total 131072K, used 97280K [0x0000000080000000, 0x0000000100000000)
  region size 1024K, 63 young (64512K), 9 survivors (9216K)
 Metaspace       used 56579K, capacity 58008K, committed 58240K, reserved 1099776K
  class space    used 7179K, capacity 7720K, committed 7808K, reserved 1048576K
}
Event: 61.831 GC heap after
{Heap after GC invocations=12 (full 0):
 garbage-first heap   total 131072K, used 43821K [0x0000000080000000, 0x0000000100000000)
  region size 1024K, 3 young (3072K), 3 survivors (3072K)
 Metaspace       used 56579K, capacity 58008K, committed 58240K, reserved 1099776K
  class space    used 7179K, capacity 7720K, committed 7808K, reserved 1048576K
}
Event: 62.441 GC heap before
{Heap before GC invocations=12 (full 0):
 garbage-first heap   total 131072K, used 53037K [0x0000000080000000, 0x0000000100000000)
  region size 1024K, 13 young (13312K), 3 survivors (3072K)
 Metaspace       used 58538K, capacity 60007K, committed 60160K, reserved 1101824K
  class space    used 7414K, capacity 7960K, committed 8064K, reserved 1048576K
}
Event: 62.450 GC heap after
{Heap after GC invocations=13 (full 0):
 garbage-first heap   total 131072K, used 44756K [0x0000000080000000, 0x0000000100000000)
  region size 1024K, 4 young (4096K), 4 survivors (4096K)
 Metaspace       used 58538K, capacity 60007K, committed 60160K, reserved 1101824K
  class space    used 7414K, capacity 7960K, committed 8064K, reserved 1048576K
}
Event: 64.435 GC heap before
{Heap before GC invocations=14 (full 0):
 garbage-first heap   total 131072K, used 99028K [0x0000000080000000, 0x0000000100000000)
  region size 1024K, 57 young (58368K), 4 survivors (4096K)
 Metaspace       used 63375K, capacity 64898K, committed 65024K, reserved 1105920K
  class space    used 8051K, capacity 8595K, committed 8704K, reserved 1048576K
}
Event: 64.449 GC heap after
{Heap after GC invocations=15 (full 0):
 garbage-first heap   total 131072K, used 48636K [0x0000000080000000, 0x0000000100000000)
  region size 1024K, 7 young (7168K), 7 survivors (7168K)
 Metaspace       used 63375K, capacity 64898K, committed 65024K, reserved 1105920K
  class space    used 8051K, capacity 8595K, committed 8704K, reserved 1048576K
}
Event: 66.492 GC heap before
{Heap before GC invocations=16 (full 0):
 garbage-first heap   total 131072K, used 100860K [0x0000000080000000, 0x0000000100000000)
  region size 1024K, 58 young (59392K), 7 survivors (7168K)
 Metaspace       used 67874K, capacity 69516K, committed 69760K, reserved 1110016K
  class space    used 8775K, capacity 9321K, committed 9344K, reserved 1048576K
}
Event: 66.508 GC heap after
{Heap after GC invocations=17 (full 0):
 garbage-first heap   total 131072K, used 53406K [0x0000000080000000, 0x0000000100000000)
  region size 1024K, 5 young (5120K), 5 survivors (5120K)
 Metaspace       used 67874K, capacity 69516K, committed 69760K, reserved 1110016K
  class space    used 8775K, capacity 9321K, committed 9344K, reserved 1048576K
}
Event: 68.654 GC heap before
{Heap before GC invocations=17 (full 0):
 garbage-first heap   total 131072K, used 102558K [0x0000000080000000, 0x0000000100000000)
  region size 1024K, 53 young (54272K), 5 survivors (5120K)
 Metaspace       used 72043K, capacity 73668K, committed 73856K, reserved 1114112K
  class space    used 9365K, capacity 9985K, committed 10112K, reserved 1048576K
}
Event: 68.666 GC heap after
{Heap after GC invocations=18 (full 0):
 garbage-first heap   total 131072K, used 56494K [0x0000000080000000, 0x0000000100000000)
  region size 1024K, 4 young (4096K), 4 survivors (4096K)
 Metaspace       used 72043K, capacity 73668K, committed 73856K, reserved 1114112K
  class space    used 9365K, capacity 9985K, committed 10112K, reserved 1048576K
}
Event: 70.641 GC heap before
{Heap before GC invocations=18 (full 0):
 garbage-first heap   total 131072K, used 104622K [0x0000000080000000, 0x0000000100000000)
  region size 1024K, 51 young (52224K), 4 survivors (4096K)
 Metaspace       used 77585K, capacity 79413K, committed 79488K, reserved 1118208K
  class space    used 10176K, capacity 10874K, committed 10880K, reserved 1048576K
}
Event: 70.651 GC heap after
{Heap after GC invocations=19 (full 0):
 garbage-first heap   total 131072K, used 59473K [0x0000000080000000, 0x0000000100000000)
  region size 1024K, 7 young (7168K), 7 survivors (7168K)
 Metaspace       used 77585K, capacity 79413K, committed 79488K, reserved 1118208K
  class space    used 10176K, capacity 10874K, committed 10880K, reserved 1048576K
}
Event: 72.584 GC heap before
{Heap before GC invocations=19 (full 0):
 garbage-first heap   total 131072K, used 104529K [0x0000000080000000, 0x0000000100000000)
  region size 1024K, 52 young (53248K), 7 survivors (7168K)
 Metaspace       used 79199K, capacity 81198K, committed 81536K, reserved 1120256K
  class space    used 10311K, capacity 11049K, committed 11136K, reserved 1048576K
}
Event: 72.597 GC heap after
{Heap after GC invocations=20 (full 0):
 garbage-first heap   total 131072K, used 62182K [0x0000000080000000, 0x0000000100000000)
  region size 1024K, 6 young (6144K), 6 survivors (6144K)
 Metaspace       used 79199K, capacity 81198K, committed 81536K, reserved 1120256K
  class space    used 10311K, capacity 11049K, committed 11136K, reserved 1048576K
}

