# JRE version: OpenJDK Runtime Environment (11.0.13) (build 11.0.13+0-b1751.21-8125866)
# Java VM: OpenJDK 64-Bit Server VM (11.0.13+0-b1751.21-8125866, mixed mode, tiered, compressed oops, g1 gc, windows-amd64)
Heap:
 garbage-first heap   total 131072K, used 69630K [0x0000000080000000, 0x0000000100000000)
  region size 1024K, 49 young (50176K), 4 survivors (4096K)
 Metaspace       used 38720K, capacity 39624K, committed 39888K, reserved 1083392K
  class space    used 4852K, capacity 5187K, committed 5248K, reserved 1048576K
GC Heap History (16 events):
Event: 11.434 GC heap before
{Heap before GC invocations=0 (full 0):
 garbage-first heap   total 131072K, used 19456K [0x0000000080000000, 0x0000000100000000)
  region size 1024K, 14 young (14336K), 0 survivors (0K)
 Metaspace       used 6778K, capacity 6985K, committed 7168K, reserved 1056768K
  class space    used 576K, capacity 650K, committed 768K, reserved 1048576K
}
Event: 11.440 GC heap after
{Heap after GC invocations=1 (full 0):
 garbage-first heap   total 131072K, used 7624K [0x0000000080000000, 0x0000000100000000)
  region size 1024K, 2 young (2048K), 2 survivors (2048K)
 Metaspace       used 6778K, capacity 6985K, committed 7168K, reserved 1056768K
  class space    used 576K, capacity 650K, committed 768K, reserved 1048576K
}
Event: 12.200 GC heap before
{Heap before GC invocations=1 (full 0):
 garbage-first heap   total 131072K, used 18888K [0x0000000080000000, 0x0000000100000000)
  region size 1024K, 13 young (13312K), 2 survivors (2048K)
 Metaspace       used 10237K, capacity 10453K, committed 10624K, reserved 1058816K
  class space    used 1048K, capacity 1107K, committed 1152K, reserved 1048576K
}
Event: 12.204 GC heap after
{Heap after GC invocations=2 (full 0):
 garbage-first heap   total 131072K, used 9477K [0x0000000080000000, 0x0000000100000000)
  region size 1024K, 2 young (2048K), 2 survivors (2048K)
 Metaspace       used 10237K, capacity 10453K, committed 10624K, reserved 1058816K
  class space    used 1048K, capacity 1107K, committed 1152K, reserved 1048576K
}
Event: 20.947 GC heap before
{Heap before GC invocations=2 (full 0):
 garbage-first heap   total 131072K, used 38149K [0x0000000080000000, 0x0000000100000000)
  region size 1024K, 29 young (29696K), 2 survivors (2048K)
 Metaspace       used 11174K, capacity 11502K, committed 11776K, reserved 1060864K
  class space    used 1148K, capacity 1243K, committed 1280K, reserved 1048576K
}
Event: 20.952 GC heap after
{Heap after GC invocations=3 (full 0):
 garbage-first heap   total 131072K, used 13230K [0x0000000080000000, 0x0000000100000000)
  region size 1024K, 4 young (4096K), 4 survivors (4096K)
 Metaspace       used 11174K, capacity 11502K, committed 11776K, reserved 1060864K
  class space    used 1148K, capacity 1243K, committed 1280K, reserved 1048576K
}
Event: 30.706 GC heap before
{Heap before GC invocations=3 (full 0):
 garbage-first heap   total 131072K, used 53166K [0x0000000080000000, 0x0000000100000000)
  region size 1024K, 44 young (45056K), 4 survivors (4096K)
 Metaspace       used 17634K, capacity 18056K, committed 18304K, reserved 1064960K
  class space    used 2032K, capacity 2142K, committed 2176K, reserved 1048576K
}
Event: 30.716 GC heap after
{Heap after GC invocations=4 (full 0):
 garbage-first heap   total 131072K, used 16156K [0x0000000080000000, 0x0000000100000000)
  region size 1024K, 6 young (6144K), 6 survivors (6144K)
 Metaspace       used 17634K, capacity 18056K, committed 18304K, reserved 1064960K
  class space    used 2032K, capacity 2142K, committed 2176K, reserved 1048576K
}
Event: 31.244 GC heap before
{Heap before GC invocations=4 (full 0):
 garbage-first heap   total 131072K, used 40732K [0x0000000080000000, 0x0000000100000000)
  region size 1024K, 32 young (32768K), 6 survivors (6144K)
 Metaspace       used 20633K, capacity 21184K, committed 21296K, reserved 1069056K
  class space    used 2474K, capacity 2658K, committed 2688K, reserved 1048576K
}
Event: 31.254 GC heap after
{Heap after GC invocations=5 (full 0):
 garbage-first heap   total 131072K, used 16921K [0x0000000080000000, 0x0000000100000000)
  region size 1024K, 5 young (5120K), 5 survivors (5120K)
 Metaspace       used 20633K, capacity 21184K, committed 21296K, reserved 1069056K
  class space    used 2474K, capacity 2658K, committed 2688K, reserved 1048576K
}
Event: 32.509 GC heap before
{Heap before GC invocations=6 (full 0):
 garbage-first heap   total 131072K, used 66073K [0x0000000080000000, 0x0000000100000000)
  region size 1024K, 53 young (54272K), 5 survivors (5120K)
 Metaspace       used 25685K, capacity 26324K, committed 26544K, reserved 1073152K
  class space    used 3308K, capacity 3504K, committed 3584K, reserved 1048576K
}
Event: 32.517 GC heap after
{Heap after GC invocations=7 (full 0):
 garbage-first heap   total 131072K, used 18616K [0x0000000080000000, 0x0000000100000000)
  region size 1024K, 3 young (3072K), 3 survivors (3072K)
 Metaspace       used 25685K, capacity 26324K, committed 26544K, reserved 1073152K
  class space    used 3308K, capacity 3504K, committed 3584K, reserved 1048576K
}
Event: 34.775 GC heap before
{Heap before GC invocations=7 (full 0):
 garbage-first heap   total 131072K, used 75960K [0x0000000080000000, 0x0000000100000000)
  region size 1024K, 59 young (60416K), 3 survivors (3072K)
 Metaspace       used 34143K, capacity 34906K, committed 35120K, reserved 1079296K
  class space    used 4371K, capacity 4666K, committed 4736K, reserved 1048576K
}
Event: 34.786 GC heap after
{Heap after GC invocations=8 (full 0):
 garbage-first heap   total 131072K, used 22048K [0x0000000080000000, 0x0000000100000000)
  region size 1024K, 6 young (6144K), 6 survivors (6144K)
 Metaspace       used 34143K, capacity 34906K, committed 35120K, reserved 1079296K
  class space    used 4371K, capacity 4666K, committed 4736K, reserved 1048576K
}
Event: 35.002 GC heap before
{Heap before GC invocations=8 (full 0):
 garbage-first heap   total 131072K, used 26144K [0x0000000080000000, 0x0000000100000000)
  region size 1024K, 11 young (11264K), 6 survivors (6144K)
 Metaspace       used 35070K, capacity 35790K, committed 35920K, reserved 1081344K
  class space    used 4473K, capacity 4768K, committed 4864K, reserved 1048576K
}
Event: 35.019 GC heap after
{Heap after GC invocations=9 (full 0):
 garbage-first heap   total 131072K, used 22526K [0x0000000080000000, 0x0000000100000000)
  region size 1024K, 4 young (4096K), 4 survivors (4096K)
 Metaspace       used 35070K, capacity 35790K, committed 35920K, reserved 1081344K
  class space    used 4473K, capacity 4768K, committed 4864K, reserved 1048576K
}

