# JRE version: OpenJDK Runtime Environment (11.0.13) (build 11.0.13+0-b1751.21-8125866)
# Java VM: OpenJDK 64-Bit Server VM (11.0.13+0-b1751.21-8125866, mixed mode, tiered, compressed oops, g1 gc, windows-amd64)
Heap:
 garbage-first heap   total 157696K, used 125657K [0x0000000080000000, 0x0000000100000000)
  region size 1024K, 34 young (34816K), 2 survivors (2048K)
 Metaspace       used 96528K, capacity 99030K, committed 99152K, reserved 1134592K
  class space    used 12385K, capacity 13296K, committed 13312K, reserved 1048576K
GC Heap History (20 events):
Event: 67.943 GC heap before
{Heap before GC invocations=48 (full 0):
 garbage-first heap   total 157696K, used 133792K [0x0000000080000000, 0x0000000100000000)
  region size 1024K, 42 young (43008K), 2 survivors (2048K)
 Metaspace       used 96310K, capacity 98805K, committed 98896K, reserved 1134592K
  class space    used 12375K, capacity 13289K, committed 13312K, reserved 1048576K
}
Event: 67.946 GC heap after
{Heap after GC invocations=49 (full 0):
 garbage-first heap   total 157696K, used 92334K [0x0000000080000000, 0x0000000100000000)
  region size 1024K, 1 young (1024K), 1 survivors (1024K)
 Metaspace       used 96310K, capacity 98805K, committed 98896K, reserved 1134592K
  class space    used 12375K, capacity 13289K, committed 13312K, reserved 1048576K
}
Event: 68.349 GC heap before
{Heap before GC invocations=49 (full 0):
 garbage-first heap   total 157696K, used 134318K [0x0000000080000000, 0x0000000100000000)
  region size 1024K, 42 young (43008K), 1 survivors (1024K)
 Metaspace       used 96328K, capacity 98811K, committed 98896K, reserved 1134592K
  class space    used 12377K, capacity 13291K, committed 13312K, reserved 1048576K
}
Event: 68.352 GC heap after
{Heap after GC invocations=50 (full 0):
 garbage-first heap   total 157696K, used 92561K [0x0000000080000000, 0x0000000100000000)
  region size 1024K, 1 young (1024K), 1 survivors (1024K)
 Metaspace       used 96328K, capacity 98811K, committed 98896K, reserved 1134592K
  class space    used 12377K, capacity 13291K, committed 13312K, reserved 1048576K
}
Event: 68.943 GC heap before
{Heap before GC invocations=51 (full 0):
 garbage-first heap   total 157696K, used 134545K [0x0000000080000000, 0x0000000100000000)
  region size 1024K, 42 young (43008K), 1 survivors (1024K)
 Metaspace       used 96345K, capacity 98876K, committed 99152K, reserved 1134592K
  class space    used 12377K, capacity 13291K, committed 13312K, reserved 1048576K
}
Event: 68.947 GC heap after
{Heap after GC invocations=52 (full 0):
 garbage-first heap   total 157696K, used 92912K [0x0000000080000000, 0x0000000100000000)
  region size 1024K, 2 young (2048K), 2 survivors (2048K)
 Metaspace       used 96345K, capacity 98876K, committed 99152K, reserved 1134592K
  class space    used 12377K, capacity 13291K, committed 13312K, reserved 1048576K
}
Event: 69.216 GC heap before
{Heap before GC invocations=52 (full 0):
 garbage-first heap   total 157696K, used 134896K [0x0000000080000000, 0x0000000100000000)
  region size 1024K, 43 young (44032K), 2 survivors (2048K)
 Metaspace       used 96379K, capacity 98878K, committed 99152K, reserved 1134592K
  class space    used 12382K, capacity 13291K, committed 13312K, reserved 1048576K
}
Event: 69.220 GC heap after
{Heap after GC invocations=53 (full 0):
 garbage-first heap   total 157696K, used 92947K [0x0000000080000000, 0x0000000100000000)
  region size 1024K, 2 young (2048K), 2 survivors (2048K)
 Metaspace       used 96379K, capacity 98878K, committed 99152K, reserved 1134592K
  class space    used 12382K, capacity 13291K, committed 13312K, reserved 1048576K
}
Event: 69.646 GC heap before
{Heap before GC invocations=54 (full 0):
 garbage-first heap   total 157696K, used 134931K [0x0000000080000000, 0x0000000100000000)
  region size 1024K, 43 young (44032K), 2 survivors (2048K)
 Metaspace       used 96396K, capacity 98879K, committed 99152K, reserved 1134592K
  class space    used 12382K, capacity 13291K, committed 13312K, reserved 1048576K
}
Event: 69.651 GC heap after
{Heap after GC invocations=55 (full 0):
 garbage-first heap   total 157696K, used 93093K [0x0000000080000000, 0x0000000100000000)
  region size 1024K, 2 young (2048K), 2 survivors (2048K)
 Metaspace       used 96396K, capacity 98879K, committed 99152K, reserved 1134592K
  class space    used 12382K, capacity 13291K, committed 13312K, reserved 1048576K
}
Event: 69.990 GC heap before
{Heap before GC invocations=55 (full 0):
 garbage-first heap   total 157696K, used 135077K [0x0000000080000000, 0x0000000100000000)
  region size 1024K, 43 young (44032K), 2 survivors (2048K)
 Metaspace       used 96429K, capacity 98946K, committed 99152K, reserved 1134592K
  class space    used 12382K, capacity 13291K, committed 13312K, reserved 1048576K
}
Event: 69.993 GC heap after
{Heap after GC invocations=56 (full 0):
 garbage-first heap   total 157696K, used 93337K [0x0000000080000000, 0x0000000100000000)
  region size 1024K, 2 young (2048K), 2 survivors (2048K)
 Metaspace       used 96429K, capacity 98946K, committed 99152K, reserved 1134592K
  class space    used 12382K, capacity 13291K, committed 13312K, reserved 1048576K
}
Event: 70.420 GC heap before
{Heap before GC invocations=57 (full 0):
 garbage-first heap   total 157696K, used 136345K [0x0000000080000000, 0x0000000100000000)
  region size 1024K, 44 young (45056K), 2 survivors (2048K)
 Metaspace       used 96439K, capacity 98951K, committed 99152K, reserved 1134592K
  class space    used 12383K, capacity 13292K, committed 13312K, reserved 1048576K
}
Event: 70.426 GC heap after
{Heap after GC invocations=58 (full 0):
 garbage-first heap   total 157696K, used 93626K [0x0000000080000000, 0x0000000100000000)
  region size 1024K, 2 young (2048K), 2 survivors (2048K)
 Metaspace       used 96439K, capacity 98951K, committed 99152K, reserved 1134592K
  class space    used 12383K, capacity 13292K, committed 13312K, reserved 1048576K
}
Event: 70.653 GC heap before
{Heap before GC invocations=58 (full 0):
 garbage-first heap   total 157696K, used 136634K [0x0000000080000000, 0x0000000100000000)
  region size 1024K, 44 young (45056K), 2 survivors (2048K)
 Metaspace       used 96451K, capacity 98951K, committed 99152K, reserved 1134592K
  class space    used 12383K, capacity 13292K, committed 13312K, reserved 1048576K
}
Event: 70.657 GC heap after
{Heap after GC invocations=59 (full 0):
 garbage-first heap   total 157696K, used 93626K [0x0000000080000000, 0x0000000100000000)
  region size 1024K, 2 young (2048K), 2 survivors (2048K)
 Metaspace       used 96451K, capacity 98951K, committed 99152K, reserved 1134592K
  class space    used 12383K, capacity 13292K, committed 13312K, reserved 1048576K
}
Event: 71.054 GC heap before
{Heap before GC invocations=59 (full 0):
 garbage-first heap   total 157696K, used 136634K [0x0000000080000000, 0x0000000100000000)
  region size 1024K, 44 young (45056K), 2 survivors (2048K)
 Metaspace       used 96456K, capacity 98951K, committed 99152K, reserved 1134592K
  class space    used 12383K, capacity 13292K, committed 13312K, reserved 1048576K
}
Event: 71.059 GC heap after
{Heap after GC invocations=60 (full 0):
 garbage-first heap   total 157696K, used 93530K [0x0000000080000000, 0x0000000100000000)
  region size 1024K, 2 young (2048K), 2 survivors (2048K)
 Metaspace       used 96456K, capacity 98951K, committed 99152K, reserved 1134592K
  class space    used 12383K, capacity 13292K, committed 13312K, reserved 1048576K
}
Event: 71.404 GC heap before
{Heap before GC invocations=61 (full 0):
 garbage-first heap   total 157696K, used 136538K [0x0000000080000000, 0x0000000100000000)
  region size 1024K, 44 young (45056K), 2 survivors (2048K)
 Metaspace       used 96495K, capacity 99018K, committed 99152K, reserved 1134592K
  class space    used 12383K, capacity 13292K, committed 13312K, reserved 1048576K
}
Event: 71.408 GC heap after
{Heap after GC invocations=62 (full 0):
 garbage-first heap   total 157696K, used 93728K [0x0000000080000000, 0x0000000100000000)
  region size 1024K, 2 young (2048K), 2 survivors (2048K)
 Metaspace       used 96495K, capacity 99018K, committed 99152K, reserved 1134592K
  class space    used 12383K, capacity 13292K, committed 13312K, reserved 1048576K
}

