# JRE version: OpenJDK Runtime Environment (11.0.13) (build 11.0.13+0-b1751.21-8125866)
# Java VM: OpenJDK 64-Bit Server VM (11.0.13+0-b1751.21-8125866, mixed mode, tiered, compressed oops, g1 gc, windows-amd64)
Heap:
 garbage-first heap   total 279552K, used 201722K [0x0000000080000000, 0x0000000100000000)
  region size 1024K, 16 young (16384K), 8 survivors (8192K)
 Metaspace       used 134813K, capacity 138843K, committed 139184K, reserved 1171456K
  class space    used 16657K, capacity 18050K, committed 18176K, reserved 1048576K
GC Heap History (20 events):
Event: 604.835 GC heap before
{Heap before GC invocations=102 (full 0):
 garbage-first heap   total 279552K, used 243712K [0x0000000080000000, 0x0000000100000000)
  region size 1024K, 61 young (62464K), 4 survivors (4096K)
 Metaspace       used 128398K, capacity 132313K, committed 132400K, reserved 1165312K
  class space    used 15885K, capacity 17218K, committed 17280K, reserved 1048576K
}
Event: 604.842 GC heap after
{Heap after GC invocations=103 (full 0):
 garbage-first heap   total 279552K, used 185584K [0x0000000080000000, 0x0000000100000000)
  region size 1024K, 5 young (5120K), 5 survivors (5120K)
 Metaspace       used 128398K, capacity 132313K, committed 132400K, reserved 1165312K
  class space    used 15885K, capacity 17218K, committed 17280K, reserved 1048576K
}
Event: 605.395 GC heap before
{Heap before GC invocations=103 (full 0):
 garbage-first heap   total 279552K, used 243952K [0x0000000080000000, 0x0000000100000000)
  region size 1024K, 62 young (63488K), 5 survivors (5120K)
 Metaspace       used 128538K, capacity 132382K, committed 132656K, reserved 1165312K
  class space    used 15893K, capacity 17218K, committed 17280K, reserved 1048576K
}
Event: 605.407 GC heap after
{Heap after GC invocations=104 (full 0):
 garbage-first heap   total 279552K, used 186155K [0x0000000080000000, 0x0000000100000000)
  region size 1024K, 5 young (5120K), 5 survivors (5120K)
 Metaspace       used 128538K, capacity 132382K, committed 132656K, reserved 1165312K
  class space    used 15893K, capacity 17218K, committed 17280K, reserved 1048576K
}
Event: 605.784 GC heap before
{Heap before GC invocations=104 (full 0):
 garbage-first heap   total 279552K, used 244523K [0x0000000080000000, 0x0000000100000000)
  region size 1024K, 62 young (63488K), 5 survivors (5120K)
 Metaspace       used 128592K, capacity 132487K, committed 132656K, reserved 1165312K
  class space    used 15902K, capacity 17232K, committed 17280K, reserved 1048576K
}
Event: 605.792 GC heap after
{Heap after GC invocations=105 (full 0):
 garbage-first heap   total 279552K, used 186236K [0x0000000080000000, 0x0000000100000000)
  region size 1024K, 5 young (5120K), 5 survivors (5120K)
 Metaspace       used 128592K, capacity 132487K, committed 132656K, reserved 1165312K
  class space    used 15902K, capacity 17232K, committed 17280K, reserved 1048576K
}
Event: 606.374 GC heap before
{Heap before GC invocations=105 (full 0):
 garbage-first heap   total 279552K, used 244604K [0x0000000080000000, 0x0000000100000000)
  region size 1024K, 62 young (63488K), 5 survivors (5120K)
 Metaspace       used 128604K, capacity 132488K, committed 132656K, reserved 1165312K
  class space    used 15902K, capacity 17232K, committed 17280K, reserved 1048576K
}
Event: 606.382 GC heap after
{Heap after GC invocations=106 (full 0):
 garbage-first heap   total 279552K, used 187250K [0x0000000080000000, 0x0000000100000000)
  region size 1024K, 6 young (6144K), 6 survivors (6144K)
 Metaspace       used 128604K, capacity 132488K, committed 132656K, reserved 1165312K
  class space    used 15902K, capacity 17232K, committed 17280K, reserved 1048576K
}
Event: 607.013 GC heap before
{Heap before GC invocations=106 (full 0):
 garbage-first heap   total 279552K, used 243570K [0x0000000080000000, 0x0000000100000000)
  region size 1024K, 61 young (62464K), 6 survivors (6144K)
 Metaspace       used 128615K, capacity 132553K, committed 132656K, reserved 1165312K
  class space    used 15902K, capacity 17232K, committed 17280K, reserved 1048576K
}
Event: 607.019 GC heap after
{Heap after GC invocations=107 (full 0):
 garbage-first heap   total 279552K, used 186362K [0x0000000080000000, 0x0000000100000000)
  region size 1024K, 2 young (2048K), 2 survivors (2048K)
 Metaspace       used 128615K, capacity 132553K, committed 132656K, reserved 1165312K
  class space    used 15902K, capacity 17232K, committed 17280K, reserved 1048576K
}
Event: 607.869 GC heap before
{Heap before GC invocations=107 (full 0):
 garbage-first heap   total 279552K, used 244730K [0x0000000080000000, 0x0000000100000000)
  region size 1024K, 60 young (61440K), 2 survivors (2048K)
 Metaspace       used 129958K, capacity 133912K, committed 134064K, reserved 1165312K
  class space    used 16077K, capacity 17408K, committed 17408K, reserved 1048576K
}
Event: 607.879 GC heap after
{Heap after GC invocations=108 (full 0):
 garbage-first heap   total 279552K, used 186479K [0x0000000080000000, 0x0000000100000000)
  region size 1024K, 3 young (3072K), 3 survivors (3072K)
 Metaspace       used 129958K, capacity 133912K, committed 134064K, reserved 1165312K
  class space    used 16077K, capacity 17408K, committed 17408K, reserved 1048576K
}
Event: 609.133 GC heap before
{Heap before GC invocations=108 (full 0):
 garbage-first heap   total 279552K, used 245871K [0x0000000080000000, 0x0000000100000000)
  region size 1024K, 61 young (62464K), 3 survivors (3072K)
 Metaspace       used 129973K, capacity 133916K, committed 134192K, reserved 1165312K
  class space    used 16078K, capacity 17409K, committed 17536K, reserved 1048576K
}
Event: 609.137 GC heap after
{Heap after GC invocations=109 (full 0):
 garbage-first heap   total 279552K, used 186984K [0x0000000080000000, 0x0000000100000000)
  region size 1024K, 3 young (3072K), 3 survivors (3072K)
 Metaspace       used 129973K, capacity 133916K, committed 134192K, reserved 1165312K
  class space    used 16078K, capacity 17409K, committed 17536K, reserved 1048576K
}
Event: 609.762 GC heap before
{Heap before GC invocations=109 (full 0):
 garbage-first heap   total 279552K, used 246376K [0x0000000080000000, 0x0000000100000000)
  region size 1024K, 61 young (62464K), 3 survivors (3072K)
 Metaspace       used 130386K, capacity 134435K, committed 134704K, reserved 1167360K
  class space    used 16133K, capacity 17516K, committed 17536K, reserved 1048576K
}
Event: 609.768 GC heap after
{Heap after GC invocations=110 (full 0):
 garbage-first heap   total 279552K, used 187325K [0x0000000080000000, 0x0000000100000000)
  region size 1024K, 3 young (3072K), 3 survivors (3072K)
 Metaspace       used 130386K, capacity 134435K, committed 134704K, reserved 1167360K
  class space    used 16133K, capacity 17516K, committed 17536K, reserved 1048576K
}
Event: 610.248 GC heap before
{Heap before GC invocations=110 (full 0):
 garbage-first heap   total 279552K, used 245693K [0x0000000080000000, 0x0000000100000000)
  region size 1024K, 61 young (62464K), 3 survivors (3072K)
 Metaspace       used 132963K, capacity 136930K, committed 137136K, reserved 1169408K
  class space    used 16457K, capacity 17815K, committed 17920K, reserved 1048576K
}
Event: 610.256 GC heap after
{Heap after GC invocations=111 (full 0):
 garbage-first heap   total 279552K, used 187773K [0x0000000080000000, 0x0000000100000000)
  region size 1024K, 4 young (4096K), 4 survivors (4096K)
 Metaspace       used 132963K, capacity 136930K, committed 137136K, reserved 1169408K
  class space    used 16457K, capacity 17815K, committed 17920K, reserved 1048576K
}
Event: 610.803 GC heap before
{Heap before GC invocations=111 (full 0):
 garbage-first heap   total 279552K, used 245117K [0x0000000080000000, 0x0000000100000000)
  region size 1024K, 61 young (62464K), 4 survivors (4096K)
 Metaspace       used 134662K, capacity 138688K, committed 138800K, reserved 1169408K
  class space    used 16645K, capacity 18041K, committed 18048K, reserved 1048576K
}
Event: 610.810 GC heap after
{Heap after GC invocations=112 (full 0):
 garbage-first heap   total 279552K, used 188834K [0x0000000080000000, 0x0000000100000000)
  region size 1024K, 5 young (5120K), 5 survivors (5120K)
 Metaspace       used 134662K, capacity 138688K, committed 138800K, reserved 1169408K
  class space    used 16645K, capacity 18041K, committed 18048K, reserved 1048576K
}

