# JRE version: OpenJDK Runtime Environment (11.0.13) (build 11.0.13+0-b1751.21-8125866)
# Java VM: OpenJDK 64-Bit Server VM (11.0.13+0-b1751.21-8125866, mixed mode, tiered, compressed oops, g1 gc, windows-amd64)
Heap:
 garbage-first heap   total 189440K, used 97124K [0x0000000080000000, 0x0000000100000000)
  region size 1024K, 4 young (4096K), 2 survivors (2048K)
 Metaspace       used 115324K, capacity 118620K, committed 118832K, reserved 1153024K
  class space    used 14340K, capacity 15550K, committed 15616K, reserved 1048576K
GC Heap History (20 events):
Event: 3958.521 GC heap before
{Heap before GC invocations=52 (full 0):
 garbage-first heap   total 189440K, used 153529K [0x0000000080000000, 0x0000000100000000)
  region size 1024K, 56 young (57344K), 2 survivors (2048K)
 Metaspace       used 114994K, capacity 118300K, committed 118576K, reserved 1153024K
  class space    used 14325K, capacity 15536K, committed 15616K, reserved 1048576K
}
Event: 3958.523 GC heap after
{Heap after GC invocations=53 (full 0):
 garbage-first heap   total 189440K, used 96982K [0x0000000080000000, 0x0000000100000000)
  region size 1024K, 1 young (1024K), 1 survivors (1024K)
 Metaspace       used 114994K, capacity 118300K, committed 118576K, reserved 1153024K
  class space    used 14325K, capacity 15536K, committed 15616K, reserved 1048576K
}
Event: 3959.194 GC heap before
{Heap before GC invocations=54 (full 0):
 garbage-first heap   total 189440K, used 155350K [0x0000000080000000, 0x0000000100000000)
  region size 1024K, 58 young (59392K), 1 survivors (1024K)
 Metaspace       used 115093K, capacity 118369K, committed 118576K, reserved 1153024K
  class space    used 14325K, capacity 15536K, committed 15616K, reserved 1048576K
}
Event: 3959.199 GC heap after
{Heap after GC invocations=55 (full 0):
 garbage-first heap   total 189440K, used 97838K [0x0000000080000000, 0x0000000100000000)
  region size 1024K, 2 young (2048K), 2 survivors (2048K)
 Metaspace       used 115093K, capacity 118369K, committed 118576K, reserved 1153024K
  class space    used 14325K, capacity 15536K, committed 15616K, reserved 1048576K
}
Event: 3959.334 GC heap before
{Heap before GC invocations=55 (full 0):
 garbage-first heap   total 189440K, used 105006K [0x0000000080000000, 0x0000000100000000)
  region size 1024K, 9 young (9216K), 2 survivors (2048K)
 Metaspace       used 115106K, capacity 118373K, committed 118576K, reserved 1153024K
  class space    used 14326K, capacity 15537K, committed 15616K, reserved 1048576K
}
Event: 3959.342 GC heap after
{Heap after GC invocations=56 (full 0):
 garbage-first heap   total 189440K, used 95878K [0x0000000080000000, 0x0000000100000000)
  region size 1024K, 1 young (1024K), 1 survivors (1024K)
 Metaspace       used 115106K, capacity 118373K, committed 118576K, reserved 1153024K
  class space    used 14326K, capacity 15537K, committed 15616K, reserved 1048576K
}
Event: 3960.146 GC heap before
{Heap before GC invocations=56 (full 0):
 garbage-first heap   total 189440K, used 155270K [0x0000000080000000, 0x0000000100000000)
  region size 1024K, 59 young (60416K), 1 survivors (1024K)
 Metaspace       used 115138K, capacity 118444K, committed 118576K, reserved 1153024K
  class space    used 14327K, capacity 15539K, committed 15616K, reserved 1048576K
}
Event: 3960.151 GC heap after
{Heap after GC invocations=57 (full 0):
 garbage-first heap   total 189440K, used 96117K [0x0000000080000000, 0x0000000100000000)
  region size 1024K, 1 young (1024K), 1 survivors (1024K)
 Metaspace       used 115138K, capacity 118444K, committed 118576K, reserved 1153024K
  class space    used 14327K, capacity 15539K, committed 15616K, reserved 1048576K
}
Event: 3960.830 GC heap before
{Heap before GC invocations=57 (full 0):
 garbage-first heap   total 189440K, used 156533K [0x0000000080000000, 0x0000000100000000)
  region size 1024K, 60 young (61440K), 1 survivors (1024K)
 Metaspace       used 115202K, capacity 118474K, committed 118576K, reserved 1153024K
  class space    used 14336K, capacity 15545K, committed 15616K, reserved 1048576K
}
Event: 3960.832 GC heap after
{Heap after GC invocations=58 (full 0):
 garbage-first heap   total 189440K, used 96387K [0x0000000080000000, 0x0000000100000000)
  region size 1024K, 1 young (1024K), 1 survivors (1024K)
 Metaspace       used 115202K, capacity 118474K, committed 118576K, reserved 1153024K
  class space    used 14336K, capacity 15545K, committed 15616K, reserved 1048576K
}
Event: 3961.306 GC heap before
{Heap before GC invocations=58 (full 0):
 garbage-first heap   total 189440K, used 157827K [0x0000000080000000, 0x0000000100000000)
  region size 1024K, 61 young (62464K), 1 survivors (1024K)
 Metaspace       used 115235K, capacity 118474K, committed 118576K, reserved 1153024K
  class space    used 14337K, capacity 15545K, committed 15616K, reserved 1048576K
}
Event: 3961.309 GC heap after
{Heap after GC invocations=59 (full 0):
 garbage-first heap   total 189440K, used 96551K [0x0000000080000000, 0x0000000100000000)
  region size 1024K, 1 young (1024K), 1 survivors (1024K)
 Metaspace       used 115235K, capacity 118474K, committed 118576K, reserved 1153024K
  class space    used 14337K, capacity 15545K, committed 15616K, reserved 1048576K
}
Event: 3961.767 GC heap before
{Heap before GC invocations=59 (full 0):
 garbage-first heap   total 189440K, used 159015K [0x0000000080000000, 0x0000000100000000)
  region size 1024K, 62 young (63488K), 1 survivors (1024K)
 Metaspace       used 115259K, capacity 118539K, committed 118832K, reserved 1153024K
  class space    used 14337K, capacity 15545K, committed 15616K, reserved 1048576K
}
Event: 3961.772 GC heap after
{Heap after GC invocations=60 (full 0):
 garbage-first heap   total 189440K, used 96835K [0x0000000080000000, 0x0000000100000000)
  region size 1024K, 2 young (2048K), 2 survivors (2048K)
 Metaspace       used 115259K, capacity 118539K, committed 118832K, reserved 1153024K
  class space    used 14337K, capacity 15545K, committed 15616K, reserved 1048576K
}
Event: 3962.325 GC heap before
{Heap before GC invocations=61 (full 0):
 garbage-first heap   total 189440K, used 159299K [0x0000000080000000, 0x0000000100000000)
  region size 1024K, 63 young (64512K), 2 survivors (2048K)
 Metaspace       used 115270K, capacity 118543K, committed 118832K, reserved 1153024K
  class space    used 14337K, capacity 15546K, committed 15616K, reserved 1048576K
}
Event: 3962.333 GC heap after
{Heap after GC invocations=62 (full 0):
 garbage-first heap   total 189440K, used 97007K [0x0000000080000000, 0x0000000100000000)
  region size 1024K, 2 young (2048K), 2 survivors (2048K)
 Metaspace       used 115270K, capacity 118543K, committed 118832K, reserved 1153024K
  class space    used 14337K, capacity 15546K, committed 15616K, reserved 1048576K
}
Event: 3962.376 GC heap before
{Heap before GC invocations=62 (full 0):
 garbage-first heap   total 189440K, used 104175K [0x0000000080000000, 0x0000000100000000)
  region size 1024K, 9 young (9216K), 2 survivors (2048K)
 Metaspace       used 115276K, capacity 118543K, committed 118832K, reserved 1153024K
  class space    used 14337K, capacity 15546K, committed 15616K, reserved 1048576K
}
Event: 3962.384 GC heap after
{Heap after GC invocations=63 (full 0):
 garbage-first heap   total 189440K, used 95337K [0x0000000080000000, 0x0000000100000000)
  region size 1024K, 1 young (1024K), 1 survivors (1024K)
 Metaspace       used 115276K, capacity 118543K, committed 118832K, reserved 1153024K
  class space    used 14337K, capacity 15546K, committed 15616K, reserved 1048576K
}
Event: 3962.870 GC heap before
{Heap before GC invocations=63 (full 0):
 garbage-first heap   total 189440K, used 158825K [0x0000000080000000, 0x0000000100000000)
  region size 1024K, 63 young (64512K), 1 survivors (1024K)
 Metaspace       used 115283K, capacity 118544K, committed 118832K, reserved 1153024K
  class space    used 14337K, capacity 15546K, committed 15616K, reserved 1048576K
}
Event: 3962.877 GC heap after
{Heap after GC invocations=64 (full 0):
 garbage-first heap   total 189440K, used 95477K [0x0000000080000000, 0x0000000100000000)
  region size 1024K, 1 young (1024K), 1 survivors (1024K)
 Metaspace       used 115283K, capacity 118544K, committed 118832K, reserved 1153024K
  class space    used 14337K, capacity 15546K, committed 15616K, reserved 1048576K
}

