# JRE version: OpenJDK Runtime Environment (11.0.13) (build 11.0.13+0-b1751.21-8125866)
# Java VM: OpenJDK 64-Bit Server VM (11.0.13+0-b1751.21-8125866, mixed mode, tiered, compressed oops, g1 gc, windows-amd64)
Heap:
 garbage-first heap   total 227328K, used 89722K [0x0000000080000000, 0x0000000100000000)
  region size 1024K, 34 young (34816K), 11 survivors (11264K)
 Metaspace       used 84382K, capacity 86597K, committed 86864K, reserved 1124352K
  class space    used 10808K, capacity 11609K, committed 11680K, reserved 1048576K
GC Heap History (20 events):
Event: 3.971 GC heap before
{Heap before GC invocations=6 (full 0):
 garbage-first heap   total 131072K, used 65658K [0x0000000080000000, 0x0000000100000000)
  region size 1024K, 48 young (49152K), 1 survivors (1024K)
 Metaspace       used 25623K, capacity 26212K, committed 26492K, reserved 1073152K
  class space    used 3304K, capacity 3504K, committed 3532K, reserved 1048576K
}
Event: 3.977 GC heap after
{Heap after GC invocations=7 (full 0):
 garbage-first heap   total 157696K, used 19084K [0x0000000080000000, 0x0000000100000000)
  region size 1024K, 3 young (3072K), 3 survivors (3072K)
 Metaspace       used 25623K, capacity 26212K, committed 26492K, reserved 1073152K
  class space    used 3304K, capacity 3504K, committed 3532K, reserved 1048576K
}
Event: 5.313 GC heap before
{Heap before GC invocations=7 (full 0):
 garbage-first heap   total 157696K, used 79500K [0x0000000080000000, 0x0000000100000000)
  region size 1024K, 63 young (64512K), 3 survivors (3072K)
 Metaspace       used 34787K, capacity 35614K, committed 35708K, reserved 1081344K
  class space    used 4465K, capacity 4768K, committed 4812K, reserved 1048576K
}
Event: 5.322 GC heap after
{Heap after GC invocations=8 (full 0):
 garbage-first heap   total 157696K, used 22859K [0x0000000080000000, 0x0000000100000000)
  region size 1024K, 7 young (7168K), 7 survivors (7168K)
 Metaspace       used 34787K, capacity 35614K, committed 35708K, reserved 1081344K
  class space    used 4465K, capacity 4768K, committed 4812K, reserved 1048576K
}
Event: 5.377 GC heap before
{Heap before GC invocations=8 (full 0):
 garbage-first heap   total 157696K, used 22859K [0x0000000080000000, 0x0000000100000000)
  region size 1024K, 8 young (8192K), 7 survivors (7168K)
 Metaspace       used 35139K, capacity 35873K, committed 35964K, reserved 1081344K
  class space    used 4480K, capacity 4769K, committed 4812K, reserved 1048576K
}
Event: 5.390 GC heap after
{Heap after GC invocations=9 (full 0):
 garbage-first heap   total 157696K, used 22777K [0x0000000080000000, 0x0000000100000000)
  region size 1024K, 4 young (4096K), 4 survivors (4096K)
 Metaspace       used 35139K, capacity 35873K, committed 35964K, reserved 1081344K
  class space    used 4480K, capacity 4769K, committed 4812K, reserved 1048576K
}
Event: 6.599 GC heap before
{Heap before GC invocations=10 (full 0):
 garbage-first heap   total 157696K, used 100601K [0x0000000080000000, 0x0000000100000000)
  region size 1024K, 78 young (79872K), 4 survivors (4096K)
 Metaspace       used 40318K, capacity 41333K, committed 41596K, reserved 1085440K
  class space    used 5112K, capacity 5470K, committed 5580K, reserved 1048576K
}
Event: 6.616 GC heap after
{Heap after GC invocations=11 (full 0):
 garbage-first heap   total 157696K, used 28646K [0x0000000080000000, 0x0000000100000000)
  region size 1024K, 10 young (10240K), 10 survivors (10240K)
 Metaspace       used 40318K, capacity 41333K, committed 41596K, reserved 1085440K
  class space    used 5112K, capacity 5470K, committed 5580K, reserved 1048576K
}
Event: 8.080 GC heap before
{Heap before GC invocations=11 (full 0):
 garbage-first heap   total 157696K, used 109542K [0x0000000080000000, 0x0000000100000000)
  region size 1024K, 89 young (91136K), 10 survivors (10240K)
 Metaspace       used 46782K, capacity 48053K, committed 48380K, reserved 1091584K
  class space    used 5905K, capacity 6366K, committed 6476K, reserved 1048576K
}
Event: 8.098 GC heap after
{Heap after GC invocations=12 (full 0):
 garbage-first heap   total 189440K, used 31355K [0x0000000080000000, 0x0000000100000000)
  region size 1024K, 9 young (9216K), 9 survivors (9216K)
 Metaspace       used 46782K, capacity 48053K, committed 48380K, reserved 1091584K
  class space    used 5905K, capacity 6366K, committed 6476K, reserved 1048576K
}
Event: 10.226 GC heap before
{Heap before GC invocations=12 (full 0):
 garbage-first heap   total 189440K, used 132731K [0x0000000080000000, 0x0000000100000000)
  region size 1024K, 105 young (107520K), 9 survivors (9216K)
 Metaspace       used 58748K, capacity 60282K, committed 60368K, reserved 1101824K
  class space    used 7347K, capacity 7885K, committed 7968K, reserved 1048576K
}
Event: 10.250 GC heap after
{Heap after GC invocations=13 (full 0):
 garbage-first heap   total 189440K, used 45447K [0x0000000080000000, 0x0000000100000000)
  region size 1024K, 14 young (14336K), 14 survivors (14336K)
 Metaspace       used 58748K, capacity 60282K, committed 60368K, reserved 1101824K
  class space    used 7347K, capacity 7885K, committed 7968K, reserved 1048576K
}
Event: 11.471 GC heap before
{Heap before GC invocations=14 (full 0):
 garbage-first heap   total 189440K, used 133511K [0x0000000080000000, 0x0000000100000000)
  region size 1024K, 100 young (102400K), 14 survivors (14336K)
 Metaspace       used 64277K, capacity 65990K, committed 66256K, reserved 1107968K
  class space    used 8070K, capacity 8686K, committed 8736K, reserved 1048576K
}
Event: 11.507 GC heap after
{Heap after GC invocations=15 (full 0):
 garbage-first heap   total 189440K, used 53657K [0x0000000080000000, 0x0000000100000000)
  region size 1024K, 9 young (9216K), 9 survivors (9216K)
 Metaspace       used 64277K, capacity 65990K, committed 66256K, reserved 1107968K
  class space    used 8070K, capacity 8686K, committed 8736K, reserved 1048576K
}
Event: 13.061 GC heap before
{Heap before GC invocations=16 (full 0):
 garbage-first heap   total 189440K, used 139673K [0x0000000080000000, 0x0000000100000000)
  region size 1024K, 93 young (95232K), 9 survivors (9216K)
 Metaspace       used 73056K, capacity 74783K, committed 75088K, reserved 1114112K
  class space    used 9426K, capacity 10040K, committed 10144K, reserved 1048576K
}
Event: 13.083 GC heap after
{Heap after GC invocations=17 (full 0):
 garbage-first heap   total 189440K, used 58138K [0x0000000080000000, 0x0000000100000000)
  region size 1024K, 6 young (6144K), 6 survivors (6144K)
 Metaspace       used 73056K, capacity 74783K, committed 75088K, reserved 1114112K
  class space    used 9426K, capacity 10040K, committed 10144K, reserved 1048576K
}
Event: 15.127 GC heap before
{Heap before GC invocations=17 (full 0):
 garbage-first heap   total 189440K, used 144154K [0x0000000080000000, 0x0000000100000000)
  region size 1024K, 91 young (93184K), 6 survivors (6144K)
 Metaspace       used 78701K, capacity 80797K, committed 81104K, reserved 1120256K
  class space    used 10194K, capacity 10959K, committed 11040K, reserved 1048576K
}
Event: 15.144 GC heap after
{Heap after GC invocations=18 (full 0):
 garbage-first heap   total 227328K, used 63488K [0x0000000080000000, 0x0000000100000000)
  region size 1024K, 11 young (11264K), 11 survivors (11264K)
 Metaspace       used 78701K, capacity 80797K, committed 81104K, reserved 1120256K
  class space    used 10194K, capacity 10959K, committed 11040K, reserved 1048576K
}
Event: 17.447 GC heap before
{Heap before GC invocations=18 (full 0):
 garbage-first heap   total 227328K, used 171008K [0x0000000080000000, 0x0000000100000000)
  region size 1024K, 117 young (119808K), 11 survivors (11264K)
 Metaspace       used 83133K, capacity 85409K, committed 85712K, reserved 1124352K
  class space    used 10677K, capacity 11466K, committed 11552K, reserved 1048576K
}
Event: 17.475 GC heap after
{Heap after GC invocations=19 (full 0):
 garbage-first heap   total 227328K, used 68218K [0x0000000080000000, 0x0000000100000000)
  region size 1024K, 11 young (11264K), 11 survivors (11264K)
 Metaspace       used 83133K, capacity 85409K, committed 85712K, reserved 1124352K
  class space    used 10677K, capacity 11466K, committed 11552K, reserved 1048576K
}

