# JRE version: OpenJDK Runtime Environment (11.0.13) (build 11.0.13+0-b1751.21-8125866)
# Java VM: OpenJDK 64-Bit Server VM (11.0.13+0-b1751.21-8125866, mixed mode, tiered, compressed oops, g1 gc, windows-amd64)
Heap:
 garbage-first heap   total 227328K, used 124119K [0x0000000080000000, 0x0000000100000000)
  region size 1024K, 52 young (53248K), 6 survivors (6144K)
 Metaspace       used 90914K, capacity 93205K, committed 93396K, reserved 1130496K
  class space    used 11359K, capacity 12189K, committed 12288K, reserved 1048576K
GC Heap History (20 events):
Event: 7.851 GC heap before
{Heap before GC invocations=10 (full 0):
 garbage-first heap   total 157696K, used 89521K [0x0000000080000000, 0x0000000100000000)
  region size 1024K, 69 young (70656K), 6 survivors (6144K)
 Metaspace       used 39337K, capacity 40278K, committed 40528K, reserved 1085440K
  class space    used 4949K, capacity 5295K, committed 5376K, reserved 1048576K
}
Event: 7.865 GC heap after
{Heap after GC invocations=11 (full 0):
 garbage-first heap   total 157696K, used 26974K [0x0000000080000000, 0x0000000100000000)
  region size 1024K, 9 young (9216K), 9 survivors (9216K)
 Metaspace       used 39337K, capacity 40278K, committed 40528K, reserved 1085440K
  class space    used 4949K, capacity 5295K, committed 5376K, reserved 1048576K
}
Event: 9.375 GC heap before
{Heap before GC invocations=11 (full 0):
 garbage-first heap   total 157696K, used 93534K [0x0000000080000000, 0x0000000100000000)
  region size 1024K, 73 young (74752K), 9 survivors (9216K)
 Metaspace       used 45275K, capacity 46390K, committed 46416K, reserved 1089536K
  class space    used 5732K, capacity 6134K, committed 6144K, reserved 1048576K
}
Event: 9.393 GC heap after
{Heap after GC invocations=12 (full 0):
 garbage-first heap   total 157696K, used 29280K [0x0000000080000000, 0x0000000100000000)
  region size 1024K, 8 young (8192K), 8 survivors (8192K)
 Metaspace       used 45275K, capacity 46390K, committed 46416K, reserved 1089536K
  class space    used 5732K, capacity 6134K, committed 6144K, reserved 1048576K
}
Event: 11.363 GC heap before
{Heap before GC invocations=12 (full 0):
 garbage-first heap   total 157696K, used 107104K [0x0000000080000000, 0x0000000100000000)
  region size 1024K, 80 young (81920K), 8 survivors (8192K)
 Metaspace       used 50610K, capacity 52006K, committed 52304K, reserved 1095680K
  class space    used 6361K, capacity 6836K, committed 6912K, reserved 1048576K
}
Event: 11.380 GC heap after
{Heap after GC invocations=13 (full 0):
 garbage-first heap   total 189440K, used 41250K [0x0000000080000000, 0x0000000100000000)
  region size 1024K, 10 young (10240K), 10 survivors (10240K)
 Metaspace       used 50610K, capacity 52006K, committed 52304K, reserved 1095680K
  class space    used 6361K, capacity 6836K, committed 6912K, reserved 1048576K
}
Event: 12.517 GC heap before
{Heap before GC invocations=13 (full 0):
 garbage-first heap   total 189440K, used 90402K [0x0000000080000000, 0x0000000100000000)
  region size 1024K, 59 young (60416K), 10 survivors (10240K)
 Metaspace       used 58557K, capacity 60095K, committed 60240K, reserved 1101824K
  class space    used 7321K, capacity 7844K, committed 7936K, reserved 1048576K
}
Event: 12.545 GC heap after
{Heap after GC invocations=14 (full 0):
 garbage-first heap   total 189440K, used 45299K [0x0000000080000000, 0x0000000100000000)
  region size 1024K, 4 young (4096K), 4 survivors (4096K)
 Metaspace       used 58557K, capacity 60095K, committed 60240K, reserved 1101824K
  class space    used 7321K, capacity 7844K, committed 7936K, reserved 1048576K
}
Event: 13.684 GC heap before
{Heap before GC invocations=15 (full 0):
 garbage-first heap   total 189440K, used 118003K [0x0000000080000000, 0x0000000100000000)
  region size 1024K, 75 young (76800K), 4 survivors (4096K)
 Metaspace       used 63295K, capacity 64899K, committed 65108K, reserved 1105920K
  class space    used 7945K, capacity 8515K, committed 8576K, reserved 1048576K
}
Event: 13.700 GC heap after
{Heap after GC invocations=16 (full 0):
 garbage-first heap   total 189440K, used 50791K [0x0000000080000000, 0x0000000100000000)
  region size 1024K, 9 young (9216K), 9 survivors (9216K)
 Metaspace       used 63295K, capacity 64899K, committed 65108K, reserved 1105920K
  class space    used 7945K, capacity 8515K, committed 8576K, reserved 1048576K
}
Event: 15.166 GC heap before
{Heap before GC invocations=17 (full 0):
 garbage-first heap   total 189440K, used 125543K [0x0000000080000000, 0x0000000100000000)
  region size 1024K, 82 young (83968K), 9 survivors (9216K)
 Metaspace       used 70979K, capacity 72748K, committed 73044K, reserved 1112064K
  class space    used 9116K, capacity 9733K, committed 9856K, reserved 1048576K
}
Event: 15.189 GC heap after
{Heap after GC invocations=18 (full 0):
 garbage-first heap   total 189440K, used 54616K [0x0000000080000000, 0x0000000100000000)
  region size 1024K, 4 young (4096K), 4 survivors (4096K)
 Metaspace       used 70979K, capacity 72748K, committed 73044K, reserved 1112064K
  class space    used 9116K, capacity 9733K, committed 9856K, reserved 1048576K
}
Event: 17.489 GC heap before
{Heap before GC invocations=18 (full 0):
 garbage-first heap   total 189440K, used 129368K [0x0000000080000000, 0x0000000100000000)
  region size 1024K, 78 young (79872K), 4 survivors (4096K)
 Metaspace       used 78272K, capacity 80301K, committed 80596K, reserved 1120256K
  class space    used 10149K, capacity 10885K, committed 11008K, reserved 1048576K
}
Event: 17.507 GC heap after
{Heap after GC invocations=19 (full 0):
 garbage-first heap   total 189440K, used 59736K [0x0000000080000000, 0x0000000100000000)
  region size 1024K, 9 young (9216K), 9 survivors (9216K)
 Metaspace       used 78272K, capacity 80301K, committed 80596K, reserved 1120256K
  class space    used 10149K, capacity 10885K, committed 11008K, reserved 1048576K
}
Event: 19.733 GC heap before
{Heap before GC invocations=19 (full 0):
 garbage-first heap   total 189440K, used 138584K [0x0000000080000000, 0x0000000100000000)
  region size 1024K, 83 young (84992K), 9 survivors (9216K)
 Metaspace       used 80992K, capacity 83109K, committed 83412K, reserved 1122304K
  class space    used 10400K, capacity 11149K, committed 11264K, reserved 1048576K
}
Event: 19.764 GC heap after
{Heap after GC invocations=20 (full 0):
 garbage-first heap   total 189440K, used 72189K [0x0000000080000000, 0x0000000100000000)
  region size 1024K, 11 young (11264K), 11 survivors (11264K)
 Metaspace       used 80992K, capacity 83109K, committed 83412K, reserved 1122304K
  class space    used 10400K, capacity 11149K, committed 11264K, reserved 1048576K
}
Event: 21.326 GC heap before
{Heap before GC invocations=20 (full 0):
 garbage-first heap   total 189440K, used 146941K [0x0000000080000000, 0x0000000100000000)
  region size 1024K, 77 young (78848K), 11 survivors (11264K)
 Metaspace       used 84210K, capacity 86391K, committed 86484K, reserved 1124352K
  class space    used 10649K, capacity 11464K, committed 11520K, reserved 1048576K
}
Event: 21.356 GC heap after
{Heap after GC invocations=21 (full 0):
 garbage-first heap   total 227328K, used 78187K [0x0000000080000000, 0x0000000100000000)
  region size 1024K, 5 young (5120K), 5 survivors (5120K)
 Metaspace       used 84210K, capacity 86391K, committed 86484K, reserved 1124352K
  class space    used 10649K, capacity 11464K, committed 11520K, reserved 1048576K
}
Event: 22.880 GC heap before
{Heap before GC invocations=21 (full 0):
 garbage-first heap   total 227328K, used 156011K [0x0000000080000000, 0x0000000100000000)
  region size 1024K, 82 young (83968K), 5 survivors (5120K)
 Metaspace       used 87582K, capacity 89880K, committed 90068K, reserved 1128448K
  class space    used 10942K, capacity 11761K, committed 11776K, reserved 1048576K
}
Event: 22.898 GC heap after
{Heap after GC invocations=22 (full 0):
 garbage-first heap   total 227328K, used 79063K [0x0000000080000000, 0x0000000100000000)
  region size 1024K, 6 young (6144K), 6 survivors (6144K)
 Metaspace       used 87582K, capacity 89880K, committed 90068K, reserved 1128448K
  class space    used 10942K, capacity 11761K, committed 11776K, reserved 1048576K
}

