# JRE version: OpenJDK Runtime Environment (11.0.10) (build 11.0.10+0-b96-7249189)
# Java VM: OpenJDK 64-Bit Server VM (11.0.10+0-b96-7249189, mixed mode, tiered, compressed oops, g1 gc, windows-amd64)
Heap:
 garbage-first heap   total 157696K, used 125948K [0x0000000080000000, 0x0000000100000000)
  region size 1024K, 4 young (4096K), 3 survivors (3072K)
 Metaspace       used 112289K, capacity 115344K, committed 115440K, reserved 1148928K
  class space    used 14244K, capacity 15400K, committed 15488K, reserved 1048576K
GC Heap History (20 events):
Event: 41.929 GC heap before
{Heap before GC invocations=39 (full 0):
 garbage-first heap   total 157696K, used 136229K [0x0000000080000000, 0x0000000100000000)
  region size 1024K, 39 young (39936K), 4 survivors (4096K)
 Metaspace       used 106337K, capacity 109114K, committed 109296K, reserved 1144832K
  class space    used 13614K, capacity 14642K, committed 14720K, reserved 1048576K
}
Event: 41.938 GC heap after
{Heap after GC invocations=40 (full 0):
 garbage-first heap   total 157696K, used 102527K [0x0000000080000000, 0x0000000100000000)
  region size 1024K, 5 young (5120K), 5 survivors (5120K)
 Metaspace       used 106337K, capacity 109114K, committed 109296K, reserved 1144832K
  class space    used 13614K, capacity 14642K, committed 14720K, reserved 1048576K
}
Event: 65.724 GC heap before
{Heap before GC invocations=41 (full 0):
 garbage-first heap   total 157696K, used 135295K [0x0000000080000000, 0x0000000100000000)
  region size 1024K, 37 young (37888K), 5 survivors (5120K)
 Metaspace       used 107798K, capacity 110685K, committed 110960K, reserved 1144832K
  class space    used 13750K, capacity 14818K, committed 14848K, reserved 1048576K
}
Event: 65.740 GC heap after
{Heap after GC invocations=42 (full 0):
 garbage-first heap   total 157696K, used 105564K [0x0000000080000000, 0x0000000100000000)
  region size 1024K, 5 young (5120K), 5 survivors (5120K)
 Metaspace       used 107798K, capacity 110685K, committed 110960K, reserved 1144832K
  class space    used 13750K, capacity 14818K, committed 14848K, reserved 1048576K
}
Event: 67.376 GC heap before
{Heap before GC invocations=42 (full 0):
 garbage-first heap   total 157696K, used 133212K [0x0000000080000000, 0x0000000100000000)
  region size 1024K, 33 young (33792K), 5 survivors (5120K)
 Metaspace       used 110238K, capacity 113252K, committed 113392K, reserved 1146880K
  class space    used 14054K, capacity 15158K, committed 15232K, reserved 1048576K
}
Event: 67.394 GC heap after
{Heap after GC invocations=43 (full 0):
 garbage-first heap   total 157696K, used 108461K [0x0000000080000000, 0x0000000100000000)
  region size 1024K, 3 young (3072K), 3 survivors (3072K)
 Metaspace       used 110238K, capacity 113252K, committed 113392K, reserved 1146880K
  class space    used 14054K, capacity 15158K, committed 15232K, reserved 1048576K
}
Event: 68.796 GC heap before
{Heap before GC invocations=44 (full 0):
 garbage-first heap   total 157696K, used 134061K [0x0000000080000000, 0x0000000100000000)
  region size 1024K, 28 young (28672K), 3 survivors (3072K)
 Metaspace       used 111217K, capacity 114276K, committed 114544K, reserved 1148928K
  class space    used 14161K, capacity 15279K, committed 15360K, reserved 1048576K
}
Event: 68.805 GC heap after
{Heap after GC invocations=45 (full 0):
 garbage-first heap   total 157696K, used 109603K [0x0000000080000000, 0x0000000100000000)
  region size 1024K, 2 young (2048K), 2 survivors (2048K)
 Metaspace       used 111217K, capacity 114276K, committed 114544K, reserved 1148928K
  class space    used 14161K, capacity 15279K, committed 15360K, reserved 1048576K
}
Event: 68.936 GC heap before
{Heap before GC invocations=45 (full 0):
 garbage-first heap   total 157696K, used 114723K [0x0000000080000000, 0x0000000100000000)
  region size 1024K, 7 young (7168K), 2 survivors (2048K)
 Metaspace       used 111369K, capacity 114404K, committed 114544K, reserved 1148928K
  class space    used 14179K, capacity 15279K, committed 15360K, reserved 1048576K
}
Event: 68.943 GC heap after
{Heap after GC invocations=46 (full 0):
 garbage-first heap   total 157696K, used 109137K [0x0000000080000000, 0x0000000100000000)
  region size 1024K, 1 young (1024K), 1 survivors (1024K)
 Metaspace       used 111369K, capacity 114404K, committed 114544K, reserved 1148928K
  class space    used 14179K, capacity 15279K, committed 15360K, reserved 1048576K
}
Event: 70.365 GC heap before
{Heap before GC invocations=46 (full 0):
 garbage-first heap   total 157696K, used 133713K [0x0000000080000000, 0x0000000100000000)
  region size 1024K, 26 young (26624K), 1 survivors (1024K)
 Metaspace       used 111784K, capacity 114855K, committed 115056K, reserved 1148928K
  class space    used 14204K, capacity 15344K, committed 15360K, reserved 1048576K
}
Event: 70.380 GC heap after
{Heap after GC invocations=47 (full 0):
 garbage-first heap   total 157696K, used 116084K [0x0000000080000000, 0x0000000100000000)
  region size 1024K, 4 young (4096K), 4 survivors (4096K)
 Metaspace       used 111784K, capacity 114855K, committed 115056K, reserved 1148928K
  class space    used 14204K, capacity 15344K, committed 15360K, reserved 1048576K
}
Event: 71.504 GC heap before
{Heap before GC invocations=48 (full 0):
 garbage-first heap   total 157696K, used 133492K [0x0000000080000000, 0x0000000100000000)
  region size 1024K, 22 young (22528K), 4 survivors (4096K)
 Metaspace       used 112207K, capacity 115269K, committed 115440K, reserved 1148928K
  class space    used 14236K, capacity 15397K, committed 15488K, reserved 1048576K
}
Event: 71.518 GC heap after
{Heap after GC invocations=49 (full 0):
 garbage-first heap   total 157696K, used 117868K [0x0000000080000000, 0x0000000100000000)
  region size 1024K, 2 young (2048K), 2 survivors (2048K)
 Metaspace       used 112207K, capacity 115269K, committed 115440K, reserved 1148928K
  class space    used 14236K, capacity 15397K, committed 15488K, reserved 1048576K
}
Event: 71.690 GC heap before
{Heap before GC invocations=49 (full 0):
 garbage-first heap   total 157696K, used 122988K [0x0000000080000000, 0x0000000100000000)
  region size 1024K, 7 young (7168K), 2 survivors (2048K)
 Metaspace       used 112262K, capacity 115338K, committed 115440K, reserved 1148928K
  class space    used 14242K, capacity 15398K, committed 15488K, reserved 1048576K
}
Event: 71.698 GC heap after
{Heap after GC invocations=50 (full 0):
 garbage-first heap   total 157696K, used 118025K [0x0000000080000000, 0x0000000100000000)
  region size 1024K, 1 young (1024K), 1 survivors (1024K)
 Metaspace       used 112262K, capacity 115338K, committed 115440K, reserved 1148928K
  class space    used 14242K, capacity 15398K, committed 15488K, reserved 1048576K
}
Event: 72.109 GC heap before
{Heap before GC invocations=50 (full 0):
 garbage-first heap   total 157696K, used 134409K [0x0000000080000000, 0x0000000100000000)
  region size 1024K, 17 young (17408K), 1 survivors (1024K)
 Metaspace       used 112272K, capacity 115338K, committed 115440K, reserved 1148928K
  class space    used 14242K, capacity 15398K, committed 15488K, reserved 1048576K
}
Event: 72.112 GC heap after
{Heap after GC invocations=51 (full 0):
 garbage-first heap   total 157696K, used 117751K [0x0000000080000000, 0x0000000100000000)
  region size 1024K, 1 young (1024K), 1 survivors (1024K)
 Metaspace       used 112272K, capacity 115338K, committed 115440K, reserved 1148928K
  class space    used 14242K, capacity 15398K, committed 15488K, reserved 1048576K
}
Event: 72.630 GC heap before
{Heap before GC invocations=52 (full 0):
 garbage-first heap   total 157696K, used 121847K [0x0000000080000000, 0x0000000100000000)
  region size 1024K, 6 young (6144K), 1 survivors (1024K)
 Metaspace       used 112289K, capacity 115344K, committed 115440K, reserved 1148928K
  class space    used 14244K, capacity 15400K, committed 15488K, reserved 1048576K
}
Event: 72.636 GC heap after
{Heap after GC invocations=53 (full 0):
 garbage-first heap   total 157696K, used 119804K [0x0000000080000000, 0x0000000100000000)
  region size 1024K, 3 young (3072K), 3 survivors (3072K)
 Metaspace       used 112289K, capacity 115344K, committed 115440K, reserved 1148928K
  class space    used 14244K, capacity 15400K, committed 15488K, reserved 1048576K
}

