# JRE version: OpenJDK Runtime Environment (11.0.10) (build 11.0.10+0-b96-7249189)
# Java VM: OpenJDK 64-Bit Server VM (11.0.10+0-b96-7249189, mixed mode, tiered, compressed oops, g1 gc, windows-amd64)
Heap:
 garbage-first heap   total 131072K, used 46184K [0x0000000080000000, 0x0000000100000000)
  region size 1024K, 6 young (6144K), 5 survivors (5120K)
 Metaspace       used 58873K, capacity 60391K, committed 60620K, reserved 1103872K
  class space    used 7458K, capacity 8005K, committed 8140K, reserved 1048576K
GC Heap History (20 events):
Event: 11.567 GC heap before
{Heap before GC invocations=2 (full 0):
 garbage-first heap   total 131072K, used 39448K [0x0000000080000000, 0x0000000100000000)
  region size 1024K, 31 young (31744K), 2 survivors (2048K)
 Metaspace       used 11199K, capacity 11518K, committed 11776K, reserved 1060864K
  class space    used 1169K, capacity 1243K, committed 1280K, reserved 1048576K
}
Event: 11.571 GC heap after
{Heap after GC invocations=3 (full 0):
 garbage-first heap   total 131072K, used 11462K [0x0000000080000000, 0x0000000100000000)
  region size 1024K, 4 young (4096K), 4 survivors (4096K)
 Metaspace       used 11199K, capacity 11518K, committed 11776K, reserved 1060864K
  class space    used 1169K, capacity 1243K, committed 1280K, reserved 1048576K
}
Event: 17.880 GC heap before
{Heap before GC invocations=3 (full 0):
 garbage-first heap   total 131072K, used 55494K [0x0000000080000000, 0x0000000100000000)
  region size 1024K, 47 young (48128K), 4 survivors (4096K)
 Metaspace       used 18029K, capacity 18461K, committed 18688K, reserved 1064960K
  class space    used 2144K, capacity 2272K, committed 2304K, reserved 1048576K
}
Event: 17.888 GC heap after
{Heap after GC invocations=4 (full 0):
 garbage-first heap   total 131072K, used 16153K [0x0000000080000000, 0x0000000100000000)
  region size 1024K, 6 young (6144K), 6 survivors (6144K)
 Metaspace       used 18029K, capacity 18461K, committed 18688K, reserved 1064960K
  class space    used 2144K, capacity 2272K, committed 2304K, reserved 1048576K
}
Event: 18.125 GC heap before
{Heap before GC invocations=4 (full 0):
 garbage-first heap   total 131072K, used 36633K [0x0000000080000000, 0x0000000100000000)
  region size 1024K, 27 young (27648K), 6 survivors (6144K)
 Metaspace       used 20607K, capacity 21104K, committed 21248K, reserved 1067008K
  class space    used 2513K, capacity 2690K, committed 2816K, reserved 1048576K
}
Event: 18.132 GC heap after
{Heap after GC invocations=5 (full 0):
 garbage-first heap   total 131072K, used 17486K [0x0000000080000000, 0x0000000100000000)
  region size 1024K, 5 young (5120K), 5 survivors (5120K)
 Metaspace       used 20607K, capacity 21104K, committed 21248K, reserved 1067008K
  class space    used 2513K, capacity 2690K, committed 2816K, reserved 1048576K
}
Event: 18.827 GC heap before
{Heap before GC invocations=6 (full 0):
 garbage-first heap   total 131072K, used 66638K [0x0000000080000000, 0x0000000100000000)
  region size 1024K, 53 young (54272K), 5 survivors (5120K)
 Metaspace       used 25622K, capacity 26276K, committed 26368K, reserved 1073152K
  class space    used 3351K, capacity 3568K, committed 3584K, reserved 1048576K
}
Event: 18.838 GC heap after
{Heap after GC invocations=7 (full 0):
 garbage-first heap   total 131072K, used 19404K [0x0000000080000000, 0x0000000100000000)
  region size 1024K, 3 young (3072K), 3 survivors (3072K)
 Metaspace       used 25622K, capacity 26276K, committed 26368K, reserved 1073152K
  class space    used 3351K, capacity 3568K, committed 3584K, reserved 1048576K
}
Event: 19.946 GC heap before
{Heap before GC invocations=7 (full 0):
 garbage-first heap   total 131072K, used 73676K [0x0000000080000000, 0x0000000100000000)
  region size 1024K, 56 young (57344K), 3 survivors (3072K)
 Metaspace       used 31728K, capacity 32471K, committed 32640K, reserved 1077248K
  class space    used 4191K, capacity 4442K, committed 4480K, reserved 1048576K
}
Event: 19.953 GC heap after
{Heap after GC invocations=8 (full 0):
 garbage-first heap   total 131072K, used 21366K [0x0000000080000000, 0x0000000100000000)
  region size 1024K, 5 young (5120K), 5 survivors (5120K)
 Metaspace       used 31728K, capacity 32471K, committed 32640K, reserved 1077248K
  class space    used 4191K, capacity 4442K, committed 4480K, reserved 1048576K
}
Event: 20.277 GC heap before
{Heap before GC invocations=8 (full 0):
 garbage-first heap   total 131072K, used 29558K [0x0000000080000000, 0x0000000100000000)
  region size 1024K, 15 young (15360K), 5 survivors (5120K)
 Metaspace       used 35066K, capacity 35838K, committed 35840K, reserved 1081344K
  class space    used 4544K, capacity 4864K, committed 4864K, reserved 1048576K
}
Event: 20.289 GC heap after
{Heap after GC invocations=9 (full 0):
 garbage-first heap   total 131072K, used 22995K [0x0000000080000000, 0x0000000100000000)
  region size 1024K, 6 young (6144K), 6 survivors (6144K)
 Metaspace       used 35066K, capacity 35838K, committed 35840K, reserved 1081344K
  class space    used 4544K, capacity 4864K, committed 4864K, reserved 1048576K
}
Event: 21.373 GC heap before
{Heap before GC invocations=10 (full 0):
 garbage-first heap   total 131072K, used 80339K [0x0000000080000000, 0x0000000100000000)
  region size 1024K, 60 young (61440K), 6 survivors (6144K)
 Metaspace       used 38890K, capacity 39768K, committed 40012K, reserved 1083392K
  class space    used 4965K, capacity 5315K, committed 5452K, reserved 1048576K
}
Event: 21.392 GC heap after
{Heap after GC invocations=11 (full 0):
 garbage-first heap   total 131072K, used 28115K [0x0000000080000000, 0x0000000100000000)
  region size 1024K, 8 young (8192K), 8 survivors (8192K)
 Metaspace       used 38890K, capacity 39768K, committed 40012K, reserved 1083392K
  class space    used 4965K, capacity 5315K, committed 5452K, reserved 1048576K
}
Event: 22.337 GC heap before
{Heap before GC invocations=11 (full 0):
 garbage-first heap   total 131072K, used 84435K [0x0000000080000000, 0x0000000100000000)
  region size 1024K, 63 young (64512K), 8 survivors (8192K)
 Metaspace       used 44033K, capacity 45045K, committed 45260K, reserved 1089536K
  class space    used 5642K, capacity 6003K, committed 6092K, reserved 1048576K
}
Event: 22.349 GC heap after
{Heap after GC invocations=12 (full 0):
 garbage-first heap   total 131072K, used 29967K [0x0000000080000000, 0x0000000100000000)
  region size 1024K, 7 young (7168K), 7 survivors (7168K)
 Metaspace       used 44033K, capacity 45045K, committed 45260K, reserved 1089536K
  class space    used 5642K, capacity 6003K, committed 6092K, reserved 1048576K
}
Event: 35.330 GC heap before
{Heap before GC invocations=12 (full 0):
 garbage-first heap   total 131072K, used 91407K [0x0000000080000000, 0x0000000100000000)
  region size 1024K, 64 young (65536K), 7 survivors (7168K)
 Metaspace       used 47164K, capacity 48363K, committed 48460K, reserved 1091584K
  class space    used 6015K, capacity 6462K, committed 6476K, reserved 1048576K
}
Event: 35.344 GC heap after
{Heap after GC invocations=13 (full 0):
 garbage-first heap   total 131072K, used 40960K [0x0000000080000000, 0x0000000100000000)
  region size 1024K, 8 young (8192K), 8 survivors (8192K)
 Metaspace       used 47164K, capacity 48363K, committed 48460K, reserved 1091584K
  class space    used 6015K, capacity 6462K, committed 6476K, reserved 1048576K
}
Event: 36.289 GC heap before
{Heap before GC invocations=13 (full 0):
 garbage-first heap   total 131072K, used 93184K [0x0000000080000000, 0x0000000100000000)
  region size 1024K, 59 young (60416K), 8 survivors (8192K)
 Metaspace       used 53475K, capacity 54845K, committed 54988K, reserved 1097728K
  class space    used 6814K, capacity 7310K, committed 7372K, reserved 1048576K
}
Event: 36.305 GC heap after
{Heap after GC invocations=14 (full 0):
 garbage-first heap   total 131072K, used 45066K [0x0000000080000000, 0x0000000100000000)
  region size 1024K, 4 young (4096K), 4 survivors (4096K)
 Metaspace       used 53475K, capacity 54845K, committed 54988K, reserved 1097728K
  class space    used 6814K, capacity 7310K, committed 7372K, reserved 1048576K
}

