# JRE version: OpenJDK Runtime Environment (11.0.13) (build 11.0.13+0-b1751.21-8125866)
# Java VM: OpenJDK 64-Bit Server VM (11.0.13+0-b1751.21-8125866, mixed mode, tiered, compressed oops, g1 gc, windows-amd64)
Heap:
 garbage-first heap   total 131072K, used 25429K [0x0000000080000000, 0x0000000100000000)
  region size 1024K, 11 young (11264K), 5 survivors (5120K)
 Metaspace       used 32869K, capacity 33697K, committed 33968K, reserved 1079296K
  class space    used 4204K, capacity 4512K, committed 4608K, reserved 1048576K
GC Heap History (14 events):
Event: 9.929 GC heap before
{Heap before GC invocations=0 (full 0):
 garbage-first heap   total 131072K, used 19456K [0x0000000080000000, 0x0000000100000000)
  region size 1024K, 14 young (14336K), 0 survivors (0K)
 Metaspace       used 6782K, capacity 7001K, committed 7168K, reserved 1056768K
  class space    used 576K, capacity 650K, committed 768K, reserved 1048576K
}
Event: 9.933 GC heap after
{Heap after GC invocations=1 (full 0):
 garbage-first heap   total 131072K, used 8197K [0x0000000080000000, 0x0000000100000000)
  region size 1024K, 2 young (2048K), 2 survivors (2048K)
 Metaspace       used 6782K, capacity 7001K, committed 7168K, reserved 1056768K
  class space    used 576K, capacity 650K, committed 768K, reserved 1048576K
}
Event: 10.683 GC heap before
{Heap before GC invocations=1 (full 0):
 garbage-first heap   total 131072K, used 19461K [0x0000000080000000, 0x0000000100000000)
  region size 1024K, 13 young (13312K), 2 survivors (2048K)
 Metaspace       used 10230K, capacity 10469K, committed 10624K, reserved 1058816K
  class space    used 1048K, capacity 1107K, committed 1152K, reserved 1048576K
}
Event: 10.689 GC heap after
{Heap after GC invocations=2 (full 0):
 garbage-first heap   total 131072K, used 9287K [0x0000000080000000, 0x0000000100000000)
  region size 1024K, 2 young (2048K), 2 survivors (2048K)
 Metaspace       used 10230K, capacity 10469K, committed 10624K, reserved 1058816K
  class space    used 1048K, capacity 1107K, committed 1152K, reserved 1048576K
}
Event: 15.970 GC heap before
{Heap before GC invocations=2 (full 0):
 garbage-first heap   total 131072K, used 38983K [0x0000000080000000, 0x0000000100000000)
  region size 1024K, 31 young (31744K), 2 survivors (2048K)
 Metaspace       used 11180K, capacity 11518K, committed 11776K, reserved 1060864K
  class space    used 1148K, capacity 1243K, committed 1280K, reserved 1048576K
}
Event: 15.974 GC heap after
{Heap after GC invocations=3 (full 0):
 garbage-first heap   total 131072K, used 12489K [0x0000000080000000, 0x0000000100000000)
  region size 1024K, 4 young (4096K), 4 survivors (4096K)
 Metaspace       used 11180K, capacity 11518K, committed 11776K, reserved 1060864K
  class space    used 1148K, capacity 1243K, committed 1280K, reserved 1048576K
}
Event: 21.952 GC heap before
{Heap before GC invocations=3 (full 0):
 garbage-first heap   total 131072K, used 70857K [0x0000000080000000, 0x0000000100000000)
  region size 1024K, 62 young (63488K), 4 survivors (4096K)
 Metaspace       used 19537K, capacity 20070K, committed 20224K, reserved 1067008K
  class space    used 2353K, capacity 2511K, committed 2560K, reserved 1048576K
}
Event: 21.960 GC heap after
{Heap after GC invocations=4 (full 0):
 garbage-first heap   total 131072K, used 16250K [0x0000000080000000, 0x0000000100000000)
  region size 1024K, 8 young (8192K), 8 survivors (8192K)
 Metaspace       used 19537K, capacity 20070K, committed 20224K, reserved 1067008K
  class space    used 2353K, capacity 2511K, committed 2560K, reserved 1048576K
}
Event: 22.071 GC heap before
{Heap before GC invocations=4 (full 0):
 garbage-first heap   total 131072K, used 22394K [0x0000000080000000, 0x0000000100000000)
  region size 1024K, 15 young (15360K), 8 survivors (8192K)
 Metaspace       used 20682K, capacity 21200K, committed 21296K, reserved 1069056K
  class space    used 2487K, capacity 2658K, committed 2688K, reserved 1048576K
}
Event: 22.078 GC heap after
{Heap after GC invocations=5 (full 0):
 garbage-first heap   total 131072K, used 16784K [0x0000000080000000, 0x0000000100000000)
  region size 1024K, 6 young (6144K), 6 survivors (6144K)
 Metaspace       used 20682K, capacity 21200K, committed 21296K, reserved 1069056K
  class space    used 2487K, capacity 2658K, committed 2688K, reserved 1048576K
}
Event: 22.696 GC heap before
{Heap before GC invocations=6 (full 0):
 garbage-first heap   total 131072K, used 62864K [0x0000000080000000, 0x0000000100000000)
  region size 1024K, 51 young (52224K), 6 survivors (6144K)
 Metaspace       used 25362K, capacity 25982K, committed 26288K, reserved 1073152K
  class space    used 3258K, capacity 3470K, committed 3584K, reserved 1048576K
}
Event: 22.703 GC heap after
{Heap after GC invocations=7 (full 0):
 garbage-first heap   total 131072K, used 18564K [0x0000000080000000, 0x0000000100000000)
  region size 1024K, 3 young (3072K), 3 survivors (3072K)
 Metaspace       used 25362K, capacity 25982K, committed 26288K, reserved 1073152K
  class space    used 3258K, capacity 3470K, committed 3584K, reserved 1048576K
}
Event: 23.569 GC heap before
{Heap before GC invocations=7 (full 0):
 garbage-first heap   total 131072K, used 70788K [0x0000000080000000, 0x0000000100000000)
  region size 1024K, 54 young (55296K), 3 survivors (3072K)
 Metaspace       used 30954K, capacity 31764K, committed 32048K, reserved 1077248K
  class space    used 4086K, capacity 4377K, committed 4480K, reserved 1048576K
}
Event: 23.575 GC heap after
{Heap after GC invocations=8 (full 0):
 garbage-first heap   total 131072K, used 20309K [0x0000000080000000, 0x0000000100000000)
  region size 1024K, 5 young (5120K), 5 survivors (5120K)
 Metaspace       used 30954K, capacity 31764K, committed 32048K, reserved 1077248K
  class space    used 4086K, capacity 4377K, committed 4480K, reserved 1048576K
}

