# JRE version: OpenJDK Runtime Environment (11.0.13) (build 11.0.13+0-b1751.21-8125866)
# Java VM: OpenJDK 64-Bit Server VM (11.0.13+0-b1751.21-8125866, mixed mode, tiered, compressed oops, g1 gc, windows-amd64)
Heap:
 garbage-first heap   total 345088K, used 245564K [0x0000000080000000, 0x0000000100000000)
  region size 1024K, 40 young (40960K), 4 survivors (4096K)
 Metaspace       used 118025K, capacity 121394K, committed 121680K, reserved 1155072K
  class space    used 14697K, capacity 15956K, committed 16032K, reserved 1048576K
GC Heap History (20 events):
Event: 1501.558 GC heap before
{Heap before GC invocations=117 (full 0):
 garbage-first heap   total 328704K, used 280617K [0x0000000080000000, 0x0000000100000000)
  region size 1024K, 128 young (131072K), 4 survivors (4096K)
 Metaspace       used 116774K, capacity 120018K, committed 120272K, reserved 1153024K
  class space    used 14634K, capacity 15851K, committed 15904K, reserved 1048576K
}
Event: 1501.566 GC heap after
{Heap after GC invocations=118 (full 0):
 garbage-first heap   total 328704K, used 153901K [0x0000000080000000, 0x0000000100000000)
  region size 1024K, 4 young (4096K), 4 survivors (4096K)
 Metaspace       used 116774K, capacity 120018K, committed 120272K, reserved 1153024K
  class space    used 14634K, capacity 15851K, committed 15904K, reserved 1048576K
}
Event: 1502.779 GC heap before
{Heap before GC invocations=118 (full 0):
 garbage-first heap   total 328704K, used 282925K [0x0000000080000000, 0x0000000100000000)
  region size 1024K, 130 young (133120K), 4 survivors (4096K)
 Metaspace       used 116778K, capacity 120018K, committed 120272K, reserved 1153024K
  class space    used 14634K, capacity 15851K, committed 15904K, reserved 1048576K
}
Event: 1502.788 GC heap after
{Heap after GC invocations=119 (full 0):
 garbage-first heap   total 328704K, used 154397K [0x0000000080000000, 0x0000000100000000)
  region size 1024K, 4 young (4096K), 4 survivors (4096K)
 Metaspace       used 116778K, capacity 120018K, committed 120272K, reserved 1153024K
  class space    used 14634K, capacity 15851K, committed 15904K, reserved 1048576K
}
Event: 1504.455 GC heap before
{Heap before GC invocations=119 (full 0):
 garbage-first heap   total 328704K, used 285469K [0x0000000080000000, 0x0000000100000000)
  region size 1024K, 131 young (134144K), 4 survivors (4096K)
 Metaspace       used 116802K, capacity 120020K, committed 120272K, reserved 1153024K
  class space    used 14634K, capacity 15851K, committed 15904K, reserved 1048576K
}
Event: 1504.462 GC heap after
{Heap after GC invocations=120 (full 0):
 garbage-first heap   total 328704K, used 155018K [0x0000000080000000, 0x0000000100000000)
  region size 1024K, 5 young (5120K), 5 survivors (5120K)
 Metaspace       used 116802K, capacity 120020K, committed 120272K, reserved 1153024K
  class space    used 14634K, capacity 15851K, committed 15904K, reserved 1048576K
}
Event: 1506.670 GC heap before
{Heap before GC invocations=120 (full 0):
 garbage-first heap   total 328704K, used 283018K [0x0000000080000000, 0x0000000100000000)
  region size 1024K, 131 young (134144K), 5 survivors (5120K)
 Metaspace       used 116837K, capacity 120087K, committed 120272K, reserved 1153024K
  class space    used 14635K, capacity 15852K, committed 15904K, reserved 1048576K
}
Event: 1506.681 GC heap after
{Heap after GC invocations=121 (full 0):
 garbage-first heap   total 328704K, used 156710K [0x0000000080000000, 0x0000000100000000)
  region size 1024K, 7 young (7168K), 7 survivors (7168K)
 Metaspace       used 116837K, capacity 120087K, committed 120272K, reserved 1153024K
  class space    used 14635K, capacity 15852K, committed 15904K, reserved 1048576K
}
Event: 1507.491 GC heap before
{Heap before GC invocations=121 (full 0):
 garbage-first heap   total 328704K, used 283686K [0x0000000080000000, 0x0000000100000000)
  region size 1024K, 131 young (134144K), 7 survivors (7168K)
 Metaspace       used 116838K, capacity 120087K, committed 120272K, reserved 1153024K
  class space    used 14635K, capacity 15852K, committed 15904K, reserved 1048576K
}
Event: 1507.499 GC heap after
{Heap after GC invocations=122 (full 0):
 garbage-first heap   total 328704K, used 155755K [0x0000000080000000, 0x0000000100000000)
  region size 1024K, 6 young (6144K), 6 survivors (6144K)
 Metaspace       used 116838K, capacity 120087K, committed 120272K, reserved 1153024K
  class space    used 14635K, capacity 15852K, committed 15904K, reserved 1048576K
}
Event: 1508.500 GC heap before
{Heap before GC invocations=122 (full 0):
 garbage-first heap   total 328704K, used 284779K [0x0000000080000000, 0x0000000100000000)
  region size 1024K, 132 young (135168K), 6 survivors (6144K)
 Metaspace       used 116845K, capacity 120088K, committed 120272K, reserved 1153024K
  class space    used 14635K, capacity 15852K, committed 15904K, reserved 1048576K
}
Event: 1508.510 GC heap after
{Heap after GC invocations=123 (full 0):
 garbage-first heap   total 328704K, used 155730K [0x0000000080000000, 0x0000000100000000)
  region size 1024K, 6 young (6144K), 6 survivors (6144K)
 Metaspace       used 116845K, capacity 120088K, committed 120272K, reserved 1153024K
  class space    used 14635K, capacity 15852K, committed 15904K, reserved 1048576K
}
Event: 1509.236 GC heap before
{Heap before GC invocations=123 (full 0):
 garbage-first heap   total 328704K, used 284754K [0x0000000080000000, 0x0000000100000000)
  region size 1024K, 132 young (135168K), 6 survivors (6144K)
 Metaspace       used 116845K, capacity 120088K, committed 120272K, reserved 1153024K
  class space    used 14635K, capacity 15852K, committed 15904K, reserved 1048576K
}
Event: 1509.249 GC heap after
{Heap after GC invocations=124 (full 0):
 garbage-first heap   total 328704K, used 156479K [0x0000000080000000, 0x0000000100000000)
  region size 1024K, 6 young (6144K), 6 survivors (6144K)
 Metaspace       used 116845K, capacity 120088K, committed 120272K, reserved 1153024K
  class space    used 14635K, capacity 15852K, committed 15904K, reserved 1048576K
}
Event: 1510.673 GC heap before
{Heap before GC invocations=124 (full 0):
 garbage-first heap   total 328704K, used 302911K [0x0000000080000000, 0x0000000100000000)
  region size 1024K, 133 young (136192K), 6 survivors (6144K)
 Metaspace       used 117145K, capacity 120374K, committed 120528K, reserved 1155072K
  class space    used 14637K, capacity 15854K, committed 15904K, reserved 1048576K
}
Event: 1510.750 GC heap after
{Heap after GC invocations=125 (full 0):
 garbage-first heap   total 345088K, used 196363K [0x0000000080000000, 0x0000000100000000)
  region size 1024K, 17 young (17408K), 17 survivors (17408K)
 Metaspace       used 117145K, capacity 120374K, committed 120528K, reserved 1155072K
  class space    used 14637K, capacity 15854K, committed 15904K, reserved 1048576K
}
Event: 1511.840 GC heap before
{Heap before GC invocations=125 (full 0):
 garbage-first heap   total 345088K, used 283403K [0x0000000080000000, 0x0000000100000000)
  region size 1024K, 97 young (99328K), 17 survivors (17408K)
 Metaspace       used 117152K, capacity 120374K, committed 120528K, reserved 1155072K
  class space    used 14637K, capacity 15854K, committed 15904K, reserved 1048576K
}
Event: 1511.910 GC heap after
{Heap after GC invocations=126 (full 0):
 garbage-first heap   total 345088K, used 216576K [0x0000000080000000, 0x0000000100000000)
  region size 1024K, 13 young (13312K), 13 survivors (13312K)
 Metaspace       used 117152K, capacity 120374K, committed 120528K, reserved 1155072K
  class space    used 14637K, capacity 15854K, committed 15904K, reserved 1048576K
}
Event: 1524.780 GC heap before
{Heap before GC invocations=126 (full 0):
 garbage-first heap   total 345088K, used 289280K [0x0000000080000000, 0x0000000100000000)
  region size 1024K, 78 young (79872K), 13 survivors (13312K)
 Metaspace       used 117547K, capacity 120868K, committed 121168K, reserved 1155072K
  class space    used 14678K, capacity 15921K, committed 16032K, reserved 1048576K
}
Event: 1524.804 GC heap after
{Heap after GC invocations=127 (full 0):
 garbage-first heap   total 345088K, used 210748K [0x0000000080000000, 0x0000000100000000)
  region size 1024K, 4 young (4096K), 4 survivors (4096K)
 Metaspace       used 117547K, capacity 120868K, committed 121168K, reserved 1155072K
  class space    used 14678K, capacity 15921K, committed 16032K, reserved 1048576K
}

