# JRE version: OpenJDK Runtime Environment (11.0.13) (build 11.0.13+0-b1751.21-8125866)
# Java VM: OpenJDK 64-Bit Server VM (11.0.13+0-b1751.21-8125866, mixed mode, tiered, compressed oops, g1 gc, windows-amd64)
Heap:
 garbage-first heap   total 328704K, used 271099K [0x0000000080000000, 0x0000000100000000)
  region size 1024K, 136 young (139264K), 4 survivors (4096K)
 Metaspace       used 120337K, capacity 124188K, committed 124296K, reserved 1157120K
  class space    used 14735K, capacity 16166K, committed 16176K, reserved 1048576K
GC Heap History (20 events):
Event: 13246.773 GC heap before
{Heap before GC invocations=56 (full 0):
 garbage-first heap   total 328704K, used 298339K [0x0000000080000000, 0x0000000100000000)
  region size 1024K, 159 young (162816K), 11 survivors (11264K)
 Metaspace       used 120306K, capacity 124186K, committed 124296K, reserved 1157120K
  class space    used 14734K, capacity 16166K, committed 16176K, reserved 1048576K
}
Event: 13246.794 GC heap after
{Heap after GC invocations=57 (full 0):
 garbage-first heap   total 328704K, used 127141K [0x0000000080000000, 0x0000000100000000)
  region size 1024K, 17 young (17408K), 17 survivors (17408K)
 Metaspace       used 120306K, capacity 124186K, committed 124296K, reserved 1157120K
  class space    used 14734K, capacity 16166K, committed 16176K, reserved 1048576K
}
Event: 13248.156 GC heap before
{Heap before GC invocations=57 (full 0):
 garbage-first heap   total 328704K, used 265381K [0x0000000080000000, 0x0000000100000000)
  region size 1024K, 152 young (155648K), 17 survivors (17408K)
 Metaspace       used 120315K, capacity 124188K, committed 124296K, reserved 1157120K
  class space    used 14735K, capacity 16166K, committed 16176K, reserved 1048576K
}
Event: 13248.184 GC heap after
{Heap after GC invocations=58 (full 0):
 garbage-first heap   total 328704K, used 134044K [0x0000000080000000, 0x0000000100000000)
  region size 1024K, 9 young (9216K), 9 survivors (9216K)
 Metaspace       used 120315K, capacity 124188K, committed 124296K, reserved 1157120K
  class space    used 14735K, capacity 16166K, committed 16176K, reserved 1048576K
}
Event: 13249.386 GC heap before
{Heap before GC invocations=58 (full 0):
 garbage-first heap   total 328704K, used 265116K [0x0000000080000000, 0x0000000100000000)
  region size 1024K, 137 young (140288K), 9 survivors (9216K)
 Metaspace       used 120318K, capacity 124188K, committed 124296K, reserved 1157120K
  class space    used 14735K, capacity 16166K, committed 16176K, reserved 1048576K
}
Event: 13249.408 GC heap after
{Heap after GC invocations=59 (full 0):
 garbage-first heap   total 328704K, used 135043K [0x0000000080000000, 0x0000000100000000)
  region size 1024K, 10 young (10240K), 10 survivors (10240K)
 Metaspace       used 120318K, capacity 124188K, committed 124296K, reserved 1157120K
  class space    used 14735K, capacity 16166K, committed 16176K, reserved 1048576K
}
Event: 13250.225 GC heap before
{Heap before GC invocations=59 (full 0):
 garbage-first heap   total 328704K, used 268163K [0x0000000080000000, 0x0000000100000000)
  region size 1024K, 140 young (143360K), 10 survivors (10240K)
 Metaspace       used 120323K, capacity 124188K, committed 124296K, reserved 1157120K
  class space    used 14735K, capacity 16166K, committed 16176K, reserved 1048576K
}
Event: 13250.249 GC heap after
{Heap after GC invocations=60 (full 0):
 garbage-first heap   total 328704K, used 135577K [0x0000000080000000, 0x0000000100000000)
  region size 1024K, 2 young (2048K), 2 survivors (2048K)
 Metaspace       used 120323K, capacity 124188K, committed 124296K, reserved 1157120K
  class space    used 14735K, capacity 16166K, committed 16176K, reserved 1048576K
}
Event: 13252.096 GC heap before
{Heap before GC invocations=60 (full 0):
 garbage-first heap   total 328704K, used 271769K [0x0000000080000000, 0x0000000100000000)
  region size 1024K, 135 young (138240K), 2 survivors (2048K)
 Metaspace       used 120327K, capacity 124188K, committed 124296K, reserved 1157120K
  class space    used 14735K, capacity 16166K, committed 16176K, reserved 1048576K
}
Event: 13252.102 GC heap after
{Heap after GC invocations=61 (full 0):
 garbage-first heap   total 328704K, used 135324K [0x0000000080000000, 0x0000000100000000)
  region size 1024K, 2 young (2048K), 2 survivors (2048K)
 Metaspace       used 120327K, capacity 124188K, committed 124296K, reserved 1157120K
  class space    used 14735K, capacity 16166K, committed 16176K, reserved 1048576K
}
Event: 13252.637 GC heap before
{Heap before GC invocations=61 (full 0):
 garbage-first heap   total 328704K, used 274588K [0x0000000080000000, 0x0000000100000000)
  region size 1024K, 138 young (141312K), 2 survivors (2048K)
 Metaspace       used 120328K, capacity 124188K, committed 124296K, reserved 1157120K
  class space    used 14735K, capacity 16166K, committed 16176K, reserved 1048576K
}
Event: 13252.640 GC heap after
{Heap after GC invocations=62 (full 0):
 garbage-first heap   total 328704K, used 135360K [0x0000000080000000, 0x0000000100000000)
  region size 1024K, 2 young (2048K), 2 survivors (2048K)
 Metaspace       used 120328K, capacity 124188K, committed 124296K, reserved 1157120K
  class space    used 14735K, capacity 16166K, committed 16176K, reserved 1048576K
}
Event: 13253.500 GC heap before
{Heap before GC invocations=62 (full 0):
 garbage-first heap   total 328704K, used 276672K [0x0000000080000000, 0x0000000100000000)
  region size 1024K, 140 young (143360K), 2 survivors (2048K)
 Metaspace       used 120330K, capacity 124188K, committed 124296K, reserved 1157120K
  class space    used 14735K, capacity 16166K, committed 16176K, reserved 1048576K
}
Event: 13253.505 GC heap after
{Heap after GC invocations=63 (full 0):
 garbage-first heap   total 328704K, used 135724K [0x0000000080000000, 0x0000000100000000)
  region size 1024K, 3 young (3072K), 3 survivors (3072K)
 Metaspace       used 120330K, capacity 124188K, committed 124296K, reserved 1157120K
  class space    used 14735K, capacity 16166K, committed 16176K, reserved 1048576K
}
Event: 13254.075 GC heap before
{Heap before GC invocations=63 (full 0):
 garbage-first heap   total 328704K, used 278060K [0x0000000080000000, 0x0000000100000000)
  region size 1024K, 142 young (145408K), 3 survivors (3072K)
 Metaspace       used 120333K, capacity 124188K, committed 124296K, reserved 1157120K
  class space    used 14735K, capacity 16166K, committed 16176K, reserved 1048576K
}
Event: 13254.082 GC heap after
{Heap after GC invocations=64 (full 0):
 garbage-first heap   total 328704K, used 137521K [0x0000000080000000, 0x0000000100000000)
  region size 1024K, 4 young (4096K), 4 survivors (4096K)
 Metaspace       used 120333K, capacity 124188K, committed 124296K, reserved 1157120K
  class space    used 14735K, capacity 16166K, committed 16176K, reserved 1048576K
}
Event: 13255.012 GC heap before
{Heap before GC invocations=64 (full 0):
 garbage-first heap   total 328704K, used 280881K [0x0000000080000000, 0x0000000100000000)
  region size 1024K, 144 young (147456K), 4 survivors (4096K)
 Metaspace       used 120337K, capacity 124188K, committed 124296K, reserved 1157120K
  class space    used 14735K, capacity 16166K, committed 16176K, reserved 1048576K
}
Event: 13255.020 GC heap after
{Heap after GC invocations=65 (full 0):
 garbage-first heap   total 328704K, used 136482K [0x0000000080000000, 0x0000000100000000)
  region size 1024K, 3 young (3072K), 3 survivors (3072K)
 Metaspace       used 120337K, capacity 124188K, committed 124296K, reserved 1157120K
  class space    used 14735K, capacity 16166K, committed 16176K, reserved 1048576K
}
Event: 13255.774 GC heap before
{Heap before GC invocations=65 (full 0):
 garbage-first heap   total 328704K, used 281890K [0x0000000080000000, 0x0000000100000000)
  region size 1024K, 145 young (148480K), 3 survivors (3072K)
 Metaspace       used 120337K, capacity 124188K, committed 124296K, reserved 1157120K
  class space    used 14735K, capacity 16166K, committed 16176K, reserved 1048576K
}
Event: 13255.779 GC heap after
{Heap after GC invocations=66 (full 0):
 garbage-first heap   total 328704K, used 136955K [0x0000000080000000, 0x0000000100000000)
  region size 1024K, 4 young (4096K), 4 survivors (4096K)
 Metaspace       used 120337K, capacity 124188K, committed 124296K, reserved 1157120K
  class space    used 14735K, capacity 16166K, committed 16176K, reserved 1048576K
}

