# JRE version: OpenJDK Runtime Environment (11.0.13) (build 11.0.13+0-b1751.21-8125866)
# Java VM: OpenJDK 64-Bit Server VM (11.0.13+0-b1751.21-8125866, mixed mode, tiered, compressed oops, g1 gc, windows-amd64)
Heap:
 garbage-first heap   total 189440K, used 98394K [0x0000000080000000, 0x0000000100000000)
  region size 1024K, 7 young (7168K), 3 survivors (3072K)
 Metaspace       used 122556K, capacity 127146K, committed 127312K, reserved 1161216K
  class space    used 14951K, capacity 16555K, committed 16640K, reserved 1048576K
GC Heap History (20 events):
Event: 2678.470 GC heap before
{Heap before GC invocations=105 (full 0):
 garbage-first heap   total 189440K, used 147217K [0x0000000080000000, 0x0000000100000000)
  region size 1024K, 54 young (55296K), 1 survivors (1024K)
 Metaspace       used 119727K, capacity 123438K, committed 123984K, reserved 1157120K
  class space    used 14562K, capacity 15921K, committed 16128K, reserved 1048576K
}
Event: 2678.475 GC heap after
{Heap after GC invocations=106 (full 0):
 garbage-first heap   total 189440K, used 93392K [0x0000000080000000, 0x0000000100000000)
  region size 1024K, 1 young (1024K), 1 survivors (1024K)
 Metaspace       used 119727K, capacity 123438K, committed 123984K, reserved 1157120K
  class space    used 14562K, capacity 15921K, committed 16128K, reserved 1048576K
}
Event: 2826.542 GC heap before
{Heap before GC invocations=107 (full 0):
 garbage-first heap   total 189440K, used 172240K [0x0000000080000000, 0x0000000100000000)
  region size 1024K, 56 young (57344K), 1 survivors (1024K)
 Metaspace       used 119794K, capacity 123504K, committed 123984K, reserved 1157120K
  class space    used 14563K, capacity 15921K, committed 16128K, reserved 1048576K
}
Event: 2826.550 GC heap after
{Heap after GC invocations=108 (full 0):
 garbage-first heap   total 189440K, used 95504K [0x0000000080000000, 0x0000000100000000)
  region size 1024K, 5 young (5120K), 5 survivors (5120K)
 Metaspace       used 119794K, capacity 123504K, committed 123984K, reserved 1157120K
  class space    used 14563K, capacity 15921K, committed 16128K, reserved 1048576K
}
Event: 2966.549 GC heap before
{Heap before GC invocations=108 (full 0):
 garbage-first heap   total 189440K, used 99600K [0x0000000080000000, 0x0000000100000000)
  region size 1024K, 9 young (9216K), 5 survivors (5120K)
 Metaspace       used 119799K, capacity 123504K, committed 123984K, reserved 1157120K
  class space    used 14563K, capacity 15921K, committed 16128K, reserved 1048576K
}
Event: 2966.562 GC heap after
{Heap after GC invocations=109 (full 0):
 garbage-first heap   total 189440K, used 80936K [0x0000000080000000, 0x0000000100000000)
  region size 1024K, 1 young (1024K), 1 survivors (1024K)
 Metaspace       used 119799K, capacity 123504K, committed 123984K, reserved 1157120K
  class space    used 14563K, capacity 15921K, committed 16128K, reserved 1048576K
}
Event: 2967.088 GC heap before
{Heap before GC invocations=109 (full 0):
 garbage-first heap   total 189440K, used 120872K [0x0000000080000000, 0x0000000100000000)
  region size 1024K, 41 young (41984K), 1 survivors (1024K)
 Metaspace       used 119859K, capacity 123516K, committed 123984K, reserved 1157120K
  class space    used 14565K, capacity 15924K, committed 16128K, reserved 1048576K
}
Event: 2967.099 GC heap after
{Heap after GC invocations=110 (full 0):
 garbage-first heap   total 189440K, used 85848K [0x0000000080000000, 0x0000000100000000)
  region size 1024K, 6 young (6144K), 6 survivors (6144K)
 Metaspace       used 119859K, capacity 123516K, committed 123984K, reserved 1157120K
  class space    used 14565K, capacity 15924K, committed 16128K, reserved 1048576K
}
Event: 2967.843 GC heap before
{Heap before GC invocations=111 (full 0):
 garbage-first heap   total 189440K, used 146264K [0x0000000080000000, 0x0000000100000000)
  region size 1024K, 66 young (67584K), 6 survivors (6144K)
 Metaspace       used 119878K, capacity 123522K, committed 123984K, reserved 1157120K
  class space    used 14565K, capacity 15924K, committed 16128K, reserved 1048576K
}
Event: 2967.852 GC heap after
{Heap after GC invocations=112 (full 0):
 garbage-first heap   total 189440K, used 86488K [0x0000000080000000, 0x0000000100000000)
  region size 1024K, 2 young (2048K), 2 survivors (2048K)
 Metaspace       used 119878K, capacity 123522K, committed 123984K, reserved 1157120K
  class space    used 14565K, capacity 15924K, committed 16128K, reserved 1048576K
}
Event: 2967.932 GC heap before
{Heap before GC invocations=112 (full 0):
 garbage-first heap   total 189440K, used 92632K [0x0000000080000000, 0x0000000100000000)
  region size 1024K, 9 young (9216K), 2 survivors (2048K)
 Metaspace       used 119883K, capacity 123528K, committed 123984K, reserved 1157120K
  class space    used 14566K, capacity 15925K, committed 16128K, reserved 1048576K
}
Event: 2967.946 GC heap after
{Heap after GC invocations=113 (full 0):
 garbage-first heap   total 189440K, used 80614K [0x0000000080000000, 0x0000000100000000)
  region size 1024K, 1 young (1024K), 1 survivors (1024K)
 Metaspace       used 119883K, capacity 123528K, committed 123984K, reserved 1157120K
  class space    used 14566K, capacity 15925K, committed 16128K, reserved 1048576K
}
Event: 2967.949 GC heap before
{Heap before GC invocations=113 (full 0):
 garbage-first heap   total 189440K, used 80614K [0x0000000080000000, 0x0000000100000000)
  region size 1024K, 3 young (3072K), 1 survivors (1024K)
 Metaspace       used 119883K, capacity 123528K, committed 123984K, reserved 1157120K
  class space    used 14566K, capacity 15925K, committed 16128K, reserved 1048576K
}
Event: 2967.953 GC heap after
{Heap after GC invocations=114 (full 0):
 garbage-first heap   total 189440K, used 80522K [0x0000000080000000, 0x0000000100000000)
  region size 1024K, 1 young (1024K), 1 survivors (1024K)
 Metaspace       used 119883K, capacity 123528K, committed 123984K, reserved 1157120K
  class space    used 14566K, capacity 15925K, committed 16128K, reserved 1048576K
}
Event: 3250.452 GC heap before
{Heap before GC invocations=115 (full 0):
 garbage-first heap   total 189440K, used 168586K [0x0000000080000000, 0x0000000100000000)
  region size 1024K, 62 young (63488K), 1 survivors (1024K)
 Metaspace       used 122307K, capacity 126823K, committed 126928K, reserved 1159168K
  class space    used 14934K, capacity 16490K, committed 16512K, reserved 1048576K
}
Event: 3250.468 GC heap after
{Heap after GC invocations=116 (full 0):
 garbage-first heap   total 189440K, used 91846K [0x0000000080000000, 0x0000000100000000)
  region size 1024K, 8 young (8192K), 8 survivors (8192K)
 Metaspace       used 122307K, capacity 126823K, committed 126928K, reserved 1159168K
  class space    used 14934K, capacity 16490K, committed 16512K, reserved 1048576K
}
Event: 3250.479 GC heap before
{Heap before GC invocations=116 (full 0):
 garbage-first heap   total 189440K, used 92870K [0x0000000080000000, 0x0000000100000000)
  region size 1024K, 9 young (9216K), 8 survivors (8192K)
 Metaspace       used 122340K, capacity 126919K, committed 127056K, reserved 1159168K
  class space    used 14938K, capacity 16522K, committed 16640K, reserved 1048576K
}
Event: 3250.492 GC heap after
{Heap after GC invocations=117 (full 0):
 garbage-first heap   total 189440K, used 92544K [0x0000000080000000, 0x0000000100000000)
  region size 1024K, 1 young (1024K), 1 survivors (1024K)
 Metaspace       used 122340K, capacity 126919K, committed 127056K, reserved 1159168K
  class space    used 14938K, capacity 16522K, committed 16640K, reserved 1048576K
}
Event: 3250.743 GC heap before
{Heap before GC invocations=117 (full 0):
 garbage-first heap   total 189440K, used 99712K [0x0000000080000000, 0x0000000100000000)
  region size 1024K, 9 young (9216K), 1 survivors (1024K)
 Metaspace       used 122524K, capacity 127079K, committed 127312K, reserved 1161216K
  class space    used 14949K, capacity 16554K, committed 16640K, reserved 1048576K
}
Event: 3250.754 GC heap after
{Heap after GC invocations=118 (full 0):
 garbage-first heap   total 189440K, used 94298K [0x0000000080000000, 0x0000000100000000)
  region size 1024K, 3 young (3072K), 3 survivors (3072K)
 Metaspace       used 122524K, capacity 127079K, committed 127312K, reserved 1161216K
  class space    used 14949K, capacity 16554K, committed 16640K, reserved 1048576K
}

