# JRE version: OpenJDK Runtime Environment (11.0.13) (build 11.0.13+0-b1751.21-8125866)
# Java VM: OpenJDK 64-Bit Server VM (11.0.13+0-b1751.21-8125866, mixed mode, tiered, compressed oops, g1 gc, windows-amd64)
Heap:
 garbage-first heap   total 362496K, used 157513K [0x0000000080000000, 0x0000000100000000)
  region size 1024K, 3 young (3072K), 3 survivors (3072K)
 Metaspace       used 120286K, capacity 124065K, committed 124240K, reserved 1157120K
  class space    used 14987K, capacity 16439K, committed 16544K, reserved 1048576K
GC Heap History (20 events):
Event: 3386.557 GC heap after
{Heap after GC invocations=75 (full 0):
 garbage-first heap   total 189440K, used 141983K [0x0000000080000000, 0x0000000100000000)
  region size 1024K, 4 young (4096K), 4 survivors (4096K)
 Metaspace       used 119084K, capacity 122774K, committed 123088K, reserved 1157120K
  class space    used 14925K, capacity 16317K, committed 16416K, reserved 1048576K
}
Event: 3386.623 GC heap before
{Heap before GC invocations=75 (full 0):
 garbage-first heap   total 189440K, used 163487K [0x0000000080000000, 0x0000000100000000)
  region size 1024K, 26 young (26624K), 4 survivors (4096K)
 Metaspace       used 119118K, capacity 122838K, committed 123088K, reserved 1157120K
  class space    used 14925K, capacity 16317K, committed 16416K, reserved 1048576K
}
Event: 3386.635 GC heap after
{Heap after GC invocations=76 (full 0):
 garbage-first heap   total 189440K, used 143679K [0x0000000080000000, 0x0000000100000000)
  region size 1024K, 2 young (2048K), 2 survivors (2048K)
 Metaspace       used 119118K, capacity 122838K, committed 123088K, reserved 1157120K
  class space    used 14925K, capacity 16317K, committed 16416K, reserved 1048576K
}
Event: 3386.748 GC heap before
{Heap before GC invocations=76 (full 0):
 garbage-first heap   total 189440K, used 163135K [0x0000000080000000, 0x0000000100000000)
  region size 1024K, 22 young (22528K), 2 survivors (2048K)
 Metaspace       used 119214K, capacity 122906K, committed 123088K, reserved 1157120K
  class space    used 14926K, capacity 16318K, committed 16416K, reserved 1048576K
}
Event: 3386.755 GC heap after
{Heap after GC invocations=77 (full 0):
 garbage-first heap   total 229376K, used 143798K [0x0000000080000000, 0x0000000100000000)
  region size 1024K, 2 young (2048K), 2 survivors (2048K)
 Metaspace       used 119214K, capacity 122906K, committed 123088K, reserved 1157120K
  class space    used 14926K, capacity 16318K, committed 16416K, reserved 1048576K
}
Event: 3386.998 GC heap before
{Heap before GC invocations=77 (full 0):
 garbage-first heap   total 229376K, used 177590K [0x0000000080000000, 0x0000000100000000)
  region size 1024K, 36 young (36864K), 2 survivors (2048K)
 Metaspace       used 119399K, capacity 123097K, committed 123344K, reserved 1157120K
  class space    used 14949K, capacity 16360K, committed 16416K, reserved 1048576K
}
Event: 3387.004 GC heap after
{Heap after GC invocations=78 (full 0):
 garbage-first heap   total 229376K, used 143360K [0x0000000080000000, 0x0000000100000000)
  region size 1024K, 2 young (2048K), 2 survivors (2048K)
 Metaspace       used 119399K, capacity 123097K, committed 123344K, reserved 1157120K
  class space    used 14949K, capacity 16360K, committed 16416K, reserved 1048576K
}
Event: 3387.141 GC heap before
{Heap before GC invocations=78 (full 0):
 garbage-first heap   total 229376K, used 180224K [0x0000000080000000, 0x0000000100000000)
  region size 1024K, 38 young (38912K), 2 survivors (2048K)
 Metaspace       used 119682K, capacity 123363K, committed 123600K, reserved 1157120K
  class space    used 14972K, capacity 16363K, committed 16416K, reserved 1048576K
}
Event: 3387.148 GC heap after
{Heap after GC invocations=79 (full 0):
 garbage-first heap   total 229376K, used 145069K [0x0000000080000000, 0x0000000100000000)
  region size 1024K, 4 young (4096K), 4 survivors (4096K)
 Metaspace       used 119682K, capacity 123363K, committed 123600K, reserved 1157120K
  class space    used 14972K, capacity 16363K, committed 16416K, reserved 1048576K
}
Event: 3387.344 GC heap before
{Heap before GC invocations=79 (full 0):
 garbage-first heap   total 229376K, used 182957K [0x0000000080000000, 0x0000000100000000)
  region size 1024K, 41 young (41984K), 4 survivors (4096K)
 Metaspace       used 119719K, capacity 123493K, committed 123600K, reserved 1157120K
  class space    used 14972K, capacity 16363K, committed 16416K, reserved 1048576K
}
Event: 3387.348 GC heap after
{Heap after GC invocations=80 (full 0):
 garbage-first heap   total 229376K, used 143846K [0x0000000080000000, 0x0000000100000000)
  region size 1024K, 1 young (1024K), 1 survivors (1024K)
 Metaspace       used 119719K, capacity 123493K, committed 123600K, reserved 1157120K
  class space    used 14972K, capacity 16363K, committed 16416K, reserved 1048576K
}
Event: 3387.608 GC heap before
{Heap before GC invocations=80 (full 0):
 garbage-first heap   total 229376K, used 184806K [0x0000000080000000, 0x0000000100000000)
  region size 1024K, 41 young (41984K), 1 survivors (1024K)
 Metaspace       used 119789K, capacity 123511K, committed 123600K, reserved 1157120K
  class space    used 14976K, capacity 16368K, committed 16416K, reserved 1048576K
}
Event: 3387.613 GC heap after
{Heap after GC invocations=81 (full 0):
 garbage-first heap   total 275456K, used 144040K [0x0000000080000000, 0x0000000100000000)
  region size 1024K, 2 young (2048K), 2 survivors (2048K)
 Metaspace       used 119789K, capacity 123511K, committed 123600K, reserved 1157120K
  class space    used 14976K, capacity 16368K, committed 16416K, reserved 1048576K
}
Event: 3388.025 GC heap before
{Heap before GC invocations=81 (full 0):
 garbage-first heap   total 275456K, used 206504K [0x0000000080000000, 0x0000000100000000)
  region size 1024K, 61 young (62464K), 2 survivors (2048K)
 Metaspace       used 119889K, capacity 123616K, committed 123856K, reserved 1157120K
  class space    used 14979K, capacity 16401K, committed 16416K, reserved 1048576K
}
Event: 3388.032 GC heap after
{Heap after GC invocations=82 (full 0):
 garbage-first heap   total 275456K, used 147766K [0x0000000080000000, 0x0000000100000000)
  region size 1024K, 3 young (3072K), 3 survivors (3072K)
 Metaspace       used 119889K, capacity 123616K, committed 123856K, reserved 1157120K
  class space    used 14979K, capacity 16401K, committed 16416K, reserved 1048576K
}
Event: 3388.448 GC heap before
{Heap before GC invocations=82 (full 0):
 garbage-first heap   total 275456K, used 211254K [0x0000000080000000, 0x0000000100000000)
  region size 1024K, 65 young (66560K), 3 survivors (3072K)
 Metaspace       used 119976K, capacity 123691K, committed 123856K, reserved 1157120K
  class space    used 14980K, capacity 16404K, committed 16416K, reserved 1048576K
}
Event: 3388.462 GC heap after
{Heap after GC invocations=83 (full 0):
 garbage-first heap   total 275456K, used 155291K [0x0000000080000000, 0x0000000100000000)
  region size 1024K, 9 young (9216K), 9 survivors (9216K)
 Metaspace       used 119976K, capacity 123691K, committed 123856K, reserved 1157120K
  class space    used 14980K, capacity 16404K, committed 16416K, reserved 1048576K
}
Event: 3388.965 GC heap before
{Heap before GC invocations=83 (full 0):
 garbage-first heap   total 275456K, used 215707K [0x0000000080000000, 0x0000000100000000)
  region size 1024K, 68 young (69632K), 9 survivors (9216K)
 Metaspace       used 120166K, capacity 123869K, committed 123984K, reserved 1157120K
  class space    used 14986K, capacity 16439K, committed 16544K, reserved 1048576K
}
Event: 3388.980 GC heap after
{Heap after GC invocations=84 (full 0):
 garbage-first heap   total 275456K, used 157033K [0x0000000080000000, 0x0000000100000000)
  region size 1024K, 2 young (2048K), 2 survivors (2048K)
 Metaspace       used 120166K, capacity 123869K, committed 123984K, reserved 1157120K
  class space    used 14986K, capacity 16439K, committed 16544K, reserved 1048576K
}
Event: 3389.523 GC heap before
{Heap before GC invocations=84 (full 0):
 garbage-first heap   total 275456K, used 219497K [0x0000000080000000, 0x0000000100000000)
  region size 1024K, 63 young (64512K), 2 survivors (2048K)
 Metaspace       used 120286K, capacity 124065K, committed 124240K, reserved 1157120K
  class space    used 14987K, capacity 16439K, committed 16544K, reserved 1048576K
}

