# JRE version: OpenJDK Runtime Environment (11.0.13) (build 11.0.13+0-b1751.21-8125866)
# Java VM: OpenJDK 64-Bit Server VM (11.0.13+0-b1751.21-8125866, mixed mode, tiered, compressed oops, g1 gc, windows-amd64)
Heap:
 garbage-first heap   total 273408K, used 212022K [0x0000000080000000, 0x0000000100000000)
  region size 1024K, 91 young (93184K), 5 survivors (5120K)
 Metaspace       used 112192K, capacity 115383K, committed 115664K, reserved 1148928K
  class space    used 14122K, capacity 15329K, committed 15392K, reserved 1048576K
GC Heap History (20 events):
Event: 70.956 GC heap before
{Heap before GC invocations=70 (full 0):
 garbage-first heap   total 273408K, used 223302K [0x0000000080000000, 0x0000000100000000)
  region size 1024K, 103 young (105472K), 2 survivors (2048K)
 Metaspace       used 111800K, capacity 115024K, committed 115152K, reserved 1148928K
  class space    used 14107K, capacity 15311K, committed 15392K, reserved 1048576K
}
Event: 70.962 GC heap after
{Heap after GC invocations=71 (full 0):
 garbage-first heap   total 273408K, used 120220K [0x0000000080000000, 0x0000000100000000)
  region size 1024K, 3 young (3072K), 3 survivors (3072K)
 Metaspace       used 111800K, capacity 115024K, committed 115152K, reserved 1148928K
  class space    used 14107K, capacity 15311K, committed 15392K, reserved 1048576K
}
Event: 71.359 GC heap before
{Heap before GC invocations=71 (full 0):
 garbage-first heap   total 273408K, used 223644K [0x0000000080000000, 0x0000000100000000)
  region size 1024K, 104 young (106496K), 3 survivors (3072K)
 Metaspace       used 111810K, capacity 115025K, committed 115152K, reserved 1148928K
  class space    used 14107K, capacity 15311K, committed 15392K, reserved 1048576K
}
Event: 71.364 GC heap after
{Heap after GC invocations=72 (full 0):
 garbage-first heap   total 273408K, used 120793K [0x0000000080000000, 0x0000000100000000)
  region size 1024K, 3 young (3072K), 3 survivors (3072K)
 Metaspace       used 111810K, capacity 115025K, committed 115152K, reserved 1148928K
  class space    used 14107K, capacity 15311K, committed 15392K, reserved 1048576K
}
Event: 71.766 GC heap before
{Heap before GC invocations=72 (full 0):
 garbage-first heap   total 273408K, used 226265K [0x0000000080000000, 0x0000000100000000)
  region size 1024K, 106 young (108544K), 3 survivors (3072K)
 Metaspace       used 111810K, capacity 115025K, committed 115152K, reserved 1148928K
  class space    used 14107K, capacity 15311K, committed 15392K, reserved 1048576K
}
Event: 71.774 GC heap after
{Heap after GC invocations=73 (full 0):
 garbage-first heap   total 273408K, used 120848K [0x0000000080000000, 0x0000000100000000)
  region size 1024K, 3 young (3072K), 3 survivors (3072K)
 Metaspace       used 111810K, capacity 115025K, committed 115152K, reserved 1148928K
  class space    used 14107K, capacity 15311K, committed 15392K, reserved 1048576K
}
Event: 72.143 GC heap before
{Heap before GC invocations=73 (full 0):
 garbage-first heap   total 273408K, used 228368K [0x0000000080000000, 0x0000000100000000)
  region size 1024K, 108 young (110592K), 3 survivors (3072K)
 Metaspace       used 111831K, capacity 115103K, committed 115408K, reserved 1148928K
  class space    used 14110K, capacity 15316K, committed 15392K, reserved 1048576K
}
Event: 72.149 GC heap after
{Heap after GC invocations=74 (full 0):
 garbage-first heap   total 273408K, used 120877K [0x0000000080000000, 0x0000000100000000)
  region size 1024K, 3 young (3072K), 3 survivors (3072K)
 Metaspace       used 111831K, capacity 115103K, committed 115408K, reserved 1148928K
  class space    used 14110K, capacity 15316K, committed 15392K, reserved 1048576K
}
Event: 72.512 GC heap before
{Heap before GC invocations=74 (full 0):
 garbage-first heap   total 273408K, used 229421K [0x0000000080000000, 0x0000000100000000)
  region size 1024K, 109 young (111616K), 3 survivors (3072K)
 Metaspace       used 111843K, capacity 115104K, committed 115408K, reserved 1148928K
  class space    used 14110K, capacity 15316K, committed 15392K, reserved 1048576K
}
Event: 72.517 GC heap after
{Heap after GC invocations=75 (full 0):
 garbage-first heap   total 273408K, used 121263K [0x0000000080000000, 0x0000000100000000)
  region size 1024K, 4 young (4096K), 4 survivors (4096K)
 Metaspace       used 111843K, capacity 115104K, committed 115408K, reserved 1148928K
  class space    used 14110K, capacity 15316K, committed 15392K, reserved 1048576K
}
Event: 72.914 GC heap before
{Heap before GC invocations=75 (full 0):
 garbage-first heap   total 273408K, used 229807K [0x0000000080000000, 0x0000000100000000)
  region size 1024K, 110 young (112640K), 4 survivors (4096K)
 Metaspace       used 111853K, capacity 115107K, committed 115408K, reserved 1148928K
  class space    used 14111K, capacity 15317K, committed 15392K, reserved 1048576K
}
Event: 72.921 GC heap after
{Heap after GC invocations=76 (full 0):
 garbage-first heap   total 273408K, used 122751K [0x0000000080000000, 0x0000000100000000)
  region size 1024K, 5 young (5120K), 5 survivors (5120K)
 Metaspace       used 111853K, capacity 115107K, committed 115408K, reserved 1148928K
  class space    used 14111K, capacity 15317K, committed 15392K, reserved 1048576K
}
Event: 73.337 GC heap before
{Heap before GC invocations=76 (full 0):
 garbage-first heap   total 273408K, used 231295K [0x0000000080000000, 0x0000000100000000)
  region size 1024K, 111 young (113664K), 5 survivors (5120K)
 Metaspace       used 111855K, capacity 115107K, committed 115408K, reserved 1148928K
  class space    used 14111K, capacity 15317K, committed 15392K, reserved 1048576K
}
Event: 73.347 GC heap after
{Heap after GC invocations=77 (full 0):
 garbage-first heap   total 273408K, used 121617K [0x0000000080000000, 0x0000000100000000)
  region size 1024K, 4 young (4096K), 4 survivors (4096K)
 Metaspace       used 111855K, capacity 115107K, committed 115408K, reserved 1148928K
  class space    used 14111K, capacity 15317K, committed 15392K, reserved 1048576K
}
Event: 73.782 GC heap before
{Heap before GC invocations=77 (full 0):
 garbage-first heap   total 273408K, used 232209K [0x0000000080000000, 0x0000000100000000)
  region size 1024K, 112 young (114688K), 4 survivors (4096K)
 Metaspace       used 111857K, capacity 115107K, committed 115408K, reserved 1148928K
  class space    used 14111K, capacity 15317K, committed 15392K, reserved 1048576K
}
Event: 73.789 GC heap after
{Heap after GC invocations=78 (full 0):
 garbage-first heap   total 273408K, used 122386K [0x0000000080000000, 0x0000000100000000)
  region size 1024K, 5 young (5120K), 5 survivors (5120K)
 Metaspace       used 111857K, capacity 115107K, committed 115408K, reserved 1148928K
  class space    used 14111K, capacity 15317K, committed 15392K, reserved 1048576K
}
Event: 74.169 GC heap before
{Heap before GC invocations=78 (full 0):
 garbage-first heap   total 273408K, used 234002K [0x0000000080000000, 0x0000000100000000)
  region size 1024K, 114 young (116736K), 5 survivors (5120K)
 Metaspace       used 111860K, capacity 115107K, committed 115408K, reserved 1148928K
  class space    used 14111K, capacity 15317K, committed 15392K, reserved 1048576K
}
Event: 74.181 GC heap after
{Heap after GC invocations=79 (full 0):
 garbage-first heap   total 273408K, used 122005K [0x0000000080000000, 0x0000000100000000)
  region size 1024K, 4 young (4096K), 4 survivors (4096K)
 Metaspace       used 111860K, capacity 115107K, committed 115408K, reserved 1148928K
  class space    used 14111K, capacity 15317K, committed 15392K, reserved 1048576K
}
Event: 74.679 GC heap before
{Heap before GC invocations=79 (full 0):
 garbage-first heap   total 273408K, used 237717K [0x0000000080000000, 0x0000000100000000)
  region size 1024K, 117 young (119808K), 4 survivors (4096K)
 Metaspace       used 111871K, capacity 115114K, committed 115408K, reserved 1148928K
  class space    used 14112K, capacity 15319K, committed 15392K, reserved 1048576K
}
Event: 74.686 GC heap after
{Heap after GC invocations=80 (full 0):
 garbage-first heap   total 273408K, used 122934K [0x0000000080000000, 0x0000000100000000)
  region size 1024K, 5 young (5120K), 5 survivors (5120K)
 Metaspace       used 111871K, capacity 115114K, committed 115408K, reserved 1148928K
  class space    used 14112K, capacity 15319K, committed 15392K, reserved 1048576K
}

