# JRE version: OpenJDK Runtime Environment (11.0.13) (build 11.0.13+0-b1751.21-8125866)
# Java VM: OpenJDK 64-Bit Server VM (11.0.13+0-b1751.21-8125866, mixed mode, tiered, compressed oops, g1 gc, windows-amd64)
Heap:
 garbage-first heap   total 227328K, used 98327K [0x0000000080000000, 0x0000000100000000)
  region size 1024K, 1 young (1024K), 1 survivors (1024K)
 Metaspace       used 123952K, capacity 127758K, committed 127952K, reserved 1161216K
  class space    used 15007K, capacity 16412K, committed 16512K, reserved 1048576K
GC Heap History (20 events):
Event: 3884.577 GC heap after
{Heap after GC invocations=119 (full 0):
 garbage-first heap   total 189440K, used 98011K [0x0000000080000000, 0x0000000100000000)
  region size 1024K, 1 young (1024K), 1 survivors (1024K)
 Metaspace       used 123822K, capacity 127647K, committed 127952K, reserved 1161216K
  class space    used 14993K, capacity 16396K, committed 16512K, reserved 1048576K
}
Event: 3885.043 GC heap before
{Heap before GC invocations=120 (full 0):
 garbage-first heap   total 189440K, used 149211K [0x0000000080000000, 0x0000000100000000)
  region size 1024K, 51 young (52224K), 1 survivors (1024K)
 Metaspace       used 123844K, capacity 127656K, committed 127952K, reserved 1161216K
  class space    used 14995K, capacity 16399K, committed 16512K, reserved 1048576K
}
Event: 3885.047 GC heap after
{Heap after GC invocations=121 (full 0):
 garbage-first heap   total 189440K, used 97958K [0x0000000080000000, 0x0000000100000000)
  region size 1024K, 1 young (1024K), 1 survivors (1024K)
 Metaspace       used 123844K, capacity 127656K, committed 127952K, reserved 1161216K
  class space    used 14995K, capacity 16399K, committed 16512K, reserved 1048576K
}
Event: 3885.105 GC heap before
{Heap before GC invocations=121 (full 0):
 garbage-first heap   total 189440K, used 106150K [0x0000000080000000, 0x0000000100000000)
  region size 1024K, 9 young (9216K), 1 survivors (1024K)
 Metaspace       used 123851K, capacity 127659K, committed 127952K, reserved 1161216K
  class space    used 14996K, capacity 16400K, committed 16512K, reserved 1048576K
}
Event: 3885.112 GC heap after
{Heap after GC invocations=122 (full 0):
 garbage-first heap   total 189440K, used 97386K [0x0000000080000000, 0x0000000100000000)
  region size 1024K, 1 young (1024K), 1 survivors (1024K)
 Metaspace       used 123851K, capacity 127659K, committed 127952K, reserved 1161216K
  class space    used 14996K, capacity 16400K, committed 16512K, reserved 1048576K
}
Event: 3885.464 GC heap before
{Heap before GC invocations=122 (full 0):
 garbage-first heap   total 189440K, used 150634K [0x0000000080000000, 0x0000000100000000)
  region size 1024K, 53 young (54272K), 1 survivors (1024K)
 Metaspace       used 123880K, capacity 127684K, committed 127952K, reserved 1161216K
  class space    used 15001K, capacity 16409K, committed 16512K, reserved 1048576K
}
Event: 3885.471 GC heap after
{Heap after GC invocations=123 (full 0):
 garbage-first heap   total 189440K, used 98499K [0x0000000080000000, 0x0000000100000000)
  region size 1024K, 2 young (2048K), 2 survivors (2048K)
 Metaspace       used 123880K, capacity 127684K, committed 127952K, reserved 1161216K
  class space    used 15001K, capacity 16409K, committed 16512K, reserved 1048576K
}
Event: 3885.778 GC heap before
{Heap before GC invocations=123 (full 0):
 garbage-first heap   total 189440K, used 152771K [0x0000000080000000, 0x0000000100000000)
  region size 1024K, 55 young (56320K), 2 survivors (2048K)
 Metaspace       used 123885K, capacity 127685K, committed 127952K, reserved 1161216K
  class space    used 15001K, capacity 16409K, committed 16512K, reserved 1048576K
}
Event: 3885.785 GC heap after
{Heap after GC invocations=124 (full 0):
 garbage-first heap   total 189440K, used 97945K [0x0000000080000000, 0x0000000100000000)
  region size 1024K, 2 young (2048K), 2 survivors (2048K)
 Metaspace       used 123885K, capacity 127685K, committed 127952K, reserved 1161216K
  class space    used 15001K, capacity 16409K, committed 16512K, reserved 1048576K
}
Event: 3886.233 GC heap before
{Heap before GC invocations=125 (full 0):
 garbage-first heap   total 189440K, used 154265K [0x0000000080000000, 0x0000000100000000)
  region size 1024K, 57 young (58368K), 2 survivors (2048K)
 Metaspace       used 123895K, capacity 127685K, committed 127952K, reserved 1161216K
  class space    used 15001K, capacity 16409K, committed 16512K, reserved 1048576K
}
Event: 3886.236 GC heap after
{Heap after GC invocations=126 (full 0):
 garbage-first heap   total 189440K, used 98265K [0x0000000080000000, 0x0000000100000000)
  region size 1024K, 2 young (2048K), 2 survivors (2048K)
 Metaspace       used 123895K, capacity 127685K, committed 127952K, reserved 1161216K
  class space    used 15001K, capacity 16409K, committed 16512K, reserved 1048576K
}
Event: 3886.271 GC heap before
{Heap before GC invocations=126 (full 0):
 garbage-first heap   total 189440K, used 105433K [0x0000000080000000, 0x0000000100000000)
  region size 1024K, 9 young (9216K), 2 survivors (2048K)
 Metaspace       used 123901K, capacity 127685K, committed 127952K, reserved 1161216K
  class space    used 15001K, capacity 16409K, committed 16512K, reserved 1048576K
}
Event: 3886.277 GC heap after
{Heap after GC invocations=127 (full 0):
 garbage-first heap   total 189440K, used 98404K [0x0000000080000000, 0x0000000100000000)
  region size 1024K, 2 young (2048K), 2 survivors (2048K)
 Metaspace       used 123901K, capacity 127685K, committed 127952K, reserved 1161216K
  class space    used 15001K, capacity 16409K, committed 16512K, reserved 1048576K
}
Event: 3886.777 GC heap before
{Heap before GC invocations=127 (full 0):
 garbage-first heap   total 189440K, used 155748K [0x0000000080000000, 0x0000000100000000)
  region size 1024K, 58 young (59392K), 2 survivors (2048K)
 Metaspace       used 123935K, capacity 127757K, committed 127952K, reserved 1161216K
  class space    used 15007K, capacity 16412K, committed 16512K, reserved 1048576K
}
Event: 3886.782 GC heap after
{Heap after GC invocations=128 (full 0):
 garbage-first heap   total 189440K, used 98285K [0x0000000080000000, 0x0000000100000000)
  region size 1024K, 2 young (2048K), 2 survivors (2048K)
 Metaspace       used 123935K, capacity 127757K, committed 127952K, reserved 1161216K
  class space    used 15007K, capacity 16412K, committed 16512K, reserved 1048576K
}
Event: 3887.323 GC heap before
{Heap before GC invocations=129 (full 0):
 garbage-first heap   total 189440K, used 156653K [0x0000000080000000, 0x0000000100000000)
  region size 1024K, 59 young (60416K), 2 survivors (2048K)
 Metaspace       used 123941K, capacity 127757K, committed 127952K, reserved 1161216K
  class space    used 15007K, capacity 16412K, committed 16512K, reserved 1048576K
}
Event: 3887.328 GC heap after
{Heap after GC invocations=130 (full 0):
 garbage-first heap   total 189440K, used 98579K [0x0000000080000000, 0x0000000100000000)
  region size 1024K, 3 young (3072K), 3 survivors (3072K)
 Metaspace       used 123941K, capacity 127757K, committed 127952K, reserved 1161216K
  class space    used 15007K, capacity 16412K, committed 16512K, reserved 1048576K
}
Event: 3887.363 GC heap before
{Heap before GC invocations=130 (full 0):
 garbage-first heap   total 189440K, used 104723K [0x0000000080000000, 0x0000000100000000)
  region size 1024K, 9 young (9216K), 3 survivors (3072K)
 Metaspace       used 123941K, capacity 127757K, committed 127952K, reserved 1161216K
  class space    used 15007K, capacity 16412K, committed 16512K, reserved 1048576K
}
Event: 3887.370 GC heap after
{Heap after GC invocations=131 (full 0):
 garbage-first heap   total 189440K, used 98085K [0x0000000080000000, 0x0000000100000000)
  region size 1024K, 1 young (1024K), 1 survivors (1024K)
 Metaspace       used 123941K, capacity 127757K, committed 127952K, reserved 1161216K
  class space    used 15007K, capacity 16412K, committed 16512K, reserved 1048576K
}
Event: 3887.785 GC heap before
{Heap before GC invocations=131 (full 0):
 garbage-first heap   total 189440K, used 157477K [0x0000000080000000, 0x0000000100000000)
  region size 1024K, 59 young (60416K), 1 survivors (1024K)
 Metaspace       used 123952K, capacity 127758K, committed 127952K, reserved 1161216K
  class space    used 15007K, capacity 16412K, committed 16512K, reserved 1048576K
}

