# JRE version: OpenJDK Runtime Environment (11.0.13) (build 11.0.13+0-b1751.21-8125866)
# Java VM: OpenJDK 64-Bit Server VM (11.0.13+0-b1751.21-8125866, mixed mode, tiered, compressed oops, g1 gc, windows-amd64)
Heap:
 garbage-first heap   total 231424K, used 119047K [0x0000000080000000, 0x0000000100000000)
  region size 1024K, 3 young (3072K), 1 survivors (1024K)
 Metaspace       used 121450K, capacity 125124K, committed 125520K, reserved 1165312K
  class space    used 14868K, capacity 16191K, committed 16544K, reserved 1048576K
GC Heap History (20 events):
Event: 8910.670 GC heap before
{Heap before GC invocations=97 (full 0):
 garbage-first heap   total 189440K, used 125622K [0x0000000080000000, 0x0000000100000000)
  region size 1024K, 9 young (9216K), 4 survivors (4096K)
 Metaspace       used 121010K, capacity 124633K, committed 125264K, reserved 1159168K
  class space    used 14856K, capacity 16173K, committed 16544K, reserved 1048576K
}
Event: 8910.703 GC heap after
{Heap after GC invocations=98 (full 0):
 garbage-first heap   total 189440K, used 114702K [0x0000000080000000, 0x0000000100000000)
  region size 1024K, 1 young (1024K), 1 survivors (1024K)
 Metaspace       used 121010K, capacity 124633K, committed 125264K, reserved 1159168K
  class space    used 14856K, capacity 16173K, committed 16544K, reserved 1048576K
}
Event: 8910.714 GC heap before
{Heap before GC invocations=98 (full 0):
 garbage-first heap   total 189440K, used 114702K [0x0000000080000000, 0x0000000100000000)
  region size 1024K, 2 young (2048K), 1 survivors (1024K)
 Metaspace       used 121010K, capacity 124633K, committed 125264K, reserved 1159168K
  class space    used 14856K, capacity 16173K, committed 16544K, reserved 1048576K
}
Event: 8910.728 GC heap after
{Heap after GC invocations=99 (full 0):
 garbage-first heap   total 189440K, used 114517K [0x0000000080000000, 0x0000000100000000)
  region size 1024K, 1 young (1024K), 1 survivors (1024K)
 Metaspace       used 121010K, capacity 124633K, committed 125264K, reserved 1159168K
  class space    used 14856K, capacity 16173K, committed 16544K, reserved 1048576K
}
Event: 8911.298 GC heap before
{Heap before GC invocations=100 (full 0):
 garbage-first heap   total 189440K, used 144213K [0x0000000080000000, 0x0000000100000000)
  region size 1024K, 27 young (27648K), 1 survivors (1024K)
 Metaspace       used 121018K, capacity 124629K, committed 125264K, reserved 1159168K
  class space    used 14854K, capacity 16169K, committed 16544K, reserved 1048576K
}
Event: 8911.311 GC heap after
{Heap after GC invocations=101 (full 0):
 garbage-first heap   total 189440K, used 122209K [0x0000000080000000, 0x0000000100000000)
  region size 1024K, 4 young (4096K), 4 survivors (4096K)
 Metaspace       used 121018K, capacity 124629K, committed 125264K, reserved 1159168K
  class space    used 14854K, capacity 16169K, committed 16544K, reserved 1048576K
}
Event: 8911.375 GC heap before
{Heap before GC invocations=101 (full 0):
 garbage-first heap   total 189440K, used 126305K [0x0000000080000000, 0x0000000100000000)
  region size 1024K, 9 young (9216K), 4 survivors (4096K)
 Metaspace       used 121018K, capacity 124629K, committed 125264K, reserved 1159168K
  class space    used 14854K, capacity 16169K, committed 16544K, reserved 1048576K
}
Event: 8911.400 GC heap after
{Heap after GC invocations=102 (full 0):
 garbage-first heap   total 189440K, used 119424K [0x0000000080000000, 0x0000000100000000)
  region size 1024K, 2 young (2048K), 2 survivors (2048K)
 Metaspace       used 121018K, capacity 124629K, committed 125264K, reserved 1159168K
  class space    used 14854K, capacity 16169K, committed 16544K, reserved 1048576K
}
Event: 8911.509 GC heap before
{Heap before GC invocations=102 (full 0):
 garbage-first heap   total 189440K, used 121472K [0x0000000080000000, 0x0000000100000000)
  region size 1024K, 6 young (6144K), 2 survivors (2048K)
 Metaspace       used 121019K, capacity 124629K, committed 125264K, reserved 1159168K
  class space    used 14854K, capacity 16169K, committed 16544K, reserved 1048576K
}
Event: 8911.517 GC heap after
{Heap after GC invocations=103 (full 0):
 garbage-first heap   total 189440K, used 120787K [0x0000000080000000, 0x0000000100000000)
  region size 1024K, 3 young (3072K), 3 survivors (3072K)
 Metaspace       used 121019K, capacity 124629K, committed 125264K, reserved 1159168K
  class space    used 14854K, capacity 16169K, committed 16544K, reserved 1048576K
}
Event: 8911.986 GC heap before
{Heap before GC invocations=103 (full 0):
 garbage-first heap   total 189440K, used 147411K [0x0000000080000000, 0x0000000100000000)
  region size 1024K, 28 young (28672K), 3 survivors (3072K)
 Metaspace       used 121024K, capacity 124629K, committed 125264K, reserved 1159168K
  class space    used 14854K, capacity 16169K, committed 16544K, reserved 1048576K
}
Event: 8911.994 GC heap after
{Heap after GC invocations=104 (full 0):
 garbage-first heap   total 189440K, used 126364K [0x0000000080000000, 0x0000000100000000)
  region size 1024K, 4 young (4096K), 4 survivors (4096K)
 Metaspace       used 121024K, capacity 124629K, committed 125264K, reserved 1159168K
  class space    used 14854K, capacity 16169K, committed 16544K, reserved 1048576K
}
Event: 8912.399 GC heap before
{Heap before GC invocations=105 (full 0):
 garbage-first heap   total 189440K, used 155036K [0x0000000080000000, 0x0000000100000000)
  region size 1024K, 27 young (27648K), 4 survivors (4096K)
 Metaspace       used 121125K, capacity 124719K, committed 125264K, reserved 1159168K
  class space    used 14854K, capacity 16169K, committed 16544K, reserved 1048576K
}
Event: 8912.403 GC heap after
{Heap after GC invocations=106 (full 0):
 garbage-first heap   total 189440K, used 130655K [0x0000000080000000, 0x0000000100000000)
  region size 1024K, 1 young (1024K), 1 survivors (1024K)
 Metaspace       used 121125K, capacity 124719K, committed 125264K, reserved 1159168K
  class space    used 14854K, capacity 16169K, committed 16544K, reserved 1048576K
}
Event: 8912.910 GC heap before
{Heap before GC invocations=106 (full 0):
 garbage-first heap   total 189440K, used 137823K [0x0000000080000000, 0x0000000100000000)
  region size 1024K, 9 young (9216K), 1 survivors (1024K)
 Metaspace       used 121140K, capacity 124725K, committed 125264K, reserved 1159168K
  class space    used 14854K, capacity 16169K, committed 16544K, reserved 1048576K
}
Event: 8912.919 GC heap after
{Heap after GC invocations=107 (full 0):
 garbage-first heap   total 231424K, used 124573K [0x0000000080000000, 0x0000000100000000)
  region size 1024K, 1 young (1024K), 1 survivors (1024K)
 Metaspace       used 121140K, capacity 124725K, committed 125264K, reserved 1159168K
  class space    used 14854K, capacity 16169K, committed 16544K, reserved 1048576K
}
Event: 8914.005 GC heap before
{Heap before GC invocations=107 (full 0):
 garbage-first heap   total 231424K, used 167581K [0x0000000080000000, 0x0000000100000000)
  region size 1024K, 44 young (45056K), 1 survivors (1024K)
 Metaspace       used 121249K, capacity 124969K, committed 125520K, reserved 1159168K
  class space    used 14863K, capacity 16185K, committed 16544K, reserved 1048576K
}
Event: 8914.011 GC heap after
{Heap after GC invocations=108 (full 0):
 garbage-first heap   total 231424K, used 126232K [0x0000000080000000, 0x0000000100000000)
  region size 1024K, 3 young (3072K), 3 survivors (3072K)
 Metaspace       used 121249K, capacity 124969K, committed 125520K, reserved 1159168K
  class space    used 14863K, capacity 16185K, committed 16544K, reserved 1048576K
}
Event: 8915.892 GC heap before
{Heap before GC invocations=109 (full 0):
 garbage-first heap   total 231424K, used 165144K [0x0000000080000000, 0x0000000100000000)
  region size 1024K, 48 young (49152K), 3 survivors (3072K)
 Metaspace       used 121407K, capacity 125123K, committed 125520K, reserved 1159168K
  class space    used 14868K, capacity 16191K, committed 16544K, reserved 1048576K
}
Event: 8915.906 GC heap after
{Heap after GC invocations=110 (full 0):
 garbage-first heap   total 231424K, used 128000K [0x0000000080000000, 0x0000000100000000)
  region size 1024K, 6 young (6144K), 6 survivors (6144K)
 Metaspace       used 121407K, capacity 125123K, committed 125520K, reserved 1159168K
  class space    used 14868K, capacity 16191K, committed 16544K, reserved 1048576K
}

