# JRE version: OpenJDK Runtime Environment (11.0.13) (build 11.0.13+0-b1751.21-8125866)
# Java VM: OpenJDK 64-Bit Server VM (11.0.13+0-b1751.21-8125866, mixed mode, tiered, compressed oops, g1 gc, windows-amd64)
Heap:
 garbage-first heap   total 669696K, used 266479K [0x0000000080000000, 0x0000000100000000)
  region size 1024K, 3 young (3072K), 3 survivors (3072K)
 Metaspace       used 125041K, capacity 128948K, committed 130896K, reserved 1163264K
  class space    used 15110K, capacity 16548K, committed 17312K, reserved 1048576K
GC Heap History (20 events):
Event: 4273.963 GC heap after
{Heap after GC invocations=145 (full 0):
 garbage-first heap   total 368640K, used 237074K [0x0000000080000000, 0x0000000100000000)
  region size 1024K, 4 young (4096K), 4 survivors (4096K)
 Metaspace       used 125923K, capacity 130373K, committed 130640K, reserved 1163264K
  class space    used 15471K, capacity 17213K, committed 17312K, reserved 1048576K
}
Event: 4274.256 GC heap before
{Heap before GC invocations=145 (full 0):
 garbage-first heap   total 368640K, used 321042K [0x0000000080000000, 0x0000000100000000)
  region size 1024K, 86 young (88064K), 4 survivors (4096K)
 Metaspace       used 125930K, capacity 130373K, committed 130640K, reserved 1163264K
  class space    used 15471K, capacity 17213K, committed 17312K, reserved 1048576K
}
Event: 4274.261 GC heap after
{Heap after GC invocations=146 (full 0):
 garbage-first heap   total 368640K, used 236267K [0x0000000080000000, 0x0000000100000000)
  region size 1024K, 3 young (3072K), 3 survivors (3072K)
 Metaspace       used 125930K, capacity 130373K, committed 130640K, reserved 1163264K
  class space    used 15471K, capacity 17213K, committed 17312K, reserved 1048576K
}
Event: 4274.626 GC heap before
{Heap before GC invocations=146 (full 0):
 garbage-first heap   total 368640K, used 321259K [0x0000000080000000, 0x0000000100000000)
  region size 1024K, 86 young (88064K), 3 survivors (3072K)
 Metaspace       used 125931K, capacity 130437K, committed 130640K, reserved 1163264K
  class space    used 15471K, capacity 17213K, committed 17312K, reserved 1048576K
}
Event: 4274.633 GC heap after
{Heap after GC invocations=147 (full 0):
 garbage-first heap   total 368640K, used 236766K [0x0000000080000000, 0x0000000100000000)
  region size 1024K, 4 young (4096K), 4 survivors (4096K)
 Metaspace       used 125931K, capacity 130437K, committed 130640K, reserved 1163264K
  class space    used 15471K, capacity 17213K, committed 17312K, reserved 1048576K
}
Event: 4274.947 GC heap before
{Heap before GC invocations=147 (full 0):
 garbage-first heap   total 368640K, used 321758K [0x0000000080000000, 0x0000000100000000)
  region size 1024K, 87 young (89088K), 4 survivors (4096K)
 Metaspace       used 125932K, capacity 130437K, committed 130640K, reserved 1163264K
  class space    used 15471K, capacity 17213K, committed 17312K, reserved 1048576K
}
Event: 4274.954 GC heap after
{Heap after GC invocations=148 (full 0):
 garbage-first heap   total 368640K, used 236499K [0x0000000080000000, 0x0000000100000000)
  region size 1024K, 4 young (4096K), 4 survivors (4096K)
 Metaspace       used 125932K, capacity 130437K, committed 130640K, reserved 1163264K
  class space    used 15471K, capacity 17213K, committed 17312K, reserved 1048576K
}
Event: 4275.264 GC heap before
{Heap before GC invocations=148 (full 0):
 garbage-first heap   total 368640K, used 322515K [0x0000000080000000, 0x0000000100000000)
  region size 1024K, 88 young (90112K), 4 survivors (4096K)
 Metaspace       used 125939K, capacity 130441K, committed 130640K, reserved 1163264K
  class space    used 15472K, capacity 17214K, committed 17312K, reserved 1048576K
}
Event: 4275.271 GC heap after
{Heap after GC invocations=149 (full 0):
 garbage-first heap   total 368640K, used 236823K [0x0000000080000000, 0x0000000100000000)
  region size 1024K, 3 young (3072K), 3 survivors (3072K)
 Metaspace       used 125939K, capacity 130441K, committed 130640K, reserved 1163264K
  class space    used 15472K, capacity 17214K, committed 17312K, reserved 1048576K
}
Event: 4275.629 GC heap before
{Heap before GC invocations=149 (full 0):
 garbage-first heap   total 368640K, used 323863K [0x0000000080000000, 0x0000000100000000)
  region size 1024K, 88 young (90112K), 3 survivors (3072K)
 Metaspace       used 125941K, capacity 130441K, committed 130640K, reserved 1163264K
  class space    used 15472K, capacity 17214K, committed 17312K, reserved 1048576K
}
Event: 4275.635 GC heap after
{Heap after GC invocations=150 (full 0):
 garbage-first heap   total 368640K, used 237407K [0x0000000080000000, 0x0000000100000000)
  region size 1024K, 4 young (4096K), 4 survivors (4096K)
 Metaspace       used 125941K, capacity 130441K, committed 130640K, reserved 1163264K
  class space    used 15472K, capacity 17214K, committed 17312K, reserved 1048576K
}
Event: 4276.726 GC heap before
{Heap before GC invocations=150 (full 0):
 garbage-first heap   total 368640K, used 341855K [0x0000000080000000, 0x0000000100000000)
  region size 1024K, 88 young (90112K), 4 survivors (4096K)
 Metaspace       used 126032K, capacity 130534K, committed 130640K, reserved 1163264K
  class space    used 15479K, capacity 17221K, committed 17312K, reserved 1048576K
}
Event: 4276.738 GC heap after
{Heap after GC invocations=151 (full 0):
 garbage-first heap   total 368640K, used 254026K [0x0000000080000000, 0x0000000100000000)
  region size 1024K, 10 young (10240K), 10 survivors (10240K)
 Metaspace       used 126032K, capacity 130534K, committed 130640K, reserved 1163264K
  class space    used 15479K, capacity 17221K, committed 17312K, reserved 1048576K
}
Event: 4277.229 GC heap before
{Heap before GC invocations=151 (full 0):
 garbage-first heap   total 368640K, used 320586K [0x0000000080000000, 0x0000000100000000)
  region size 1024K, 75 young (76800K), 10 survivors (10240K)
 Metaspace       used 126074K, capacity 130538K, committed 130640K, reserved 1163264K
  class space    used 15480K, capacity 17222K, committed 17312K, reserved 1048576K
}
Event: 4277.314 GC heap after
{Heap after GC invocations=152 (full 0):
 garbage-first heap   total 368640K, used 286456K [0x0000000080000000, 0x0000000100000000)
  region size 1024K, 10 young (10240K), 10 survivors (10240K)
 Metaspace       used 126074K, capacity 130538K, committed 130640K, reserved 1163264K
  class space    used 15480K, capacity 17222K, committed 17312K, reserved 1048576K
}
Event: 4277.668 GC heap before
{Heap before GC invocations=152 (full 0):
 garbage-first heap   total 368640K, used 311032K [0x0000000080000000, 0x0000000100000000)
  region size 1024K, 35 young (35840K), 10 survivors (10240K)
 Metaspace       used 126138K, capacity 130612K, committed 130896K, reserved 1163264K
  class space    used 15480K, capacity 17222K, committed 17312K, reserved 1048576K
}
Event: 4277.709 GC heap after
{Heap after GC invocations=153 (full 0):
 garbage-first heap   total 368640K, used 292258K [0x0000000080000000, 0x0000000100000000)
  region size 1024K, 5 young (5120K), 5 survivors (5120K)
 Metaspace       used 126138K, capacity 130612K, committed 130896K, reserved 1163264K
  class space    used 15480K, capacity 17222K, committed 17312K, reserved 1048576K
}
Event: 4277.999 GC heap before
{Heap before GC invocations=153 (full 0):
 garbage-first heap   total 368640K, used 313762K [0x0000000080000000, 0x0000000100000000)
  region size 1024K, 27 young (27648K), 5 survivors (5120K)
 Metaspace       used 126144K, capacity 130676K, committed 130896K, reserved 1163264K
  class space    used 15480K, capacity 17222K, committed 17312K, reserved 1048576K
}
Event: 4278.019 GC heap after
{Heap after GC invocations=154 (full 0):
 garbage-first heap   total 368640K, used 295257K [0x0000000080000000, 0x0000000100000000)
  region size 1024K, 3 young (3072K), 3 survivors (3072K)
 Metaspace       used 126144K, capacity 130676K, committed 130896K, reserved 1163264K
  class space    used 15480K, capacity 17222K, committed 17312K, reserved 1048576K
}
Event: 4278.430 GC heap before
{Heap before GC invocations=155 (full 0):
 garbage-first heap   total 368640K, used 287065K [0x0000000080000000, 0x0000000100000000)
  region size 1024K, 25 young (25600K), 3 survivors (3072K)
 Metaspace       used 125041K, capacity 128948K, committed 130896K, reserved 1163264K
  class space    used 15110K, capacity 16548K, committed 17312K, reserved 1048576K
}

